Log file open, 02/21/20 13:24:54
LogWindows: Failed to load 'aqProf.dll' (GetLastError=126)
LogWindows: File 'aqProf.dll' does not exist
LogWindows: Failed to load 'VtuneApi.dll' (GetLastError=126)
LogWindows: File 'VtuneApi.dll' does not exist
LogWindows: Failed to load 'VtuneApi32e.dll' (GetLastError=126)
LogWindows: File 'VtuneApi32e.dll' does not exist
LogConsoleResponse: Display: Failed to find resolution value strings in scalability ini. Falling back to default.
LogInit: Display: Running engine for game: CelestialPioneers
LogPlatformFile: Not using cached read wrapper
LogTaskGraph: Started task graph with 5 named threads and 35 total threads with 3 sets of task threads.
LogStats: Stats thread started at 0.062391
LogD3D11RHI: Loaded GFSDK_Aftermath_Lib.x64.dll
LogICUInternationalization: ICU TimeZone Detection - Raw Offset: -6:00, Platform Override: ''
LogPluginManager: Mounting plugin Paper2D
LogPluginManager: Mounting plugin AISupport
LogPluginManager: Mounting plugin LightPropagationVolume
LogPluginManager: Mounting plugin ActorLayerUtilities
LogPluginManager: Mounting plugin AnimationSharing
LogPluginManager: Mounting plugin CLionSourceCodeAccess
LogPluginManager: Mounting plugin CodeLiteSourceCodeAccess
LogPluginManager: Mounting plugin GitSourceControl
LogPluginManager: Mounting plugin KDevelopSourceCodeAccess
LogPluginManager: Mounting plugin NullSourceCodeAccess
LogPluginManager: Mounting plugin PerforceSourceControl
LogPluginManager: Mounting plugin SubversionSourceControl
LogPluginManager: Mounting plugin UObjectPlugin
LogPluginManager: Mounting plugin VisualStudioCodeSourceCodeAccess
LogPluginManager: Mounting plugin VisualStudioSourceCodeAccess
LogPluginManager: Mounting plugin XCodeSourceCodeAccess
LogPluginManager: Mounting plugin AssetManagerEditor
LogPluginManager: Mounting plugin CryptoKeys
LogPluginManager: Mounting plugin CurveEditorTools
LogPluginManager: Mounting plugin DataValidation
LogPluginManager: Mounting plugin FacialAnimation
LogPluginManager: Mounting plugin GameplayTagsEditor
LogPluginManager: Mounting plugin MacGraphicsSwitching
LogPluginManager: Mounting plugin MaterialAnalyzer
LogPluginManager: Mounting plugin MobileLauncherProfileWizard
LogPluginManager: Mounting plugin PluginBrowser
LogPluginManager: Mounting plugin SpeedTreeImporter
LogPluginManager: Mounting plugin DatasmithContent
LogPluginManager: Mounting plugin VariantManagerContent
LogPluginManager: Mounting plugin AlembicImporter
LogPluginManager: Mounting plugin AutomationUtils
LogPluginManager: Mounting plugin BackChannel
LogPluginManager: Mounting plugin CharacterAI
LogPluginManager: Mounting plugin GeometryCache
LogPluginManager: Mounting plugin HTML5Networking
LogPluginManager: Mounting plugin PlatformCrypto
LogPluginManager: Mounting plugin ProxyLODPlugin
LogPluginManager: Mounting plugin SkeletalReduction
LogPluginManager: Mounting plugin MagicLeap
LogPluginManager: Mounting plugin MagicLeapMedia
LogPluginManager: Mounting plugin AndroidMedia
LogPluginManager: Mounting plugin AvfMedia
LogPluginManager: Mounting plugin ImgMedia
LogPluginManager: Mounting plugin MediaCompositing
LogPluginManager: Mounting plugin MediaPlayerEditor
LogPluginManager: Mounting plugin WebMMedia
LogPluginManager: Mounting plugin WmfMedia
LogPluginManager: Mounting plugin TcpMessaging
LogPluginManager: Mounting plugin UdpMessaging
LogPluginManager: Mounting plugin ActorSequence
LogPluginManager: Mounting plugin LevelSequenceEditor
LogPluginManager: Mounting plugin MatineeToLevelSequence
LogPluginManager: Mounting plugin NetcodeUnitTest
LogPluginManager: Mounting plugin NUTUnrealEngine4
LogPluginManager: Mounting plugin OnlineSubsystemGooglePlay
LogPluginManager: Mounting plugin OnlineSubsystemIOS
LogPluginManager: Mounting plugin OnlineSubsystem
LogPluginManager: Mounting plugin OnlineSubsystemNull
LogPluginManager: Mounting plugin OnlineSubsystemUtils
LogPluginManager: Mounting plugin LauncherChunkInstaller
LogPluginManager: Mounting plugin AndroidDeviceProfileSelector
LogPluginManager: Mounting plugin AndroidMoviePlayer
LogPluginManager: Mounting plugin AndroidPermission
LogPluginManager: Mounting plugin AppleImageUtils
LogPluginManager: Mounting plugin AppleMoviePlayer
LogPluginManager: Mounting plugin ArchVisCharacter
LogPluginManager: Mounting plugin AudioCapture
LogPluginManager: Mounting plugin CableComponent
LogPluginManager: Mounting plugin CustomMeshComponent
LogPluginManager: Mounting plugin EditableMesh
LogPluginManager: Mounting plugin ExampleDeviceProfileSelector
LogPluginManager: Mounting plugin GoogleCloudMessaging
LogPluginManager: Mounting plugin IOSDeviceProfileSelector
LogPluginManager: Mounting plugin LinuxDeviceProfileSelector
LogPluginManager: Mounting plugin LocationServicesBPLibrary
LogPluginManager: Mounting plugin MobilePatchingUtils
LogPluginManager: Mounting plugin OculusVR
LogPluginManager: Mounting plugin PhysXVehicles
LogPluginManager: Mounting plugin ProceduralMeshComponent
LogPluginManager: Mounting plugin RuntimePhysXCooking
LogPluginManager: Mounting plugin SignificanceManager
LogPluginManager: Mounting plugin SteamVR
LogPluginManager: Mounting plugin WebMMoviePlayer
LogPluginManager: Mounting plugin WindowsMoviePlayer
LogPluginManager: Mounting plugin ScreenshotTools
LogInit: Using libcurl 7.55.1-DEV
LogInit:  - built for x86_64-pc-win32
LogInit:  - supports SSL with OpenSSL/1.1.1
LogInit:  - supports HTTP deflate (compression) using libz 1.2.8
LogInit:  - other features:
LogInit:      CURL_VERSION_SSL
LogInit:      CURL_VERSION_LIBZ
LogInit:      CURL_VERSION_IPV6
LogInit:      CURL_VERSION_ASYNCHDNS
LogInit:      CURL_VERSION_LARGEFILE
LogInit:      CURL_VERSION_IDN
LogInit:  CurlRequestOptions (configurable via config and command line):
LogInit:  - bVerifyPeer = true  - Libcurl will verify peer certificate
LogInit:  - bUseHttpProxy = false  - Libcurl will NOT use HTTP proxy
LogInit:  - bDontReuseConnections = false  - Libcurl will reuse connections
LogInit:  - MaxHostConnections = 16  - Libcurl will limit the number of connections to a host
LogInit:  - LocalHostAddr = Default
LogInit:  - BufferSize = 65536
LogOnline: OSS: Creating online subsystem instance for: NULL
LogInit: WinSock: version 1.1 (2.2), MaxSocks=32767, MaxUdp=65467
LogInit: Build: ++UE4+Release-4.23-CL-9631420
LogInit: Engine Version: 4.23.1-9631420+++UE4+Release-4.23
LogInit: Compatible Engine Version: 4.23.0-8386587+++UE4+Release-4.23
LogInit: Net CL: 8386587
LogInit: OS: Windows 10 (Release 1809) (), CPU: Intel(R) Core(TM) i7-8700K CPU @ 3.70GHz, GPU: Radeon Pro WX 7100
LogInit: Compiled (64-bit): Oct 18 2019 02:07:44
LogInit: Compiled with Visual C++: 19.16.27030.01
LogInit: Build Configuration: Development
LogInit: Branch Name: ++UE4+Release-4.23
LogInit: Command Line: 
LogInit: Base Directory: C:/Program Files/Epic Games/UE_4.23/Engine/Binaries/Win64/
LogInit: Installed Engine Build: 1
LogDevObjectVersion: Number of dev versions registered: 23
LogDevObjectVersion:   Dev-Blueprints (B0D832E4-1F89-4F0D-ACCF-7EB736FD4AA2): 10
LogDevObjectVersion:   Dev-Build (E1C64328-A22C-4D53-A36C-8E866417BD8C): 0
LogDevObjectVersion:   Dev-Core (375EC13C-06E4-48FB-B500-84F0262A717E): 3
LogDevObjectVersion:   Dev-Editor (E4B068ED-F494-42E9-A231-DA0B2E46BB41): 34
LogDevObjectVersion:   Dev-Framework (CFFC743F-43B0-4480-9391-14DF171D2073): 35
LogDevObjectVersion:   Dev-Mobile (B02B49B5-BB20-44E9-A304-32B752E40360): 2
LogDevObjectVersion:   Dev-Networking (A4E4105C-59A1-49B5-A7C5-40C4547EDFEE): 0
LogDevObjectVersion:   Dev-Online (39C831C9-5AE6-47DC-9A44-9C173E1C8E7C): 0
LogDevObjectVersion:   Dev-Physics (78F01B33-EBEA-4F98-B9B4-84EACCB95AA2): 0
LogDevObjectVersion:   Dev-Platform (6631380F-2D4D-43E0-8009-CF276956A95A): 0
LogDevObjectVersion:   Dev-Rendering (12F88B9F-8875-4AFC-A67C-D90C383ABD29): 31
LogDevObjectVersion:   Dev-Sequencer (7B5AE74C-D270-4C10-A958-57980B212A5A): 11
LogDevObjectVersion:   Dev-VR (D7296918-1DD6-4BDD-9DE2-64A83CC13884): 2
LogDevObjectVersion:   Dev-LoadTimes (C2A15278-BFE7-4AFE-6C17-90FF531DF755): 1
LogDevObjectVersion:   Private-Geometry (6EACA3D4-40EC-4CC1-B786-8BED09428FC5): 3
LogDevObjectVersion:   Dev-AnimPhys (29E575DD-E0A3-4627-9D10-D276232CDCEA): 17
LogDevObjectVersion:   Dev-Anim (AF43A65D-7FD3-4947-9873-3E8ED9C1BB05): 2
LogDevObjectVersion:   Dev-ReflectionCapture (6B266CEC-1EC7-4B8F-A30B-E4D90942FC07): 1
LogDevObjectVersion:   Dev-Automation (0DF73D61-A23F-47EA-B727-89E90C41499A): 1
LogDevObjectVersion:   FortniteMain (601D1886-AC64-4F84-AA16-D3DE0DEAC7D6): 27
LogDevObjectVersion:   Dev-Enterprise (9DFFBCD6-494F-0158-E221-12823C92A888): 6
LogDevObjectVersion:   Dev-Niagara (F2AED0AC-9AFE-416F-8664-AA7FFA26D6FC): 1
LogDevObjectVersion:   Dev-Destruction (174F1F0B-B4C6-45A5-B13F-2EE8D0FB917D): 9
LogInit: Presizing for max 16777216 objects, including 0 objects not considered by GC, pre-allocating 0 bytes for permanent pool.
LogInit: Object subsystem initialized
LogConfig: Setting CVar [[con.DebugEarlyDefault:1]]
LogConfig: Setting CVar [[r.setres:1280x720]]
[2020.02.21-19.24.55:321][  0]LogConfig: Setting CVar [[r.VSync:0]]
[2020.02.21-19.24.55:321][  0]LogConfig: Setting CVar [[r.RHICmdBypass:0]]
[2020.02.21-19.24.55:321][  0]LogConfig: Applying CVar settings from Section [/Script/Engine.RendererSettings] File [C:/Users/207249/Desktop/CelestialPioneer/CelestialPioneers/Saved/Config/Windows/Engine.ini]
[2020.02.21-19.24.55:321][  0]LogConfig: Setting CVar [[r.GPUCrashDebugging:0]]
[2020.02.21-19.24.55:321][  0]LogConfig: Setting CVar [[r.MobileHDR:1]]
[2020.02.21-19.24.55:321][  0]LogConfig: Setting CVar [[r.Mobile.DisableVertexFog:1]]
[2020.02.21-19.24.55:321][  0]LogConfig: Setting CVar [[r.Shadow.CSM.MaxMobileCascades:2]]
[2020.02.21-19.24.55:321][  0]LogConfig: Setting CVar [[r.MobileMSAA:1]]
[2020.02.21-19.24.55:322][  0]LogConfig: Setting CVar [[r.Mobile.UseLegacyShadingModel:0]]
[2020.02.21-19.24.55:322][  0]LogConfig: Setting CVar [[r.Mobile.UseHWsRGBEncoding:0]]
[2020.02.21-19.24.55:322][  0]LogConfig: Setting CVar [[r.Mobile.AllowDitheredLODTransition:0]]
[2020.02.21-19.24.55:322][  0]LogConfig: Setting CVar [[r.Mobile.AllowSoftwareOcclusion:0]]
[2020.02.21-19.24.55:322][  0]LogConfig: Setting CVar [[r.DiscardUnusedQuality:0]]
[2020.02.21-19.24.55:322][  0]LogConfig: Setting CVar [[r.AllowOcclusionQueries:1]]
[2020.02.21-19.24.55:322][  0]LogConfig: Setting CVar [[r.MinScreenRadiusForLights:0.030000]]
[2020.02.21-19.24.55:322][  0]LogConfig: Setting CVar [[r.MinScreenRadiusForDepthPrepass:0.030000]]
[2020.02.21-19.24.55:322][  0]LogConfig: Setting CVar [[r.MinScreenRadiusForCSMDepth:0.010000]]
[2020.02.21-19.24.55:322][  0]LogConfig: Setting CVar [[r.PrecomputedVisibilityWarning:0]]
[2020.02.21-19.24.55:322][  0]LogConfig: Setting CVar [[r.TextureStreaming:1]]
[2020.02.21-19.24.55:322][  0]LogConfig: Setting CVar [[Compat.UseDXT5NormalMaps:0]]
[2020.02.21-19.24.55:322][  0]LogConfig: Setting CVar [[r.VirtualTextures:0]]
[2020.02.21-19.24.55:322][  0]LogConfig: Setting CVar [[r.VirtualTexturedLightmaps:0]]
[2020.02.21-19.24.55:322][  0]LogConfig: Setting CVar [[r.VT.TileSize:128]]
[2020.02.21-19.24.55:322][  0]LogConfig: Setting CVar [[r.VT.TileBorderSize:4]]
[2020.02.21-19.24.55:322][  0]LogConfig: Setting CVar [[r.vt.FeedbackFactor:16]]
[2020.02.21-19.24.55:322][  0]LogConfig: Setting CVar [[r.VT.EnableCompressZlib:1]]
[2020.02.21-19.24.55:322][  0]LogConfig: Setting CVar [[r.VT.EnableCompressCrunch:0]]
[2020.02.21-19.24.55:322][  0]LogConfig: Setting CVar [[r.ClearCoatNormal:0]]
[2020.02.21-19.24.55:322][  0]LogConfig: Setting CVar [[r.ReflectionCaptureResolution:128]]
[2020.02.21-19.24.55:322][  0]LogConfig: Setting CVar [[r.ReflectionEnvironmentLightmapMixBasedOnRoughness:1]]
[2020.02.21-19.24.55:322][  0]LogConfig: Setting CVar [[r.ForwardShading:0]]
[2020.02.21-19.24.55:322][  0]LogConfig: Setting CVar [[r.VertexFoggingForOpaque:1]]
[2020.02.21-19.24.55:322][  0]LogConfig: Setting CVar [[r.AllowStaticLighting:1]]
[2020.02.21-19.24.55:322][  0]LogConfig: Setting CVar [[r.NormalMapsForStaticLighting:0]]
[2020.02.21-19.24.55:322][  0]LogConfig: Setting CVar [[r.GenerateMeshDistanceFields:0]]
[2020.02.21-19.24.55:322][  0]LogConfig: Setting CVar [[r.DistanceFieldBuild.EightBit:0]]
[2020.02.21-19.24.55:322][  0]LogConfig: Setting CVar [[r.GenerateLandscapeGIData:0]]
[2020.02.21-19.24.55:322][  0]LogConfig: Setting CVar [[r.DistanceFieldBuild.Compress:0]]
[2020.02.21-19.24.55:322][  0]LogConfig: Setting CVar [[r.TessellationAdaptivePixelsPerTriangle:48.000000]]
[2020.02.21-19.24.55:322][  0]LogConfig: Setting CVar [[r.SeparateTranslucency:1]]
[2020.02.21-19.24.55:322][  0]LogConfig: Setting CVar [[r.TranslucentSortPolicy:0]]
[2020.02.21-19.24.55:322][  0]LogConfig: Setting CVar [[r.CustomDepth:1]]
[2020.02.21-19.24.55:322][  0]LogConfig: Setting CVar [[r.CustomDepthTemporalAAJitter:1]]
[2020.02.21-19.24.55:322][  0]LogConfig: Setting CVar [[r.PostProcessing.PropagateAlpha:0]]
[2020.02.21-19.24.55:322][  0]LogConfig: Setting CVar [[r.DefaultFeature.Bloom:1]]
[2020.02.21-19.24.55:322][  0]LogConfig: Setting CVar [[r.DefaultFeature.AmbientOcclusion:1]]
[2020.02.21-19.24.55:322][  0]LogConfig: Setting CVar [[r.DefaultFeature.AmbientOcclusionStaticFraction:1]]
[2020.02.21-19.24.55:322][  0]LogConfig: Setting CVar [[r.DefaultFeature.AutoExposure:0]]
[2020.02.21-19.24.55:322][  0]LogConfig: Setting CVar [[r.DefaultFeature.AutoExposure.Method:0]]
[2020.02.21-19.24.55:322][  0]LogConfig: Setting CVar [[r.DefaultFeature.AutoExposure.ExtendDefaultLuminanceRange:1]]
[2020.02.21-19.24.55:322][  0]LogConfig: Setting CVar [[r.UsePreExposure:1]]
[2020.02.21-19.24.55:322][  0]LogConfig: Setting CVar [[r.EyeAdaptation.EditorOnly:1]]
[2020.02.21-19.24.55:322][  0]LogConfig: Setting CVar [[r.DefaultFeature.MotionBlur:0]]
[2020.02.21-19.24.55:322][  0]LogConfig: Setting CVar [[r.DefaultFeature.LensFlare:0]]
[2020.02.21-19.24.55:322][  0]LogConfig: Setting CVar [[r.TemporalAA.Upsampling:0]]
[2020.02.21-19.24.55:322][  0]LogConfig: Setting CVar [[r.DefaultFeature.AntiAliasing:0]]
[2020.02.21-19.24.55:322][  0]LogConfig: Setting CVar [[r.DefaultFeature.LightUnits:1]]
[2020.02.21-19.24.55:322][  0]LogConfig: Setting CVar [[r.DefaultBackBufferPixelFormat:4]]
[2020.02.21-19.24.55:322][  0]LogConfig: Setting CVar [[r.Shadow.UnbuiltPreviewInGame:1]]
[2020.02.21-19.24.55:322][  0]LogConfig: Setting CVar [[r.StencilForLODDither:0]]
[2020.02.21-19.24.55:322][  0]LogConfig: Setting CVar [[r.EarlyZPass:3]]
[2020.02.21-19.24.55:322][  0]LogConfig: Setting CVar [[r.EarlyZPassOnlyMaterialMasking:0]]
[2020.02.21-19.24.55:322][  0]LogConfig: Setting CVar [[r.DBuffer:1]]
[2020.02.21-19.24.55:322][  0]LogConfig: Setting CVar [[r.ClearSceneMethod:1]]
[2020.02.21-19.24.55:322][  0]LogConfig: Setting CVar [[r.BasePassOutputsVelocity:0]]
[2020.02.21-19.24.55:322][  0]LogConfig: Setting CVar [[r.SelectiveBasePassOutputs:0]]
[2020.02.21-19.24.55:322][  0]LogConfig: Setting CVar [[fx.GPUSimulationTextureSizeX:1024]]
[2020.02.21-19.24.55:322][  0]LogConfig: Setting CVar [[fx.GPUSimulationTextureSizeY:1024]]
[2020.02.21-19.24.55:322][  0]LogConfig: Setting CVar [[r.AllowGlobalClipPlane:0]]
[2020.02.21-19.24.55:322][  0]LogConfig: Setting CVar [[r.GBufferFormat:1]]
[2020.02.21-19.24.55:322][  0]LogConfig: Setting CVar [[r.MorphTarget.Mode:1]]
[2020.02.21-19.24.55:322][  0]LogConfig: Setting CVar [[vr.InstancedStereo:0]]
[2020.02.21-19.24.55:322][  0]LogConfig: Setting CVar [[vr.MultiView:0]]
[2020.02.21-19.24.55:322][  0]LogConfig: Setting CVar [[vr.MobileMultiView:0]]
[2020.02.21-19.24.55:322][  0]LogConfig: Setting CVar [[vr.MobileMultiView.Direct:0]]
[2020.02.21-19.24.55:322][  0]LogConfig: Setting CVar [[vr.RoundRobinOcclusion:0]]
[2020.02.21-19.24.55:322][  0]LogConfig: Setting CVar [[vr.ODSCapture:0]]
[2020.02.21-19.24.55:322][  0]LogConfig: Setting CVar [[r.WireframeCullThreshold:5.000000]]
[2020.02.21-19.24.55:322][  0]LogConfig: Setting CVar [[r.RayTracing:0]]
[2020.02.21-19.24.55:322][  0]LogConfig: Setting CVar [[r.SupportStationarySkylight:1]]
[2020.02.21-19.24.55:322][  0]LogConfig: Setting CVar [[r.SupportLowQualityLightmaps:1]]
[2020.02.21-19.24.55:322][  0]LogConfig: Setting CVar [[r.SupportPointLightWholeSceneShadows:1]]
[2020.02.21-19.24.55:322][  0]LogConfig: Setting CVar [[r.SupportAtmosphericFog:1]]
[2020.02.21-19.24.55:322][  0]LogConfig: Setting CVar [[r.SkinCache.CompileShaders:0]]
[2020.02.21-19.24.55:322][  0]LogConfig: Setting CVar [[r.Mobile.EnableStaticAndCSMShadowReceivers:1]]
[2020.02.21-19.24.55:322][  0]LogConfig: Setting CVar [[r.Mobile.EnableMovableLightCSMShaderCulling:1]]
[2020.02.21-19.24.55:322][  0]LogConfig: Setting CVar [[r.Mobile.AllowDistanceFieldShadows:1]]
[2020.02.21-19.24.55:322][  0]LogConfig: Setting CVar [[r.Mobile.AllowMovableDirectionalLights:1]]
[2020.02.21-19.24.55:322][  0]LogConfig: Setting CVar [[r.MobileNumDynamicPointLights:4]]
[2020.02.21-19.24.55:322][  0]LogConfig: Setting CVar [[r.MobileDynamicPointLightsUseStaticBranch:1]]
[2020.02.21-19.24.55:322][  0]LogConfig: Setting CVar [[r.Mobile.EnableMovableSpotlights:0]]
[2020.02.21-19.24.55:322][  0]LogConfig: Setting CVar [[r.SkinCache.SceneMemoryLimitInMB:128.000000]]
[2020.02.21-19.24.55:322][  0]LogConfig: Setting CVar [[r.GPUSkin.Limit2BoneInfluences:0]]
[2020.02.21-19.24.55:322][  0]LogConfig: Setting CVar [[r.SupportDepthOnlyIndexBuffers:1]]
[2020.02.21-19.24.55:322][  0]LogConfig: Setting CVar [[r.SupportReversedIndexBuffers:1]]
[2020.02.21-19.24.55:322][  0]LogConfig: Setting CVar [[r.SupportMaterialLayers:0]]
[2020.02.21-19.24.55:322][  0]LogConfig: Applying CVar settings from Section [/Script/Engine.RendererOverrideSettings] File [C:/Users/207249/Desktop/CelestialPioneer/CelestialPioneers/Saved/Config/Windows/Engine.ini]
[2020.02.21-19.24.55:322][  0]LogConfig: Applying CVar settings from Section [/Script/Engine.StreamingSettings] File [C:/Users/207249/Desktop/CelestialPioneer/CelestialPioneers/Saved/Config/Windows/Engine.ini]
[2020.02.21-19.24.55:322][  0]LogConfig: Setting CVar [[s.MinBulkDataSizeForAsyncLoading:131072]]
[2020.02.21-19.24.55:322][  0]LogConfig: Setting CVar [[s.AsyncLoadingThreadEnabled:0]]
[2020.02.21-19.24.55:322][  0]LogConfig: Setting CVar [[s.EventDrivenLoaderEnabled:1]]
[2020.02.21-19.24.55:322][  0]LogConfig: Setting CVar [[s.WarnIfTimeLimitExceeded:0]]
[2020.02.21-19.24.55:322][  0]LogConfig: Setting CVar [[s.TimeLimitExceededMultiplier:1.5]]
[2020.02.21-19.24.55:322][  0]LogConfig: Setting CVar [[s.TimeLimitExceededMinTime:0.005]]
[2020.02.21-19.24.55:323][  0]LogConfig: Setting CVar [[s.UseBackgroundLevelStreaming:1]]
[2020.02.21-19.24.55:323][  0]LogConfig: Setting CVar [[s.PriorityAsyncLoadingExtraTime:15.0]]
[2020.02.21-19.24.55:323][  0]LogConfig: Setting CVar [[s.LevelStreamingActorsUpdateTimeLimit:5.0]]
[2020.02.21-19.24.55:323][  0]LogConfig: Setting CVar [[s.PriorityLevelStreamingActorsUpdateExtraTime:5.0]]
[2020.02.21-19.24.55:323][  0]LogConfig: Setting CVar [[s.LevelStreamingComponentsRegistrationGranularity:10]]
[2020.02.21-19.24.55:323][  0]LogConfig: Setting CVar [[s.UnregisterComponentsTimeLimit:1.0]]
[2020.02.21-19.24.55:323][  0]LogConfig: Setting CVar [[s.LevelStreamingComponentsUnregistrationGranularity:5]]
[2020.02.21-19.24.55:323][  0]LogConfig: Applying CVar settings from Section [/Script/Engine.GarbageCollectionSettings] File [C:/Users/207249/Desktop/CelestialPioneer/CelestialPioneers/Saved/Config/Windows/Engine.ini]
[2020.02.21-19.24.55:323][  0]LogConfig: Setting CVar [[gc.MaxObjectsNotConsideredByGC:1]]
[2020.02.21-19.24.55:323][  0]LogConfig: Setting CVar [[gc.SizeOfPermanentObjectPool:0]]
[2020.02.21-19.24.55:323][  0]LogConfig: Setting CVar [[gc.FlushStreamingOnGC:0]]
[2020.02.21-19.24.55:323][  0]LogConfig: Setting CVar [[gc.NumRetriesBeforeForcingGC:10]]
[2020.02.21-19.24.55:323][  0]LogConfig: Setting CVar [[gc.AllowParallelGC:1]]
[2020.02.21-19.24.55:323][  0]LogConfig: Setting CVar [[gc.TimeBetweenPurgingPendingKillObjects:61.1]]
[2020.02.21-19.24.55:323][  0]LogConfig: Setting CVar [[gc.MaxObjectsInEditor:16777216]]
[2020.02.21-19.24.55:323][  0]LogConfig: Setting CVar [[gc.IncrementalBeginDestroyEnabled:1]]
[2020.02.21-19.24.55:323][  0]LogConfig: Setting CVar [[gc.CreateGCClusters:1]]
[2020.02.21-19.24.55:323][  0]LogConfig: Setting CVar [[gc.MinGCClusterSize:5]]
[2020.02.21-19.24.55:323][  0]LogConfig: Setting CVar [[gc.ActorClusteringEnabled:0]]
[2020.02.21-19.24.55:323][  0]LogConfig: Setting CVar [[gc.BlueprintClusteringEnabled:0]]
[2020.02.21-19.24.55:323][  0]LogConfig: Setting CVar [[gc.UseDisregardForGCOnDedicatedServers:0]]
[2020.02.21-19.24.55:323][  0]LogConfig: Applying CVar settings from Section [/Script/Engine.NetworkSettings] File [C:/Users/207249/Desktop/CelestialPioneer/CelestialPioneers/Saved/Config/Windows/Engine.ini]
[2020.02.21-19.24.55:323][  0]LogConfig: Applying CVar settings from Section [/Script/UnrealEd.CookerSettings] File [C:/Users/207249/Desktop/CelestialPioneer/CelestialPioneers/Saved/Config/Windows/Engine.ini]
[2020.02.21-19.24.55:325][  0]LogConfig: Applying CVar settings from Section [ViewDistanceQuality@3] File [C:/Users/207249/Desktop/CelestialPioneer/CelestialPioneers/Saved/Config/Windows/Scalability.ini]
[2020.02.21-19.24.55:325][  0]LogConfig: Setting CVar [[r.SkeletalMeshLODBias:0]]
[2020.02.21-19.24.55:325][  0]LogConfig: Setting CVar [[r.ViewDistanceScale:1.0]]
[2020.02.21-19.24.55:325][  0]LogConfig: Applying CVar settings from Section [AntiAliasingQuality@3] File [C:/Users/207249/Desktop/CelestialPioneer/CelestialPioneers/Saved/Config/Windows/Scalability.ini]
[2020.02.21-19.24.55:325][  0]LogConfig: Setting CVar [[r.PostProcessAAQuality:4]]
[2020.02.21-19.24.55:325][  0]LogConfig: Applying CVar settings from Section [ShadowQuality@3] File [C:/Users/207249/Desktop/CelestialPioneer/CelestialPioneers/Saved/Config/Windows/Scalability.ini]
[2020.02.21-19.24.55:325][  0]LogConfig: Setting CVar [[r.LightFunctionQuality:1]]
[2020.02.21-19.24.55:325][  0]LogConfig: Setting CVar [[r.ShadowQuality:5]]
[2020.02.21-19.24.55:325][  0]LogConfig: Setting CVar [[r.Shadow.CSM.MaxCascades:10]]
[2020.02.21-19.24.55:325][  0]LogConfig: Setting CVar [[r.Shadow.MaxResolution:2048]]
[2020.02.21-19.24.55:325][  0]LogConfig: Setting CVar [[r.Shadow.MaxCSMResolution:2048]]
[2020.02.21-19.24.55:326][  0]LogConfig: Setting CVar [[r.Shadow.RadiusThreshold:0.01]]
[2020.02.21-19.24.55:326][  0]LogConfig: Setting CVar [[r.Shadow.DistanceScale:1.0]]
[2020.02.21-19.24.55:326][  0]LogConfig: Setting CVar [[r.Shadow.CSM.TransitionScale:1.0]]
[2020.02.21-19.24.55:326][  0]LogConfig: Setting CVar [[r.Shadow.PreShadowResolutionFactor:1.0]]
[2020.02.21-19.24.55:326][  0]LogConfig: Setting CVar [[r.DistanceFieldShadowing:1]]
[2020.02.21-19.24.55:326][  0]LogConfig: Setting CVar [[r.DistanceFieldAO:1]]
[2020.02.21-19.24.55:326][  0]LogConfig: Setting CVar [[r.AOQuality:2]]
[2020.02.21-19.24.55:326][  0]LogConfig: Setting CVar [[r.VolumetricFog:1]]
[2020.02.21-19.24.55:326][  0]LogConfig: Setting CVar [[r.VolumetricFog.GridPixelSize:8]]
[2020.02.21-19.24.55:326][  0]LogConfig: Setting CVar [[r.VolumetricFog.GridSizeZ:128]]
[2020.02.21-19.24.55:326][  0]LogConfig: Setting CVar [[r.VolumetricFog.HistoryMissSupersampleCount:4]]
[2020.02.21-19.24.55:326][  0]LogConfig: Setting CVar [[r.LightMaxDrawDistanceScale:1]]
[2020.02.21-19.24.55:326][  0]LogConfig: Setting CVar [[r.CapsuleShadows:1]]
[2020.02.21-19.24.55:326][  0]LogConfig: Applying CVar settings from Section [PostProcessQuality@3] File [C:/Users/207249/Desktop/CelestialPioneer/CelestialPioneers/Saved/Config/Windows/Scalability.ini]
[2020.02.21-19.24.55:326][  0]LogConfig: Setting CVar [[r.MotionBlurQuality:4]]
[2020.02.21-19.24.55:326][  0]LogConfig: Setting CVar [[r.AmbientOcclusionMipLevelFactor:0.4]]
[2020.02.21-19.24.55:326][  0]LogConfig: Setting CVar [[r.AmbientOcclusionMaxQuality:100]]
[2020.02.21-19.24.55:326][  0]LogConfig: Setting CVar [[r.AmbientOcclusionLevels:-1]]
[2020.02.21-19.24.55:326][  0]LogConfig: Setting CVar [[r.AmbientOcclusionRadiusScale:1.0]]
[2020.02.21-19.24.55:326][  0]LogConfig: Setting CVar [[r.DepthOfFieldQuality:2]]
[2020.02.21-19.24.55:326][  0]LogConfig: Setting CVar [[r.RenderTargetPoolMin:400]]
[2020.02.21-19.24.55:326][  0]LogConfig: Setting CVar [[r.LensFlareQuality:2]]
[2020.02.21-19.24.55:326][  0]LogConfig: Setting CVar [[r.SceneColorFringeQuality:1]]
[2020.02.21-19.24.55:326][  0]LogConfig: Setting CVar [[r.EyeAdaptationQuality:2]]
[2020.02.21-19.24.55:326][  0]LogConfig: Setting CVar [[r.BloomQuality:5]]
[2020.02.21-19.24.55:326][  0]LogConfig: Setting CVar [[r.FastBlurThreshold:100]]
[2020.02.21-19.24.55:326][  0]LogConfig: Setting CVar [[r.Upscale.Quality:3]]
[2020.02.21-19.24.55:326][  0]LogConfig: Setting CVar [[r.Tonemapper.GrainQuantization:1]]
[2020.02.21-19.24.55:326][  0]LogConfig: Setting CVar [[r.LightShaftQuality:1]]
[2020.02.21-19.24.55:326][  0]LogConfig: Setting CVar [[r.Filter.SizeScale:1]]
[2020.02.21-19.24.55:326][  0]LogConfig: Setting CVar [[r.Tonemapper.Quality:5]]
[2020.02.21-19.24.55:326][  0]LogConfig: Setting CVar [[r.DOF.Gather.AccumulatorQuality:1        ; higher gathering accumulator quality]]
[2020.02.21-19.24.55:326][  0]LogConfig: Setting CVar [[r.DOF.Gather.PostfilterMethod:1          ; Median3x3 postfilering method]]
[2020.02.21-19.24.55:326][  0]LogConfig: Setting CVar [[r.DOF.Gather.EnableBokehSettings:0       ; no bokeh simulation when gathering]]
[2020.02.21-19.24.55:326][  0]LogConfig: Setting CVar [[r.DOF.Gather.RingCount:4                 ; medium number of samples when gathering]]
[2020.02.21-19.24.55:326][  0]LogConfig: Setting CVar [[r.DOF.Scatter.ForegroundCompositing:1    ; additive foreground scattering]]
[2020.02.21-19.24.55:326][  0]LogConfig: Setting CVar [[r.DOF.Scatter.BackgroundCompositing:2    ; additive background scattering]]
[2020.02.21-19.24.55:326][  0]LogConfig: Setting CVar [[r.DOF.Scatter.EnableBokehSettings:1      ; bokeh simulation when scattering]]
[2020.02.21-19.24.55:326][  0]LogConfig: Setting CVar [[r.DOF.Scatter.MaxSpriteRatio:0.1         ; only a maximum of 10% of scattered bokeh]]
[2020.02.21-19.24.55:326][  0]LogConfig: Setting CVar [[r.DOF.Recombine.Quality:1                ; cheap slight out of focus]]
[2020.02.21-19.24.55:326][  0]LogConfig: Setting CVar [[r.DOF.Recombine.EnableBokehSettings:0    ; no bokeh simulation on slight out of focus]]
[2020.02.21-19.24.55:326][  0]LogConfig: Setting CVar [[r.DOF.TemporalAAQuality:1                ; more stable temporal accumulation]]
[2020.02.21-19.24.55:326][  0]LogConfig: Setting CVar [[r.DOF.Kernel.MaxForegroundRadius:0.025]]
[2020.02.21-19.24.55:326][  0]LogConfig: Setting CVar [[r.DOF.Kernel.MaxBackgroundRadius:0.025]]
[2020.02.21-19.24.55:326][  0]LogConfig: Applying CVar settings from Section [TextureQuality@3] File [C:/Users/207249/Desktop/CelestialPioneer/CelestialPioneers/Saved/Config/Windows/Scalability.ini]
[2020.02.21-19.24.55:326][  0]LogConfig: Setting CVar [[r.Streaming.MipBias:0]]
[2020.02.21-19.24.55:326][  0]LogConfig: Setting CVar [[r.Streaming.AmortizeCPUToGPUCopy:0]]
[2020.02.21-19.24.55:326][  0]LogConfig: Setting CVar [[r.Streaming.MaxNumTexturesToStreamPerFrame:0]]
[2020.02.21-19.24.55:326][  0]LogConfig: Setting CVar [[r.Streaming.Boost:1]]
[2020.02.21-19.24.55:326][  0]LogConfig: Setting CVar [[r.MaxAnisotropy:8]]
[2020.02.21-19.24.55:326][  0]LogConfig: Setting CVar [[r.Streaming.LimitPoolSizeToVRAM:0]]
[2020.02.21-19.24.55:326][  0]LogConfig: Setting CVar [[r.Streaming.PoolSize:1000]]
[2020.02.21-19.24.55:326][  0]LogConfig: Setting CVar [[r.Streaming.MaxEffectiveScreenSize:0]]
[2020.02.21-19.24.55:326][  0]LogConfig: Applying CVar settings from Section [EffectsQuality@3] File [C:/Users/207249/Desktop/CelestialPioneer/CelestialPioneers/Saved/Config/Windows/Scalability.ini]
[2020.02.21-19.24.55:326][  0]LogConfig: Setting CVar [[r.TranslucencyLightingVolumeDim:64]]
[2020.02.21-19.24.55:326][  0]LogConfig: Setting CVar [[r.RefractionQuality:2]]
[2020.02.21-19.24.55:326][  0]LogConfig: Setting CVar [[r.SSR.Quality:3]]
[2020.02.21-19.24.55:326][  0]LogConfig: Setting CVar [[r.SceneColorFormat:4]]
[2020.02.21-19.24.55:326][  0]LogConfig: Setting CVar [[r.DetailMode:2]]
[2020.02.21-19.24.55:326][  0]LogConfig: Setting CVar [[r.TranslucencyVolumeBlur:1]]
[2020.02.21-19.24.55:326][  0]LogConfig: Setting CVar [[r.MaterialQualityLevel:1 ; High quality]]
[2020.02.21-19.24.55:326][  0]LogConfig: Setting CVar [[r.SSS.Scale:1]]
[2020.02.21-19.24.55:326][  0]LogConfig: Setting CVar [[r.SSS.SampleSet:2]]
[2020.02.21-19.24.55:326][  0]LogConfig: Setting CVar [[r.SSS.Quality:1]]
[2020.02.21-19.24.55:326][  0]LogConfig: Setting CVar [[r.SSS.HalfRes:1]]
[2020.02.21-19.24.55:326][  0]LogConfig: Setting CVar [[r.EmitterSpawnRateScale:1.0]]
[2020.02.21-19.24.55:326][  0]LogConfig: Setting CVar [[r.ParticleLightQuality:2]]
[2020.02.21-19.24.55:326][  0]LogConfig: Applying CVar settings from Section [FoliageQuality@3] File [C:/Users/207249/Desktop/CelestialPioneer/CelestialPioneers/Saved/Config/Windows/Scalability.ini]
[2020.02.21-19.24.55:326][  0]LogConfig: Setting CVar [[foliage.DensityScale:1.0]]
[2020.02.21-19.24.55:326][  0]LogConfig: Setting CVar [[grass.DensityScale:1.0]]
[2020.02.21-19.24.55:326][  0]LogInit: Selected Device Profile: [Windows]
[2020.02.21-19.24.55:326][  0]LogInit: Applying CVar settings loaded from the selected device profile: [Windows]
[2020.02.21-19.24.55:330][  0]LogHAL: Display: Platform has ~ 16 GB [17023918080 / 17179869184 / 16], which maps to Larger [LargestMinGB=32, LargerMinGB=12, DefaultMinGB=8, SmallerMinGB=6, SmallestMinGB=0)
[2020.02.21-19.24.55:330][  0]LogInit: Going up to parent DeviceProfile []
[2020.02.21-19.24.55:330][  0]LogConfig: Applying CVar settings from Section [ViewDistanceQuality@3] File [C:/Users/207249/Desktop/CelestialPioneer/CelestialPioneers/Saved/Config/Windows/Scalability.ini]
[2020.02.21-19.24.55:330][  0]LogConfig: Setting CVar [[r.SkeletalMeshLODBias:0]]
[2020.02.21-19.24.55:330][  0]LogConfig: Setting CVar [[r.ViewDistanceScale:1.0]]
[2020.02.21-19.24.55:330][  0]LogConfig: Applying CVar settings from Section [AntiAliasingQuality@3] File [C:/Users/207249/Desktop/CelestialPioneer/CelestialPioneers/Saved/Config/Windows/Scalability.ini]
[2020.02.21-19.24.55:330][  0]LogConfig: Setting CVar [[r.PostProcessAAQuality:4]]
[2020.02.21-19.24.55:330][  0]LogConfig: Applying CVar settings from Section [ShadowQuality@3] File [C:/Users/207249/Desktop/CelestialPioneer/CelestialPioneers/Saved/Config/Windows/Scalability.ini]
[2020.02.21-19.24.55:330][  0]LogConfig: Setting CVar [[r.LightFunctionQuality:1]]
[2020.02.21-19.24.55:330][  0]LogConfig: Setting CVar [[r.ShadowQuality:5]]
[2020.02.21-19.24.55:330][  0]LogConfig: Setting CVar [[r.Shadow.CSM.MaxCascades:10]]
[2020.02.21-19.24.55:330][  0]LogConfig: Setting CVar [[r.Shadow.MaxResolution:2048]]
[2020.02.21-19.24.55:330][  0]LogConfig: Setting CVar [[r.Shadow.MaxCSMResolution:2048]]
[2020.02.21-19.24.55:330][  0]LogConfig: Setting CVar [[r.Shadow.RadiusThreshold:0.01]]
[2020.02.21-19.24.55:330][  0]LogConfig: Setting CVar [[r.Shadow.DistanceScale:1.0]]
[2020.02.21-19.24.55:330][  0]LogConfig: Setting CVar [[r.Shadow.CSM.TransitionScale:1.0]]
[2020.02.21-19.24.55:330][  0]LogConfig: Setting CVar [[r.Shadow.PreShadowResolutionFactor:1.0]]
[2020.02.21-19.24.55:330][  0]LogConfig: Setting CVar [[r.DistanceFieldShadowing:1]]
[2020.02.21-19.24.55:330][  0]LogConfig: Setting CVar [[r.DistanceFieldAO:1]]
[2020.02.21-19.24.55:330][  0]LogConfig: Setting CVar [[r.AOQuality:2]]
[2020.02.21-19.24.55:330][  0]LogConfig: Setting CVar [[r.VolumetricFog:1]]
[2020.02.21-19.24.55:330][  0]LogConfig: Setting CVar [[r.VolumetricFog.GridPixelSize:8]]
[2020.02.21-19.24.55:330][  0]LogConfig: Setting CVar [[r.VolumetricFog.GridSizeZ:128]]
[2020.02.21-19.24.55:330][  0]LogConfig: Setting CVar [[r.VolumetricFog.HistoryMissSupersampleCount:4]]
[2020.02.21-19.24.55:330][  0]LogConfig: Setting CVar [[r.LightMaxDrawDistanceScale:1]]
[2020.02.21-19.24.55:330][  0]LogConfig: Setting CVar [[r.CapsuleShadows:1]]
[2020.02.21-19.24.55:330][  0]LogConfig: Applying CVar settings from Section [PostProcessQuality@3] File [C:/Users/207249/Desktop/CelestialPioneer/CelestialPioneers/Saved/Config/Windows/Scalability.ini]
[2020.02.21-19.24.55:330][  0]LogConfig: Setting CVar [[r.MotionBlurQuality:4]]
[2020.02.21-19.24.55:330][  0]LogConfig: Setting CVar [[r.AmbientOcclusionMipLevelFactor:0.4]]
[2020.02.21-19.24.55:330][  0]LogConfig: Setting CVar [[r.AmbientOcclusionMaxQuality:100]]
[2020.02.21-19.24.55:330][  0]LogConfig: Setting CVar [[r.AmbientOcclusionLevels:-1]]
[2020.02.21-19.24.55:330][  0]LogConfig: Setting CVar [[r.AmbientOcclusionRadiusScale:1.0]]
[2020.02.21-19.24.55:330][  0]LogConfig: Setting CVar [[r.DepthOfFieldQuality:2]]
[2020.02.21-19.24.55:330][  0]LogConfig: Setting CVar [[r.RenderTargetPoolMin:400]]
[2020.02.21-19.24.55:330][  0]LogConfig: Setting CVar [[r.LensFlareQuality:2]]
[2020.02.21-19.24.55:330][  0]LogConfig: Setting CVar [[r.SceneColorFringeQuality:1]]
[2020.02.21-19.24.55:330][  0]LogConfig: Setting CVar [[r.EyeAdaptationQuality:2]]
[2020.02.21-19.24.55:330][  0]LogConfig: Setting CVar [[r.BloomQuality:5]]
[2020.02.21-19.24.55:330][  0]LogConfig: Setting CVar [[r.FastBlurThreshold:100]]
[2020.02.21-19.24.55:330][  0]LogConfig: Setting CVar [[r.Upscale.Quality:3]]
[2020.02.21-19.24.55:330][  0]LogConfig: Setting CVar [[r.Tonemapper.GrainQuantization:1]]
[2020.02.21-19.24.55:330][  0]LogConfig: Setting CVar [[r.LightShaftQuality:1]]
[2020.02.21-19.24.55:330][  0]LogConfig: Setting CVar [[r.Filter.SizeScale:1]]
[2020.02.21-19.24.55:330][  0]LogConfig: Setting CVar [[r.Tonemapper.Quality:5]]
[2020.02.21-19.24.55:330][  0]LogConfig: Setting CVar [[r.DOF.Gather.AccumulatorQuality:1        ; higher gathering accumulator quality]]
[2020.02.21-19.24.55:330][  0]LogConfig: Setting CVar [[r.DOF.Gather.PostfilterMethod:1          ; Median3x3 postfilering method]]
[2020.02.21-19.24.55:330][  0]LogConfig: Setting CVar [[r.DOF.Gather.EnableBokehSettings:0       ; no bokeh simulation when gathering]]
[2020.02.21-19.24.55:330][  0]LogConfig: Setting CVar [[r.DOF.Gather.RingCount:4                 ; medium number of samples when gathering]]
[2020.02.21-19.24.55:330][  0]LogConfig: Setting CVar [[r.DOF.Scatter.ForegroundCompositing:1    ; additive foreground scattering]]
[2020.02.21-19.24.55:330][  0]LogConfig: Setting CVar [[r.DOF.Scatter.BackgroundCompositing:2    ; additive background scattering]]
[2020.02.21-19.24.55:330][  0]LogConfig: Setting CVar [[r.DOF.Scatter.EnableBokehSettings:1      ; bokeh simulation when scattering]]
[2020.02.21-19.24.55:330][  0]LogConfig: Setting CVar [[r.DOF.Scatter.MaxSpriteRatio:0.1         ; only a maximum of 10% of scattered bokeh]]
[2020.02.21-19.24.55:330][  0]LogConfig: Setting CVar [[r.DOF.Recombine.Quality:1                ; cheap slight out of focus]]
[2020.02.21-19.24.55:331][  0]LogConfig: Setting CVar [[r.DOF.Recombine.EnableBokehSettings:0    ; no bokeh simulation on slight out of focus]]
[2020.02.21-19.24.55:331][  0]LogConfig: Setting CVar [[r.DOF.TemporalAAQuality:1                ; more stable temporal accumulation]]
[2020.02.21-19.24.55:331][  0]LogConfig: Setting CVar [[r.DOF.Kernel.MaxForegroundRadius:0.025]]
[2020.02.21-19.24.55:331][  0]LogConfig: Setting CVar [[r.DOF.Kernel.MaxBackgroundRadius:0.025]]
[2020.02.21-19.24.55:331][  0]LogConfig: Applying CVar settings from Section [TextureQuality@3] File [C:/Users/207249/Desktop/CelestialPioneer/CelestialPioneers/Saved/Config/Windows/Scalability.ini]
[2020.02.21-19.24.55:331][  0]LogConfig: Setting CVar [[r.Streaming.MipBias:0]]
[2020.02.21-19.24.55:331][  0]LogConfig: Setting CVar [[r.Streaming.AmortizeCPUToGPUCopy:0]]
[2020.02.21-19.24.55:331][  0]LogConfig: Setting CVar [[r.Streaming.MaxNumTexturesToStreamPerFrame:0]]
[2020.02.21-19.24.55:331][  0]LogConfig: Setting CVar [[r.Streaming.Boost:1]]
[2020.02.21-19.24.55:331][  0]LogConfig: Setting CVar [[r.MaxAnisotropy:8]]
[2020.02.21-19.24.55:331][  0]LogConfig: Setting CVar [[r.Streaming.LimitPoolSizeToVRAM:0]]
[2020.02.21-19.24.55:331][  0]LogConfig: Setting CVar [[r.Streaming.PoolSize:1000]]
[2020.02.21-19.24.55:331][  0]LogConfig: Setting CVar [[r.Streaming.MaxEffectiveScreenSize:0]]
[2020.02.21-19.24.55:331][  0]LogConfig: Applying CVar settings from Section [EffectsQuality@3] File [C:/Users/207249/Desktop/CelestialPioneer/CelestialPioneers/Saved/Config/Windows/Scalability.ini]
[2020.02.21-19.24.55:331][  0]LogConfig: Setting CVar [[r.TranslucencyLightingVolumeDim:64]]
[2020.02.21-19.24.55:331][  0]LogConfig: Setting CVar [[r.RefractionQuality:2]]
[2020.02.21-19.24.55:331][  0]LogConfig: Setting CVar [[r.SSR.Quality:3]]
[2020.02.21-19.24.55:331][  0]LogConfig: Setting CVar [[r.SceneColorFormat:4]]
[2020.02.21-19.24.55:331][  0]LogConfig: Setting CVar [[r.DetailMode:2]]
[2020.02.21-19.24.55:331][  0]LogConfig: Setting CVar [[r.TranslucencyVolumeBlur:1]]
[2020.02.21-19.24.55:331][  0]LogConfig: Setting CVar [[r.MaterialQualityLevel:1 ; High quality]]
[2020.02.21-19.24.55:331][  0]LogConfig: Setting CVar [[r.SSS.Scale:1]]
[2020.02.21-19.24.55:331][  0]LogConfig: Setting CVar [[r.SSS.SampleSet:2]]
[2020.02.21-19.24.55:331][  0]LogConfig: Setting CVar [[r.SSS.Quality:1]]
[2020.02.21-19.24.55:331][  0]LogConfig: Setting CVar [[r.SSS.HalfRes:1]]
[2020.02.21-19.24.55:331][  0]LogConfig: Setting CVar [[r.EmitterSpawnRateScale:1.0]]
[2020.02.21-19.24.55:331][  0]LogConfig: Setting CVar [[r.ParticleLightQuality:2]]
[2020.02.21-19.24.55:331][  0]LogConfig: Applying CVar settings from Section [FoliageQuality@3] File [C:/Users/207249/Desktop/CelestialPioneer/CelestialPioneers/Saved/Config/Windows/Scalability.ini]
[2020.02.21-19.24.55:331][  0]LogConfig: Setting CVar [[foliage.DensityScale:1.0]]
[2020.02.21-19.24.55:331][  0]LogConfig: Setting CVar [[grass.DensityScale:1.0]]
[2020.02.21-19.24.55:331][  0]LogConfig: Applying CVar settings from Section [Startup] File [../../../Engine/Config/ConsoleVariables.ini]
[2020.02.21-19.24.55:331][  0]LogConfig: Setting CVar [[net.UseAdaptiveNetUpdateFrequency:0]]
[2020.02.21-19.24.55:331][  0]LogConfig: Setting CVar [[p.chaos.AllowCreatePhysxBodies:1]]
[2020.02.21-19.24.55:331][  0]LogConfig: Applying CVar settings from Section [ConsoleVariables] File [C:/Users/207249/Desktop/CelestialPioneer/CelestialPioneers/Saved/Config/Windows/Engine.ini]
[2020.02.21-19.24.55:331][  0]LogInit: Computer: S020RMD114-04
[2020.02.21-19.24.55:331][  0]LogInit: User: 207249
[2020.02.21-19.24.55:331][  0]LogInit: CPU Page size=4096, Cores=6
[2020.02.21-19.24.55:331][  0]LogInit: High frequency timer resolution =10.000000 MHz
[2020.02.21-19.24.55:331][  0]LogMemory: Memory total: Physical=15.9GB (16GB approx)
[2020.02.21-19.24.55:331][  0]LogMemory: Platform Memory Stats for Windows
[2020.02.21-19.24.55:331][  0]LogMemory: Process Physical Memory: 103.62 MB used, 103.62 MB peak
[2020.02.21-19.24.55:331][  0]LogMemory: Process Virtual Memory: 92.59 MB used, 92.59 MB peak
[2020.02.21-19.24.55:331][  0]LogMemory: Physical Memory: 6157.36 MB used,  10077.91 MB free, 16235.27 MB total
[2020.02.21-19.24.55:331][  0]LogMemory: Virtual Memory: 4678.66 MB used,  134213048.00 MB free, 134217728.00 MB total
[2020.02.21-19.24.55:335][  0]LogWindows: WindowsPlatformFeatures enabled
[2020.02.21-19.24.55:356][  0]LogInit: Using OS detected language (en-US).
[2020.02.21-19.24.55:356][  0]LogInit: Using OS detected locale (en-US).
[2020.02.21-19.24.55:356][  0]LogTextLocalizationManager: No specific localization for 'en-US' exists, so the 'en' localization will be used.
[2020.02.21-19.24.55:539][  0]LogInit: Setting process to per monitor DPI aware
[2020.02.21-19.24.55:564][  0]LogSlate: New Slate User Created.  User Index 0, Is Virtual User: 0
[2020.02.21-19.24.55:564][  0]LogSlate: Slate User Registered.  User Index 0, Is Virtual User: 0
[2020.02.21-19.24.55:871][  0]LogHMD: Failed to initialize OpenVR with code 110
[2020.02.21-19.24.55:871][  0]LogD3D11RHI: D3D11 adapters:
[2020.02.21-19.24.55:976][  0]LogD3D11RHI:    0. 'Radeon Pro WX 7100' (Feature Level 11_0)
[2020.02.21-19.24.55:976][  0]LogD3D11RHI:       8172/0/8117 MB DedicatedVideo/DedicatedSystem/SharedSystem, Outputs:1, VendorId:0x1002
[2020.02.21-19.24.55:977][  0]LogD3D11RHI:    1. 'Microsoft Basic Render Driver' (Feature Level 11_0)
[2020.02.21-19.24.55:978][  0]LogD3D11RHI:       0/0/8117 MB DedicatedVideo/DedicatedSystem/SharedSystem, Outputs:0, VendorId:0x1414
[2020.02.21-19.24.55:978][  0]LogD3D11RHI: Chosen D3D11 Adapter: 0
[2020.02.21-19.24.55:983][  0]LogD3D11RHI: Creating new Direct3DDevice
[2020.02.21-19.24.55:983][  0]LogD3D11RHI:     GPU DeviceId: 0x67c4 (for the marketing name, search the web for "GPU Device Id")
[2020.02.21-19.24.55:983][  0]LogWindows: EnumDisplayDevices:
[2020.02.21-19.24.55:984][  0]LogWindows:    0. 'Radeon Pro WX 7100' (P:1 D:1)
[2020.02.21-19.24.55:984][  0]LogWindows:    1. 'Radeon Pro WX 7100' (P:0 D:0)
[2020.02.21-19.24.55:984][  0]LogWindows:    2. 'Radeon Pro WX 7100' (P:0 D:0)
[2020.02.21-19.24.55:985][  0]LogWindows:    3. 'Radeon Pro WX 7100' (P:0 D:0)
[2020.02.21-19.24.55:985][  0]LogWindows:    4. 'Radeon Pro WX 7100' (P:0 D:0)
[2020.02.21-19.24.55:986][  0]LogWindows:    5. 'Radeon Pro WX 7100' (P:0 D:0)
[2020.02.21-19.24.55:986][  0]LogWindows:    6. 'Radeon Pro WX 7100' (P:0 D:0)
[2020.02.21-19.24.55:986][  0]LogWindows: DebugString: FoundDriverCount:7 
[2020.02.21-19.24.55:986][  0]LogD3D11RHI:     Adapter Name: Radeon Pro WX 7100
[2020.02.21-19.24.55:986][  0]LogD3D11RHI:   Driver Version: Adrenalin 17.12 (internal:24.20.12024.10, unified:24.20.12024.10)
[2020.02.21-19.24.55:986][  0]LogD3D11RHI:      Driver Date: 7-17-2018
[2020.02.21-19.24.55:986][  0]LogRHI: Texture pool is 5720 MB (70% of 8172 MB)
[2020.02.21-19.24.56:132][  0]LogD3D11RHI: Async texture creation enabled
[2020.02.21-19.24.56:143][  0]LogD3D11RHI: GPU Timing Frequency: 25.000000 (Debug: 2 1)
[2020.02.21-19.24.56:411][  0]LogTemp: Display: Module 'AllDesktopTargetPlatform' loaded TargetPlatform 'AllDesktop'
[2020.02.21-19.24.56:419][  0]LogTemp: Display: Module 'MacClientTargetPlatform' loaded TargetPlatform 'MacClient'
[2020.02.21-19.24.56:426][  0]LogTemp: Display: Module 'MacNoEditorTargetPlatform' loaded TargetPlatform 'MacNoEditor'
[2020.02.21-19.24.56:434][  0]LogTemp: Display: Module 'MacServerTargetPlatform' loaded TargetPlatform 'MacServer'
[2020.02.21-19.24.56:442][  0]LogTemp: Display: Module 'MacTargetPlatform' loaded TargetPlatform 'Mac'
[2020.02.21-19.24.56:449][  0]LogTemp: Display: Module 'WindowsClientTargetPlatform' loaded TargetPlatform 'WindowsClient'
[2020.02.21-19.24.56:456][  0]LogTemp: Display: Module 'WindowsNoEditorTargetPlatform' loaded TargetPlatform 'WindowsNoEditor'
[2020.02.21-19.24.56:464][  0]LogTemp: Display: Module 'WindowsServerTargetPlatform' loaded TargetPlatform 'WindowsServer'
[2020.02.21-19.24.56:468][  0]LogTemp: Display: Module 'WindowsTargetPlatform' loaded TargetPlatform 'Windows'
[2020.02.21-19.24.56:493][  0]LogTemp: Display: Module 'AndroidTargetPlatform' loaded TargetPlatform 'Android'
[2020.02.21-19.24.56:493][  0]LogTemp: Display: Module 'AndroidTargetPlatform' loaded TargetPlatform 'Android_ASTC'
[2020.02.21-19.24.56:493][  0]LogTemp: Display: Module 'AndroidTargetPlatform' loaded TargetPlatform 'Android_ATC'
[2020.02.21-19.24.56:493][  0]LogTemp: Display: Module 'AndroidTargetPlatform' loaded TargetPlatform 'Android_DXT'
[2020.02.21-19.24.56:493][  0]LogTemp: Display: Module 'AndroidTargetPlatform' loaded TargetPlatform 'Android_ETC1'
[2020.02.21-19.24.56:493][  0]LogTemp: Display: Module 'AndroidTargetPlatform' loaded TargetPlatform 'Android_ETC1a'
[2020.02.21-19.24.56:493][  0]LogTemp: Display: Module 'AndroidTargetPlatform' loaded TargetPlatform 'Android_ETC2'
[2020.02.21-19.24.56:493][  0]LogTemp: Display: Module 'AndroidTargetPlatform' loaded TargetPlatform 'Android_PVRTC'
[2020.02.21-19.24.56:493][  0]LogTemp: Display: Module 'AndroidTargetPlatform' loaded TargetPlatform 'AndroidClient'
[2020.02.21-19.24.56:493][  0]LogTemp: Display: Module 'AndroidTargetPlatform' loaded TargetPlatform 'Android_ASTCClient'
[2020.02.21-19.24.56:493][  0]LogTemp: Display: Module 'AndroidTargetPlatform' loaded TargetPlatform 'Android_ATCClient'
[2020.02.21-19.24.56:493][  0]LogTemp: Display: Module 'AndroidTargetPlatform' loaded TargetPlatform 'Android_DXTClient'
[2020.02.21-19.24.56:493][  0]LogTemp: Display: Module 'AndroidTargetPlatform' loaded TargetPlatform 'Android_ETC1Client'
[2020.02.21-19.24.56:493][  0]LogTemp: Display: Module 'AndroidTargetPlatform' loaded TargetPlatform 'Android_ETC1aClient'
[2020.02.21-19.24.56:493][  0]LogTemp: Display: Module 'AndroidTargetPlatform' loaded TargetPlatform 'Android_ETC2Client'
[2020.02.21-19.24.56:493][  0]LogTemp: Display: Module 'AndroidTargetPlatform' loaded TargetPlatform 'Android_PVRTCClient'
[2020.02.21-19.24.56:493][  0]LogTemp: Display: Module 'AndroidTargetPlatform' loaded TargetPlatform 'Android_Multi'
[2020.02.21-19.24.56:493][  0]LogTemp: Display: Module 'AndroidTargetPlatform' loaded TargetPlatform 'Android_MultiClient'
[2020.02.21-19.24.56:495][  0]LogTemp: Display: Module 'HTML5TargetPlatform' loaded TargetPlatform 'HTML5'
[2020.02.21-19.24.56:510][  0]LogTemp: Display: Module 'IOSTargetPlatform' loaded TargetPlatform 'IOSClient'
[2020.02.21-19.24.56:510][  0]LogTemp: Display: Module 'IOSTargetPlatform' loaded TargetPlatform 'IOS'
[2020.02.21-19.24.56:523][  0]LogTemp: Display: Module 'TVOSTargetPlatform' loaded TargetPlatform 'TVOSClient'
[2020.02.21-19.24.56:523][  0]LogTemp: Display: Module 'TVOSTargetPlatform' loaded TargetPlatform 'TVOS'
[2020.02.21-19.24.56:529][  0]LogTemp: Display: Module 'LinuxClientTargetPlatform' loaded TargetPlatform 'LinuxClient'
[2020.02.21-19.24.56:536][  0]LogTemp: Display: Module 'LinuxNoEditorTargetPlatform' loaded TargetPlatform 'LinuxNoEditor'
[2020.02.21-19.24.56:542][  0]LogTemp: Display: Module 'LinuxServerTargetPlatform' loaded TargetPlatform 'LinuxServer'
[2020.02.21-19.24.56:549][  0]LogTemp: Display: Module 'LinuxTargetPlatform' loaded TargetPlatform 'Linux'
[2020.02.21-19.24.56:570][  0]LogTemp: Display: Module 'LuminTargetPlatform' loaded TargetPlatform 'Lumin'
[2020.02.21-19.24.56:570][  0]LogTemp: Display: Module 'LuminTargetPlatform' loaded TargetPlatform 'LuminClient'
[2020.02.21-19.24.56:570][  0]LogTargetPlatformManager: Display: Building Assets For Windows
[2020.02.21-19.24.56:578][  0]LogAudioDebug: Display: Lib vorbis DLL was dynamically loaded.
[2020.02.21-19.24.56:622][  0]LogShaderCompilers: Guid format shader working directory is -27 characters bigger than the processId version (../../../../../../Users/207249/Desktop/CelestialPioneer/CelestialPioneers/Intermediate/Shaders/WorkingDirectory/10324/).
[2020.02.21-19.24.56:622][  0]LogShaderCompilers: Cleaned the shader compiler working directory 'C:/Users/207249/AppData/Local/Temp/UnrealShaderWorkingDir/89E31D664B757234944C8AAB4254F182/'.
[2020.02.21-19.24.56:624][  0]LogXGEController: Cannot use XGE Controller as Incredibuild is not installed on this machine.
[2020.02.21-19.24.56:624][  0]LogShaderCompilers: Cannot use XGE Shader Compiler as Incredibuild is not installed on this machine.
[2020.02.21-19.24.56:624][  0]LogShaderCompilers: Display: Using Local Shader Compiler.
[2020.02.21-19.24.57:172][  0]LogDerivedDataCache: Display: Max Cache Size: 512 MB
[2020.02.21-19.24.57:212][  0]LogDerivedDataCache: Loaded boot cache 0.04s 73MB C:/Users/207249/AppData/Local/UnrealEngine/4.23/DerivedDataCache/Boot.ddc.
[2020.02.21-19.24.57:212][  0]LogDerivedDataCache: Display: Loaded Boot cache: C:/Users/207249/AppData/Local/UnrealEngine/4.23/DerivedDataCache/Boot.ddc
[2020.02.21-19.24.57:212][  0]LogDerivedDataCache: FDerivedDataBackendGraph:  Pak pak cache file ../../../../../../Users/207249/Desktop/CelestialPioneer/CelestialPioneers/DerivedDataCache/DDC.ddp not found, will not use a pak cache.
[2020.02.21-19.24.57:212][  0]LogDerivedDataCache: Unable to find inner node Pak for hierarchical cache Hierarchy.
[2020.02.21-19.24.57:212][  0]LogDerivedDataCache: FDerivedDataBackendGraph:  CompressedPak pak cache file ../../../../../../Users/207249/Desktop/CelestialPioneer/CelestialPioneers/DerivedDataCache/Compressed.ddp not found, will not use a pak cache.
[2020.02.21-19.24.57:212][  0]LogDerivedDataCache: Unable to find inner node CompressedPak for hierarchical cache Hierarchy.
[2020.02.21-19.24.57:221][  0]LogDerivedDataCache: Display: Pak cache opened for reading ../../../Engine/DerivedDataCache/Compressed.ddp.
[2020.02.21-19.24.57:221][  0]LogDerivedDataCache: FDerivedDataBackendGraph:  EnterprisePak pak cache file ../../../Enterprise/DerivedDataCache/Compressed.ddp not found, will not use a pak cache.
[2020.02.21-19.24.57:221][  0]LogDerivedDataCache: Unable to find inner node EnterprisePak for hierarchical cache Hierarchy.
[2020.02.21-19.24.57:223][  0]LogDerivedDataCache: Using Local data cache path C:/Users/207249/AppData/Local/UnrealEngine/Common/DerivedDataCache: Writable
[2020.02.21-19.24.57:223][  0]LogDerivedDataCache: Shared data cache path not found in *engine.ini, will not use an Shared cache.
[2020.02.21-19.24.57:223][  0]LogDerivedDataCache: Unable to find inner node Shared for hierarchical cache Hierarchy.
[2020.02.21-19.24.57:238][  0]LogMaterial: Verifying Global Shaders for PCD3D_SM5
[2020.02.21-19.24.57:240][  0]LogSlate: Using FreeType 2.6.0
[2020.02.21-19.24.57:242][  0]LogSlate: SlateFontServices - WITH_FREETYPE: 1, WITH_HARFBUZZ: 1
[2020.02.21-19.24.57:321][  0]LogAssetRegistry: FAssetRegistry took 0.0020 seconds to start up
[2020.02.21-19.24.57:536][  0]LogInit: Selected Device Profile: [Windows]
[2020.02.21-19.24.57:658][  0]LogMeshReduction: Using QuadricMeshReduction for automatic static mesh reduction
[2020.02.21-19.24.57:658][  0]LogMeshReduction: Using SimplygonMeshReduction for automatic skeletal mesh reduction
[2020.02.21-19.24.57:658][  0]LogMeshReduction: Using ProxyLODMeshReduction for automatic mesh merging
[2020.02.21-19.24.57:658][  0]LogMeshReduction: No distributed automatic mesh merging module available
[2020.02.21-19.24.57:658][  0]LogMeshMerging: No distributed automatic mesh merging module available
[2020.02.21-19.24.57:665][  0]LogNetVersion: CelestialPioneers 1.0.0, NetCL: 8386587, EngineNetVer: 11, GameNetVer: 0 (Checksum: 812701684)
[2020.02.21-19.24.58:031][  0]LogPackageLocalizationCache: Processed 12 localized package path(s) for 1 prioritized culture(s) in 0.041464 seconds
[2020.02.21-19.24.58:037][  0]LogUObjectArray: 43444 objects as part of root set at end of initial load.
[2020.02.21-19.24.58:037][  0]LogUObjectAllocator: 7548648 out of 0 bytes used by permanent object pool.
[2020.02.21-19.24.58:037][  0]LogUObjectArray: CloseDisregardForGC: 0/0 objects in disregard for GC pool
[2020.02.21-19.24.59:183][  0]LogTcpMessaging: Initializing TcpMessaging bridge
[2020.02.21-19.24.59:186][  0]LogUdpMessaging: Initializing bridge on interface 0.0.0.0:0 to multicast group 230.0.0.1:6666.
[2020.02.21-19.24.59:245][  0]SourceControl: Source control is disabled
[2020.02.21-19.24.59:245][  0]SourceControl: Source control is disabled
[2020.02.21-19.24.59:246][  0]SourceControl: Source control is disabled
[2020.02.21-19.24.59:247][  0]SourceControl: Source control is disabled
[2020.02.21-19.24.59:387][  0]LogAndroidPermission: UAndroidPermissionCallbackProxy::GetInstance
[2020.02.21-19.24.59:478][  0]LogOcInput: OculusInput pre-init called
[2020.02.21-19.24.59:483][  0]LogWindows: Failed to load 'OVRPlugin.dll' (GetLastError=126)
[2020.02.21-19.24.59:483][  0]LogWindows: File 'OVRPlugin.dll' does not exist
[2020.02.21-19.24.59:538][  0]LogEngine: Initializing Engine...
[2020.02.21-19.24.59:539][  0]LogHMD: Failed to initialize OpenVR with code 110
[2020.02.21-19.24.59:540][  0]LogStats: UGameplayTagsManager::InitializeManager -  0.000 s
[2020.02.21-19.24.59:715][  0]LogInit: Initializing FReadOnlyCVARCache
[2020.02.21-19.24.59:726][  0]LogAIModule: Creating AISystem for world Untitled
[2020.02.21-19.24.59:750][  0]LogInit: XAudio2 using 'Speakers (Synaptics HD Audio)' : 2 channels at 48 kHz using 32 bits per sample (channel mask 0x3)
[2020.02.21-19.24.59:769][  0]LogInit: FAudioDevice initialized.
[2020.02.21-19.24.59:769][  0]LogNetVersion: Set ProjectVersion to 1.0.0.0. Version Checksum will be recalculated on next use.
[2020.02.21-19.24.59:812][  0]LogDerivedDataCache: Saved boot cache 0.04s 73MB C:/Users/207249/AppData/Local/UnrealEngine/4.23/DerivedDataCache/Boot.ddc.
[2020.02.21-19.24.59:814][  0]LogInit: Texture streaming: Enabled
[2020.02.21-19.24.59:832][  0]LogEngineSessionManager: EngineSessionManager initialized
[2020.02.21-19.24.59:832][  0]LogEditorSessionSummary: Verbose: Initializing EditorSessionSummaryWriter for editor session tracking
[2020.02.21-19.24.59:836][  0]LogEditorSessionSummary: EditorSessionSummaryWriter initialized
[2020.02.21-19.24.59:893][  0]LogInit: Transaction tracking system initialized
[2020.02.21-19.24.59:919][  0]BlueprintLog: New page: Editor Load
[2020.02.21-19.24.59:986][  0]LocalizationService: Localization service is disabled
[2020.02.21-19.25.00:184][  0]LogAutoReimportManager: Warning: Unable to watch directory ../../../../../../Users/207249/Desktop/CelestialPioneer/CelestialPioneers/Content/ as it will conflict with another watching ../../../../../../Users/207249/Desktop/CelestialPioneer/CelestialPioneers/Content/.
[2020.02.21-19.25.00:184][  0]LogAutoReimportManager: Warning: Unable to watch directory ../../../../../../Users/207249/Desktop/CelestialPioneer/CelestialPioneers/Content/ as it will conflict with another watching ../../../../../../Users/207249/Desktop/CelestialPioneer/CelestialPioneers/Content/.
[2020.02.21-19.25.00:189][  0]LogFileCache: Scanning file cache for directory 'C:/Users/207249/Desktop/CelestialPioneer/CelestialPioneers/Content/' took 0.00s
[2020.02.21-19.25.00:189][  0]LogCook: Display: Max memory allowance for cook 16384mb min free memory 0mb
[2020.02.21-19.25.00:189][  0]LogCook: Display: Mobile HDR setting 1
[2020.02.21-19.25.00:358][  0]SourceControl: Source control is disabled
[2020.02.21-19.25.00:358][  0]Cmd: MAP LOAD FILE="../../../../../../Users/207249/Desktop/CelestialPioneer/CelestialPioneers/Content/StarterContent/Maps/Minimal_Default.umap" TEMPLATE=0 SHOWPROGRESS=1 FEATURELEVEL=3
[2020.02.21-19.25.00:358][  0]LogEditorServer: Warning: Can't find file '../../../../../../Users/207249/Desktop/CelestialPioneer/CelestialPioneers/Content/StarterContent/Maps/Minimal_Default.umap'
[2020.02.21-19.25.00:358][  0]Cmd: MAP CHECKDEP NOCLEARLOG
[2020.02.21-19.25.00:358][  0]MapCheck: Map check complete: 0 Error(s), 0 Warning(s), took 0.08ms to complete.
[2020.02.21-19.25.00:359][  0]LogFileHelpers: Loading map 'Minimal_Default' took 0.000
[2020.02.21-19.25.00:451][  0]LogSlate: Updating window title bar state: overlay mode, drag disabled, window buttons hidden, title bar hidden
[2020.02.21-19.25.00:456][  0]LogSlate: Updating window title bar state: overlay mode, drag disabled, window buttons hidden, title bar hidden
[2020.02.21-19.25.00:461][  0]LogSlate: Updating window title bar state: overlay mode, drag disabled, window buttons hidden, title bar hidden
[2020.02.21-19.25.00:465][  0]LogSlate: Updating window title bar state: overlay mode, drag disabled, window buttons hidden, title bar hidden
[2020.02.21-19.25.00:471][  0]LogCollectionManager: Loaded 0 collections in 0.001474 seconds
[2020.02.21-19.25.00:477][  0]LogFileCache: Scanning file cache for directory 'C:/Users/207249/Desktop/CelestialPioneer/CelestialPioneers/Saved/Collections/' took 0.00s
[2020.02.21-19.25.00:477][  0]LogFileCache: Scanning file cache for directory 'C:/Users/207249/Desktop/CelestialPioneer/CelestialPioneers/Content/Developers/207249/Collections/' took 0.00s
[2020.02.21-19.25.00:477][  0]LogFileCache: Scanning file cache for directory 'C:/Users/207249/Desktop/CelestialPioneer/CelestialPioneers/Content/Collections/' took 0.00s
[2020.02.21-19.25.00:477][  0]LogCollectionManager: Rebuilt the GUID cache for 0 collections in 0.000001 seconds
[2020.02.21-19.25.00:483][  0]LogContentBrowser: Native class hierarchy populated in 0.0061 seconds. Added 2863 classes and 680 folders.
[2020.02.21-19.25.00:489][  0]LogContentBrowser: Native class hierarchy updated for 'WidgetCarousel' in 0.0002 seconds. Added 0 classes and 0 folders.
[2020.02.21-19.25.00:550][  0]LogContentBrowser: Native class hierarchy updated for 'AddContentDialog' in 0.0002 seconds. Added 0 classes and 0 folders.
[2020.02.21-19.25.00:554][  0]LogContentBrowser: Native class hierarchy updated for 'SceneOutliner' in 0.0002 seconds. Added 1 classes and 2 folders.
[2020.02.21-19.25.00:593][  0]LogSlate: Took 0.000422 seconds to synchronously load lazily loaded font '../../../Engine/Content/Slate/Fonts/Roboto-Regular.ttf' (155K)
[2020.02.21-19.25.00:595][  0]LogSlate: Took 0.000264 seconds to synchronously load lazily loaded font '../../../Engine/Content/Slate/Fonts/Roboto-Bold.ttf' (160K)
[2020.02.21-19.25.00:598][  0]LogSlate: Took 0.000247 seconds to synchronously load lazily loaded font '../../../Engine/Content/Editor/Slate/Fonts/FontAwesome.ttf' (139K)
[2020.02.21-19.25.00:647][  0]LogRenderer: Reallocating scene render targets to support 912x572 Format 10 NumSamples 1 (Frame:1).
[2020.02.21-19.25.00:731][  0]LogContentBrowser: Native class hierarchy updated for 'HierarchicalLODOutliner' in 0.0002 seconds. Added 0 classes and 0 folders.
[2020.02.21-19.25.00:731][  0]LogLoad: (Engine Initialization) Total time: 6.96 seconds
[2020.02.21-19.25.00:731][  0]LogLoad: (Engine Initialization) Total Blueprint compile time: 0.00 seconds
[2020.02.21-19.25.00:783][  0]LogAssetRegistry: Asset discovery search completed in 3.4620 seconds
[2020.02.21-19.25.00:785][  0]LogCollectionManager: Rebuilt the object cache for 0 collections in 0.000003 seconds (found 0 objects)
[2020.02.21-19.25.00:785][  0]LogCollectionManager: Fixed up redirectors for 0 collections in 0.000037 seconds (updated 0 objects)
[2020.02.21-19.25.00:786][  0]LogContentStreaming: Texture pool size now 1000 MB
[2020.02.21-19.25.00:797][  0]LogSlate: Took 0.000312 seconds to synchronously load lazily loaded font '../../../Engine/Content/Slate/Fonts/Roboto-Light.ttf' (167K)
[2020.02.21-19.25.02:093][  4]LogSlate: Took 0.000326 seconds to synchronously load lazily loaded font '../../../Engine/Content/Slate/Fonts/Roboto-Light.ttf' (167K)
[2020.02.21-19.25.05:235][ 14]LogSlate: FSceneViewport::OnFocusLost() reason 0
[2020.02.21-19.25.07:057][123]LogAIModule: Creating AISystem for world Space
[2020.02.21-19.25.07:223][123]LogAssetEditorManager: Opening Asset editor for World /Game/Levels/Space.Space
[2020.02.21-19.25.07:284][123]LogUObjectHash: Compacting FUObjectHashTables data took   1.64ms
[2020.02.21-19.25.07:285][123]Cmd: MAP LOAD FILE="../../../../../../Users/207249/Desktop/CelestialPioneer/CelestialPioneers/Content/Levels/Space.umap" TEMPLATE=0 SHOWPROGRESS=1 FEATURELEVEL=3
[2020.02.21-19.25.07:285][123]LightingResults: New page: Lighting Build
[2020.02.21-19.25.07:287][123]LogContentBrowser: Native class hierarchy updated for 'StatsViewer' in 0.0002 seconds. Added 5 classes and 0 folders.
[2020.02.21-19.25.07:288][123]LoadErrors: New page: Loading map: Space.umap
[2020.02.21-19.25.07:288][123]LogWorld: UWorld::CleanupWorld for Untitled, bSessionEnded=true, bCleanupResources=true
[2020.02.21-19.25.07:288][123]MapCheck: New page: Map Check
[2020.02.21-19.25.07:288][123]LightingResults: New page: Lighting Build
[2020.02.21-19.25.07:314][123]LogUObjectHash: Compacting FUObjectHashTables data took   1.30ms
[2020.02.21-19.25.07:354][123]LogEditorServer: Finished looking for orphan Actors (0.000 secs)
[2020.02.21-19.25.07:377][123]LogUObjectHash: Compacting FUObjectHashTables data took   1.05ms
[2020.02.21-19.25.07:408][123]Cmd: MAP CHECKDEP NOCLEARLOG
[2020.02.21-19.25.07:408][123]MapCheck: Map check complete: 0 Error(s), 0 Warning(s), took 0.057ms to complete.
[2020.02.21-19.25.07:408][123]LogFileHelpers: Loading map 'Space' took 0.123
[2020.02.21-19.25.10:821][525]LogTemp: Repeating last play command: Selected Viewport
[2020.02.21-19.25.10:837][525]LogBlueprintUserMessages: Early PlayInEditor Detection: Level '/Game/Levels/Space.Space:PersistentLevel' has LevelScriptBlueprint '/Game/Levels/Space.Space:PersistentLevel.Space' with GeneratedClass '/Game/Levels/Space.Space_C' with ClassGeneratedBy '/Game/Levels/Space.Space:PersistentLevel.Space'
[2020.02.21-19.25.10:837][525]LogPlayLevel: PlayLevel: No blueprints needed recompiling
[2020.02.21-19.25.10:837][525]PIE: New page: PIE session: Space (Feb 21, 2020, 7:25:10 AM)
[2020.02.21-19.25.10:838][525]LogOnline: OSS: Creating online subsystem instance for: NULL
[2020.02.21-19.25.10:839][525]LogPlayLevel: Creating play world package: /Game/Levels/UEDPIE_0_Space
[2020.02.21-19.25.10:841][525]LogPlayLevel: PIE: StaticDuplicateObject took: (0.002435s)
[2020.02.21-19.25.10:842][525]LogAIModule: Creating AISystem for world Space
[2020.02.21-19.25.10:842][525]LogPlayLevel: PIE: World Init took: (0.000914s)
[2020.02.21-19.25.10:842][525]LogPlayLevel: PIE: Created PIE world by copying editor world from /Game/Levels/Space.Space to /Game/Levels/UEDPIE_0_Space.Space (0.003482s)
[2020.02.21-19.25.10:865][525]LogUObjectHash: Compacting FUObjectHashTables data took   1.10ms
[2020.02.21-19.25.10:876][525]LogInit: XAudio2 using 'Speakers (Synaptics HD Audio)' : 2 channels at 48 kHz using 32 bits per sample (channel mask 0x3)
[2020.02.21-19.25.10:882][525]LogInit: FAudioDevice initialized.
[2020.02.21-19.25.10:894][525]LogLinker: Warning: While loading '../../../../../../Users/207249/Desktop/CelestialPioneer/CelestialPioneers/Content/Test.uasset' failed to load '/Game/CharacterTest': Can't find file.
[2020.02.21-19.25.10:894][525]LogLinker: Warning: While loading '../../../../../../Users/207249/Desktop/CelestialPioneer/CelestialPioneers/Content/Test.uasset' failed to load '/Game/CharacterTest': Can't find file.
[2020.02.21-19.25.10:894][525]LogLinker: Warning: While loading '../../../../../../Users/207249/Desktop/CelestialPioneer/CelestialPioneers/Content/Test.uasset' failed to load '/Game/CharacterTest': Can't find file.
[2020.02.21-19.25.10:895][525]LogLinker: Warning: While loading '../../../../../../Users/207249/Desktop/CelestialPioneer/CelestialPioneers/Content/Test.uasset' failed to load '/Game/CharacterTest': Can't find file.
[2020.02.21-19.25.10:895][525]LogLinker: Warning: Failed to load '/Game/CharacterTest': Can't find file.
[2020.02.21-19.25.10:895][525]LogLinker: Warning: Failed to load '/Game/CharacterTest': Can't find file.
[2020.02.21-19.25.10:895][525]LogLinker: Warning: Failed to load '/Game/CharacterTest': Can't find file.
[2020.02.21-19.25.10:895][525]LogLinker: Warning: Failed to load '/Game/CharacterTest': Can't find file.
[2020.02.21-19.25.10:895][525]LogLinker: Warning: While loading '../../../../../../Users/207249/Desktop/CelestialPioneer/CelestialPioneers/Content/Test.uasset' failed to load '/Game/CharacterTest': Can't find file.
[2020.02.21-19.25.10:895][525]LoadErrors: Failed to load /Game/CharacterTest.CharacterTest_C Referenced by Default__Test_C
[2020.02.21-19.25.10:895][525]LogLinker: Warning: While loading '../../../../../../Users/207249/Desktop/CelestialPioneer/CelestialPioneers/Content/Test.uasset' failed to load '/Game/CharacterTest': Can't find file.
[2020.02.21-19.25.10:897][525]LogLoad: Game class is 'Test_C'
[2020.02.21-19.25.10:898][525]LogWorld: Bringing World /Game/Levels/UEDPIE_0_Space.Space up for play (max tick rate 0) at 2020.02.21-13.25.10
[2020.02.21-19.25.10:898][525]LogWorld: Bringing up level for play took: 0.000655
[2020.02.21-19.25.10:899][525]LogOnline: OSS: Creating online subsystem instance for: :Context_1
[2020.02.21-19.25.10:904][525]LogContentBrowser: Native class hierarchy updated for 'MovieSceneCapture' in 0.0002 seconds. Added 20 classes and 0 folders.
[2020.02.21-19.25.10:904][525]LogGameMode: Display: Match State Changed from EnteringMap to WaitingToStart
[2020.02.21-19.25.10:904][525]LogGameState: Match State Changed from EnteringMap to WaitingToStart
[2020.02.21-19.25.10:904][525]LogGameMode: Display: Match State Changed from WaitingToStart to InProgress
[2020.02.21-19.25.10:905][525]LogGameState: Match State Changed from WaitingToStart to InProgress
[2020.02.21-19.25.10:905][525]PIE: Play in editor start time for /Game/Levels/UEDPIE_0_Space -0.033
[2020.02.21-19.25.10:905][525]LogBlueprintUserMessages: Late PlayInEditor Detection: Level '/Game/Levels/Space.Space:PersistentLevel' has LevelScriptBlueprint '/Game/Levels/Space.Space:PersistentLevel.Space' with GeneratedClass '/Game/Levels/Space.Space_C' with ClassGeneratedBy '/Game/Levels/Space.Space:PersistentLevel.Space'
[2020.02.21-19.25.13:487][833]LogBlueprintUserMessages: Early EndPlayMap Detection: Level '/Game/Levels/Space.Space:PersistentLevel' has LevelScriptBlueprint '/Game/Levels/Space.Space:PersistentLevel.Space' with GeneratedClass '/Game/Levels/Space.Space_C' with ClassGeneratedBy '/Game/Levels/Space.Space:PersistentLevel.Space'
[2020.02.21-19.25.13:487][833]LogSlate: Updating window title bar state: overlay mode, drag disabled, window buttons hidden, title bar hidden
[2020.02.21-19.25.13:487][833]LogWorld: BeginTearingDown for /Game/Levels/UEDPIE_0_Space
[2020.02.21-19.25.13:487][833]LogWorld: UWorld::CleanupWorld for Space, bSessionEnded=true, bCleanupResources=true
[2020.02.21-19.25.13:495][833]LogPlayLevel: Display: Shutting down PIE online subsystems
[2020.02.21-19.25.13:495][833]LogBlueprintUserMessages: Late EndPlayMap Detection: Level '/Game/Levels/Space.Space:PersistentLevel' has LevelScriptBlueprint '/Game/Levels/Space.Space:PersistentLevel.Space' with GeneratedClass '/Game/Levels/Space.Space_C' with ClassGeneratedBy '/Game/Levels/Space.Space:PersistentLevel.Space'
[2020.02.21-19.25.13:521][833]LogSlate: Updating window title bar state: overlay mode, drag disabled, window buttons hidden, title bar hidden
[2020.02.21-19.25.13:523][833]LogUObjectHash: Compacting FUObjectHashTables data took   1.34ms
[2020.02.21-19.25.13:591][841]LogPlayLevel: Display: Destroying online subsystem :Context_1
[2020.02.21-19.25.24:950][ 51]LogTemp: Repeating last play command: Selected Viewport
[2020.02.21-19.25.24:965][ 51]LogBlueprintUserMessages: Early PlayInEditor Detection: Level '/Game/Levels/Space.Space:PersistentLevel' has LevelScriptBlueprint '/Game/Levels/Space.Space:PersistentLevel.Space' with GeneratedClass '/Game/Levels/Space.Space_C' with ClassGeneratedBy '/Game/Levels/Space.Space:PersistentLevel.Space'
[2020.02.21-19.25.24:965][ 51]LogPlayLevel: PlayLevel: No blueprints needed recompiling
[2020.02.21-19.25.24:965][ 51]PIE: New page: PIE session: Space (Feb 21, 2020, 7:25:24 AM)
[2020.02.21-19.25.24:965][ 51]LogPlayLevel: Creating play world package: /Game/Levels/UEDPIE_0_Space
[2020.02.21-19.25.24:967][ 51]LogPlayLevel: PIE: StaticDuplicateObject took: (0.002135s)
[2020.02.21-19.25.24:968][ 51]LogAIModule: Creating AISystem for world Space
[2020.02.21-19.25.24:968][ 51]LogPlayLevel: PIE: World Init took: (0.000645s)
[2020.02.21-19.25.24:968][ 51]LogPlayLevel: PIE: Created PIE world by copying editor world from /Game/Levels/Space.Space to /Game/Levels/UEDPIE_0_Space.Space (0.002855s)
[2020.02.21-19.25.24:989][ 51]LogUObjectHash: Compacting FUObjectHashTables data took   1.01ms
[2020.02.21-19.25.24:999][ 51]LogInit: XAudio2 using 'Speakers (Synaptics HD Audio)' : 2 channels at 48 kHz using 32 bits per sample (channel mask 0x3)
[2020.02.21-19.25.25:005][ 51]LogInit: FAudioDevice initialized.
[2020.02.21-19.25.25:014][ 51]LogLoad: Game class is 'Test_C'
[2020.02.21-19.25.25:015][ 51]LogWorld: Bringing World /Game/Levels/UEDPIE_0_Space.Space up for play (max tick rate 0) at 2020.02.21-13.25.25
[2020.02.21-19.25.25:015][ 51]LogWorld: Bringing up level for play took: 0.000612
[2020.02.21-19.25.25:015][ 51]LogOnline: OSS: Creating online subsystem instance for: :Context_4
[2020.02.21-19.25.25:016][ 51]LogGameMode: Display: Match State Changed from EnteringMap to WaitingToStart
[2020.02.21-19.25.25:016][ 51]LogGameState: Match State Changed from EnteringMap to WaitingToStart
[2020.02.21-19.25.25:016][ 51]LogGameMode: Display: Match State Changed from WaitingToStart to InProgress
[2020.02.21-19.25.25:016][ 51]LogGameState: Match State Changed from WaitingToStart to InProgress
[2020.02.21-19.25.25:016][ 51]PIE: Play in editor start time for /Game/Levels/UEDPIE_0_Space 0.079
[2020.02.21-19.25.25:016][ 51]LogBlueprintUserMessages: Late PlayInEditor Detection: Level '/Game/Levels/Space.Space:PersistentLevel' has LevelScriptBlueprint '/Game/Levels/Space.Space:PersistentLevel.Space' with GeneratedClass '/Game/Levels/Space.Space_C' with ClassGeneratedBy '/Game/Levels/Space.Space:PersistentLevel.Space'
[2020.02.21-19.25.28:294][442]LogBlueprintUserMessages: Early EndPlayMap Detection: Level '/Game/Levels/Space.Space:PersistentLevel' has LevelScriptBlueprint '/Game/Levels/Space.Space:PersistentLevel.Space' with GeneratedClass '/Game/Levels/Space.Space_C' with ClassGeneratedBy '/Game/Levels/Space.Space:PersistentLevel.Space'
[2020.02.21-19.25.28:295][442]LogSlate: Updating window title bar state: overlay mode, drag disabled, window buttons hidden, title bar hidden
[2020.02.21-19.25.28:295][442]LogWorld: BeginTearingDown for /Game/Levels/UEDPIE_0_Space
[2020.02.21-19.25.28:295][442]LogWorld: UWorld::CleanupWorld for Space, bSessionEnded=true, bCleanupResources=true
[2020.02.21-19.25.28:305][442]LogPlayLevel: Display: Shutting down PIE online subsystems
[2020.02.21-19.25.28:305][442]LogBlueprintUserMessages: Late EndPlayMap Detection: Level '/Game/Levels/Space.Space:PersistentLevel' has LevelScriptBlueprint '/Game/Levels/Space.Space:PersistentLevel.Space' with GeneratedClass '/Game/Levels/Space.Space_C' with ClassGeneratedBy '/Game/Levels/Space.Space:PersistentLevel.Space'
[2020.02.21-19.25.28:330][442]LogSlate: Updating window title bar state: overlay mode, drag disabled, window buttons hidden, title bar hidden
[2020.02.21-19.25.28:332][442]LogUObjectHash: Compacting FUObjectHashTables data took   1.07ms
[2020.02.21-19.25.28:401][450]LogPlayLevel: Display: Destroying online subsystem :Context_4
[2020.02.21-19.25.34:038][124]LogEditorViewport: Clicking on Actor (LMB): SpaceSkybox_Bp_C (Skybox)
[2020.02.21-19.25.35:312][275]LogSlate: FSceneViewport::OnFocusLost() reason 0
[2020.02.21-19.25.35:412][287]LogTemp: Repeating last play command: Selected Viewport
[2020.02.21-19.25.35:426][287]LogBlueprintUserMessages: Early PlayInEditor Detection: Level '/Game/Levels/Space.Space:PersistentLevel' has LevelScriptBlueprint '/Game/Levels/Space.Space:PersistentLevel.Space' with GeneratedClass '/Game/Levels/Space.Space_C' with ClassGeneratedBy '/Game/Levels/Space.Space:PersistentLevel.Space'
[2020.02.21-19.25.35:426][287]LogPlayLevel: PlayLevel: No blueprints needed recompiling
[2020.02.21-19.25.35:426][287]PIE: New page: PIE session: Space (Feb 21, 2020, 7:25:35 AM)
[2020.02.21-19.25.35:426][287]LogPlayLevel: Creating play world package: /Game/Levels/UEDPIE_0_Space
[2020.02.21-19.25.35:428][287]LogPlayLevel: PIE: StaticDuplicateObject took: (0.001986s)
[2020.02.21-19.25.35:429][287]LogAIModule: Creating AISystem for world Space
[2020.02.21-19.25.35:429][287]LogPlayLevel: PIE: World Init took: (0.000658s)
[2020.02.21-19.25.35:429][287]LogPlayLevel: PIE: Created PIE world by copying editor world from /Game/Levels/Space.Space to /Game/Levels/UEDPIE_0_Space.Space (0.002719s)
[2020.02.21-19.25.35:452][287]LogUObjectHash: Compacting FUObjectHashTables data took   1.10ms
[2020.02.21-19.25.35:462][287]LogInit: XAudio2 using 'Speakers (Synaptics HD Audio)' : 2 channels at 48 kHz using 32 bits per sample (channel mask 0x3)
[2020.02.21-19.25.35:468][287]LogInit: FAudioDevice initialized.
[2020.02.21-19.25.35:477][287]LogLoad: Game class is 'Test_C'
[2020.02.21-19.25.35:478][287]LogWorld: Bringing World /Game/Levels/UEDPIE_0_Space.Space up for play (max tick rate 0) at 2020.02.21-13.25.35
[2020.02.21-19.25.35:478][287]LogWorld: Bringing up level for play took: 0.000605
[2020.02.21-19.25.35:478][287]LogOnline: OSS: Creating online subsystem instance for: :Context_5
[2020.02.21-19.25.35:479][287]LogGameMode: Display: Match State Changed from EnteringMap to WaitingToStart
[2020.02.21-19.25.35:479][287]LogGameState: Match State Changed from EnteringMap to WaitingToStart
[2020.02.21-19.25.35:479][287]LogGameMode: Display: Match State Changed from WaitingToStart to InProgress
[2020.02.21-19.25.35:479][287]LogGameState: Match State Changed from WaitingToStart to InProgress
[2020.02.21-19.25.35:479][287]PIE: Play in editor start time for /Game/Levels/UEDPIE_0_Space 0.542
[2020.02.21-19.25.35:479][287]LogBlueprintUserMessages: Late PlayInEditor Detection: Level '/Game/Levels/Space.Space:PersistentLevel' has LevelScriptBlueprint '/Game/Levels/Space.Space:PersistentLevel.Space' with GeneratedClass '/Game/Levels/Space.Space_C' with ClassGeneratedBy '/Game/Levels/Space.Space:PersistentLevel.Space'
[2020.02.21-19.25.40:849][930]LogBlueprintUserMessages: Early EndPlayMap Detection: Level '/Game/Levels/Space.Space:PersistentLevel' has LevelScriptBlueprint '/Game/Levels/Space.Space:PersistentLevel.Space' with GeneratedClass '/Game/Levels/Space.Space_C' with ClassGeneratedBy '/Game/Levels/Space.Space:PersistentLevel.Space'
[2020.02.21-19.25.40:849][930]LogSlate: Updating window title bar state: overlay mode, drag disabled, window buttons hidden, title bar hidden
[2020.02.21-19.25.40:849][930]LogWorld: BeginTearingDown for /Game/Levels/UEDPIE_0_Space
[2020.02.21-19.25.40:849][930]LogWorld: UWorld::CleanupWorld for Space, bSessionEnded=true, bCleanupResources=true
[2020.02.21-19.25.40:853][930]LogPlayLevel: Display: Shutting down PIE online subsystems
[2020.02.21-19.25.40:853][930]LogBlueprintUserMessages: Late EndPlayMap Detection: Level '/Game/Levels/Space.Space:PersistentLevel' has LevelScriptBlueprint '/Game/Levels/Space.Space:PersistentLevel.Space' with GeneratedClass '/Game/Levels/Space.Space_C' with ClassGeneratedBy '/Game/Levels/Space.Space:PersistentLevel.Space'
[2020.02.21-19.25.40:877][930]LogSlate: Updating window title bar state: overlay mode, drag disabled, window buttons hidden, title bar hidden
[2020.02.21-19.25.40:879][930]LogUObjectHash: Compacting FUObjectHashTables data took   1.07ms
[2020.02.21-19.25.40:949][938]LogPlayLevel: Display: Destroying online subsystem :Context_5
[2020.02.21-19.25.44:694][387]LogSlate: FSceneViewport::OnFocusLost() reason 0
[2020.02.21-19.26.10:135][236]LogAssetEditorManager: Opening Asset editor for Blueprint /Game/RotationLock.RotationLock
[2020.02.21-19.26.10:341][236]LogContentBrowser: Native class hierarchy updated for 'BlueprintGraph' in 0.0004 seconds. Added 121 classes and 0 folders.
[2020.02.21-19.26.10:975][236]LogSlate: Took 0.000795 seconds to synchronously load lazily loaded font '../../../Engine/Content/Slate/Fonts/Roboto-BoldCondensed.ttf' (158K)
[2020.02.21-19.26.11:002][237]LogSlate: Took 0.000417 seconds to synchronously load lazily loaded font '../../../Engine/Content/Slate/Fonts/Roboto-Italic.ttf' (157K)
[2020.02.21-19.26.12:568][424]LogSlate: Window 'RotationLock' being destroyed
[2020.02.21-19.26.12:572][424]LogSlate: Window 'RotationLock' being destroyed
[2020.02.21-19.26.12:576][424]LogWorld: UWorld::CleanupWorld for World_3, bSessionEnded=true, bCleanupResources=true
[2020.02.21-19.26.13:076][480]LogEditorViewport: Clicking on Actor (LMB): SpaceSkybox_Bp_C (Skybox)
[2020.02.21-19.26.13:569][536]LogSlate: FSceneViewport::OnFocusLost() reason 0
[2020.02.21-19.26.18:325][ 92]LogSlate: FSceneViewport::OnFocusLost() reason 0
[2020.02.21-19.26.49:464][826]LogEditorViewport: Clicking on Actor (LMB): SpaceSkybox_Bp_C (Skybox)
[2020.02.21-19.26.51:156][ 27]LogSlate: FSceneViewport::OnFocusLost() reason 0
[2020.02.21-19.26.51:229][ 36]LogTemp: Repeating last play command: Selected Viewport
[2020.02.21-19.26.51:244][ 36]LogBlueprintUserMessages: Early PlayInEditor Detection: Level '/Game/Levels/Space.Space:PersistentLevel' has LevelScriptBlueprint '/Game/Levels/Space.Space:PersistentLevel.Space' with GeneratedClass '/Game/Levels/Space.Space_C' with ClassGeneratedBy '/Game/Levels/Space.Space:PersistentLevel.Space'
[2020.02.21-19.26.51:244][ 36]LogPlayLevel: PlayLevel: No blueprints needed recompiling
[2020.02.21-19.26.51:244][ 36]PIE: New page: PIE session: Space (Feb 21, 2020, 7:26:51 AM)
[2020.02.21-19.26.51:245][ 36]LogPlayLevel: Creating play world package: /Game/Levels/UEDPIE_0_Space
[2020.02.21-19.26.51:247][ 36]LogPlayLevel: PIE: StaticDuplicateObject took: (0.002000s)
[2020.02.21-19.26.51:247][ 36]LogAIModule: Creating AISystem for world Space
[2020.02.21-19.26.51:247][ 36]LogPlayLevel: PIE: World Init took: (0.000647s)
[2020.02.21-19.26.51:247][ 36]LogPlayLevel: PIE: Created PIE world by copying editor world from /Game/Levels/Space.Space to /Game/Levels/UEDPIE_0_Space.Space (0.002721s)
[2020.02.21-19.26.51:278][ 36]LogUObjectHash: Compacting FUObjectHashTables data took   2.59ms
[2020.02.21-19.26.51:289][ 36]LogInit: XAudio2 using 'Speakers (Synaptics HD Audio)' : 2 channels at 48 kHz using 32 bits per sample (channel mask 0x3)
[2020.02.21-19.26.51:296][ 36]LogInit: FAudioDevice initialized.
[2020.02.21-19.26.51:302][ 36]LogLoad: Game class is 'Test_C'
[2020.02.21-19.26.51:303][ 36]LogWorld: Bringing World /Game/Levels/UEDPIE_0_Space.Space up for play (max tick rate 0) at 2020.02.21-13.26.51
[2020.02.21-19.26.51:303][ 36]LogWorld: Bringing up level for play took: 0.000641
[2020.02.21-19.26.51:303][ 36]LogOnline: OSS: Creating online subsystem instance for: :Context_8
[2020.02.21-19.26.51:304][ 36]LogGameMode: Display: Match State Changed from EnteringMap to WaitingToStart
[2020.02.21-19.26.51:304][ 36]LogGameState: Match State Changed from EnteringMap to WaitingToStart
[2020.02.21-19.26.51:304][ 36]LogGameMode: Display: Match State Changed from WaitingToStart to InProgress
[2020.02.21-19.26.51:304][ 36]LogGameState: Match State Changed from WaitingToStart to InProgress
[2020.02.21-19.26.51:304][ 36]PIE: Play in editor start time for /Game/Levels/UEDPIE_0_Space 0.367
[2020.02.21-19.26.51:305][ 36]LogBlueprintUserMessages: Late PlayInEditor Detection: Level '/Game/Levels/Space.Space:PersistentLevel' has LevelScriptBlueprint '/Game/Levels/Space.Space:PersistentLevel.Space' with GeneratedClass '/Game/Levels/Space.Space_C' with ClassGeneratedBy '/Game/Levels/Space.Space:PersistentLevel.Space'
[2020.02.21-19.26.53:046][243]LogBlueprintUserMessages: Early EndPlayMap Detection: Level '/Game/Levels/Space.Space:PersistentLevel' has LevelScriptBlueprint '/Game/Levels/Space.Space:PersistentLevel.Space' with GeneratedClass '/Game/Levels/Space.Space_C' with ClassGeneratedBy '/Game/Levels/Space.Space:PersistentLevel.Space'
[2020.02.21-19.26.53:046][243]LogSlate: Updating window title bar state: overlay mode, drag disabled, window buttons hidden, title bar hidden
[2020.02.21-19.26.53:046][243]LogWorld: BeginTearingDown for /Game/Levels/UEDPIE_0_Space
[2020.02.21-19.26.53:046][243]LogWorld: UWorld::CleanupWorld for Space, bSessionEnded=true, bCleanupResources=true
[2020.02.21-19.26.53:054][243]LogPlayLevel: Display: Shutting down PIE online subsystems
[2020.02.21-19.26.53:054][243]LogBlueprintUserMessages: Late EndPlayMap Detection: Level '/Game/Levels/Space.Space:PersistentLevel' has LevelScriptBlueprint '/Game/Levels/Space.Space:PersistentLevel.Space' with GeneratedClass '/Game/Levels/Space.Space_C' with ClassGeneratedBy '/Game/Levels/Space.Space:PersistentLevel.Space'
[2020.02.21-19.26.53:082][243]LogSlate: Updating window title bar state: overlay mode, drag disabled, window buttons hidden, title bar hidden
[2020.02.21-19.26.53:085][243]LogUObjectHash: Compacting FUObjectHashTables data took   2.02ms
[2020.02.21-19.26.53:153][250]LogPlayLevel: Display: Destroying online subsystem :Context_8
[2020.02.21-19.26.55:657][529]LogSlate: FSceneViewport::OnFocusLost() reason 0
[2020.02.21-19.26.57:602][758]LogEditorViewport: Clicking on Actor (LMB): SpaceSkybox_Bp_C (Skybox)
[2020.02.21-19.26.58:183][824]LogSlate: FSceneViewport::OnFocusLost() reason 0
[2020.02.21-19.26.58:257][833]LogTemp: Repeating last play command: Selected Viewport
[2020.02.21-19.26.58:272][833]LogBlueprintUserMessages: Early PlayInEditor Detection: Level '/Game/Levels/Space.Space:PersistentLevel' has LevelScriptBlueprint '/Game/Levels/Space.Space:PersistentLevel.Space' with GeneratedClass '/Game/Levels/Space.Space_C' with ClassGeneratedBy '/Game/Levels/Space.Space:PersistentLevel.Space'
[2020.02.21-19.26.58:272][833]LogPlayLevel: PlayLevel: No blueprints needed recompiling
[2020.02.21-19.26.58:272][833]PIE: New page: PIE session: Space (Feb 21, 2020, 7:26:58 AM)
[2020.02.21-19.26.58:272][833]LogPlayLevel: Creating play world package: /Game/Levels/UEDPIE_0_Space
[2020.02.21-19.26.58:274][833]LogPlayLevel: PIE: StaticDuplicateObject took: (0.001966s)
[2020.02.21-19.26.58:275][833]LogAIModule: Creating AISystem for world Space
[2020.02.21-19.26.58:275][833]LogPlayLevel: PIE: World Init took: (0.000722s)
[2020.02.21-19.26.58:275][833]LogPlayLevel: PIE: Created PIE world by copying editor world from /Game/Levels/Space.Space to /Game/Levels/UEDPIE_0_Space.Space (0.002760s)
[2020.02.21-19.26.58:299][833]LogUObjectHash: Compacting FUObjectHashTables data took   1.91ms
[2020.02.21-19.26.58:308][833]LogInit: XAudio2 using 'Speakers (Synaptics HD Audio)' : 2 channels at 48 kHz using 32 bits per sample (channel mask 0x3)
[2020.02.21-19.26.58:315][833]LogInit: FAudioDevice initialized.
[2020.02.21-19.26.58:323][833]LogLoad: Game class is 'Test_C'
[2020.02.21-19.26.58:324][833]LogWorld: Bringing World /Game/Levels/UEDPIE_0_Space.Space up for play (max tick rate 0) at 2020.02.21-13.26.58
[2020.02.21-19.26.58:324][833]LogWorld: Bringing up level for play took: 0.000649
[2020.02.21-19.26.58:324][833]LogOnline: OSS: Creating online subsystem instance for: :Context_9
[2020.02.21-19.26.58:325][833]LogGameMode: Display: Match State Changed from EnteringMap to WaitingToStart
[2020.02.21-19.26.58:325][833]LogGameState: Match State Changed from EnteringMap to WaitingToStart
[2020.02.21-19.26.58:325][833]LogGameMode: Display: Match State Changed from WaitingToStart to InProgress
[2020.02.21-19.26.58:325][833]LogGameState: Match State Changed from WaitingToStart to InProgress
[2020.02.21-19.26.58:325][833]PIE: Play in editor start time for /Game/Levels/UEDPIE_0_Space -0.612
[2020.02.21-19.26.58:325][833]LogBlueprintUserMessages: Late PlayInEditor Detection: Level '/Game/Levels/Space.Space:PersistentLevel' has LevelScriptBlueprint '/Game/Levels/Space.Space:PersistentLevel.Space' with GeneratedClass '/Game/Levels/Space.Space_C' with ClassGeneratedBy '/Game/Levels/Space.Space:PersistentLevel.Space'
[2020.02.21-19.27.01:579][222]LogBlueprintUserMessages: Early EndPlayMap Detection: Level '/Game/Levels/Space.Space:PersistentLevel' has LevelScriptBlueprint '/Game/Levels/Space.Space:PersistentLevel.Space' with GeneratedClass '/Game/Levels/Space.Space_C' with ClassGeneratedBy '/Game/Levels/Space.Space:PersistentLevel.Space'
[2020.02.21-19.27.01:579][222]LogSlate: Updating window title bar state: overlay mode, drag disabled, window buttons hidden, title bar hidden
[2020.02.21-19.27.01:579][222]LogWorld: BeginTearingDown for /Game/Levels/UEDPIE_0_Space
[2020.02.21-19.27.01:579][222]LogWorld: UWorld::CleanupWorld for Space, bSessionEnded=true, bCleanupResources=true
[2020.02.21-19.27.01:590][222]LogPlayLevel: Display: Shutting down PIE online subsystems
[2020.02.21-19.27.01:590][222]LogBlueprintUserMessages: Late EndPlayMap Detection: Level '/Game/Levels/Space.Space:PersistentLevel' has LevelScriptBlueprint '/Game/Levels/Space.Space:PersistentLevel.Space' with GeneratedClass '/Game/Levels/Space.Space_C' with ClassGeneratedBy '/Game/Levels/Space.Space:PersistentLevel.Space'
[2020.02.21-19.27.01:620][222]LogSlate: Updating window title bar state: overlay mode, drag disabled, window buttons hidden, title bar hidden
[2020.02.21-19.27.01:622][222]LogUObjectHash: Compacting FUObjectHashTables data took   1.79ms
[2020.02.21-19.27.01:680][227]LogPlayLevel: Display: Destroying online subsystem :Context_9
[2020.02.21-19.27.03:155][404]LogSlate: FSceneViewport::OnFocusLost() reason 0
[2020.02.21-19.27.06:045][726]LogSlate: FSceneViewport::OnFocusLost() reason 0
[2020.02.21-19.27.14:563][716]LogTemp: Repeating last play command: Selected Viewport
[2020.02.21-19.27.14:578][716]LogBlueprintUserMessages: Early PlayInEditor Detection: Level '/Game/Levels/Space.Space:PersistentLevel' has LevelScriptBlueprint '/Game/Levels/Space.Space:PersistentLevel.Space' with GeneratedClass '/Game/Levels/Space.Space_C' with ClassGeneratedBy '/Game/Levels/Space.Space:PersistentLevel.Space'
[2020.02.21-19.27.14:578][716]LogPlayLevel: PlayLevel: No blueprints needed recompiling
[2020.02.21-19.27.14:578][716]PIE: New page: PIE session: Space (Feb 21, 2020, 7:27:14 AM)
[2020.02.21-19.27.14:578][716]LogPlayLevel: Creating play world package: /Game/Levels/UEDPIE_0_Space
[2020.02.21-19.27.14:580][716]LogPlayLevel: PIE: StaticDuplicateObject took: (0.002033s)
[2020.02.21-19.27.14:581][716]LogAIModule: Creating AISystem for world Space
[2020.02.21-19.27.14:581][716]LogPlayLevel: PIE: World Init took: (0.000713s)
[2020.02.21-19.27.14:581][716]LogPlayLevel: PIE: Created PIE world by copying editor world from /Game/Levels/Space.Space to /Game/Levels/UEDPIE_0_Space.Space (0.002820s)
[2020.02.21-19.27.14:605][716]LogUObjectHash: Compacting FUObjectHashTables data took   1.73ms
[2020.02.21-19.27.14:615][716]LogInit: XAudio2 using 'Speakers (Synaptics HD Audio)' : 2 channels at 48 kHz using 32 bits per sample (channel mask 0x3)
[2020.02.21-19.27.14:622][716]LogInit: FAudioDevice initialized.
[2020.02.21-19.27.14:631][716]LogLoad: Game class is 'Test_C'
[2020.02.21-19.27.14:632][716]LogWorld: Bringing World /Game/Levels/UEDPIE_0_Space.Space up for play (max tick rate 0) at 2020.02.21-13.27.14
[2020.02.21-19.27.14:632][716]LogWorld: Bringing up level for play took: 0.000639
[2020.02.21-19.27.14:632][716]LogOnline: OSS: Creating online subsystem instance for: :Context_10
[2020.02.21-19.27.14:633][716]LogGameMode: Display: Match State Changed from EnteringMap to WaitingToStart
[2020.02.21-19.27.14:633][716]LogGameState: Match State Changed from EnteringMap to WaitingToStart
[2020.02.21-19.27.14:633][716]LogGameMode: Display: Match State Changed from WaitingToStart to InProgress
[2020.02.21-19.27.14:633][716]LogGameState: Match State Changed from WaitingToStart to InProgress
[2020.02.21-19.27.14:633][716]PIE: Play in editor start time for /Game/Levels/UEDPIE_0_Space -0.304
[2020.02.21-19.27.14:633][716]LogBlueprintUserMessages: Late PlayInEditor Detection: Level '/Game/Levels/Space.Space:PersistentLevel' has LevelScriptBlueprint '/Game/Levels/Space.Space:PersistentLevel.Space' with GeneratedClass '/Game/Levels/Space.Space_C' with ClassGeneratedBy '/Game/Levels/Space.Space:PersistentLevel.Space'
[2020.02.21-19.27.17:883][104]LogBlueprintUserMessages: Early EndPlayMap Detection: Level '/Game/Levels/Space.Space:PersistentLevel' has LevelScriptBlueprint '/Game/Levels/Space.Space:PersistentLevel.Space' with GeneratedClass '/Game/Levels/Space.Space_C' with ClassGeneratedBy '/Game/Levels/Space.Space:PersistentLevel.Space'
[2020.02.21-19.27.17:883][104]LogSlate: Updating window title bar state: overlay mode, drag disabled, window buttons hidden, title bar hidden
[2020.02.21-19.27.17:883][104]LogWorld: BeginTearingDown for /Game/Levels/UEDPIE_0_Space
[2020.02.21-19.27.17:883][104]LogWorld: UWorld::CleanupWorld for Space, bSessionEnded=true, bCleanupResources=true
[2020.02.21-19.27.17:886][104]LogPlayLevel: Display: Shutting down PIE online subsystems
[2020.02.21-19.27.17:886][104]LogBlueprintUserMessages: Late EndPlayMap Detection: Level '/Game/Levels/Space.Space:PersistentLevel' has LevelScriptBlueprint '/Game/Levels/Space.Space:PersistentLevel.Space' with GeneratedClass '/Game/Levels/Space.Space_C' with ClassGeneratedBy '/Game/Levels/Space.Space:PersistentLevel.Space'
[2020.02.21-19.27.17:917][104]LogSlate: Updating window title bar state: overlay mode, drag disabled, window buttons hidden, title bar hidden
[2020.02.21-19.27.17:920][104]LogUObjectHash: Compacting FUObjectHashTables data took   1.92ms
[2020.02.21-19.27.17:986][110]LogPlayLevel: Display: Destroying online subsystem :Context_10
[2020.02.21-19.27.24:846][933]LogSlate: FSceneViewport::OnFocusLost() reason 0
[2020.02.21-19.28.04:714][487]LogEditorViewport: Clicking on Actor (LMB): SpaceSkybox_Bp_C (Skybox)
[2020.02.21-19.28.05:703][603]LogEditorViewport: Clicking on Actor (LMB): MovementTest_C (Placeholder Ship)
[2020.02.21-19.28.11:785][196]LogSlate: FSceneViewport::OnFocusLost() reason 0
[2020.02.21-19.28.25:653][598]LogTemp: Repeating last play command: Selected Viewport
[2020.02.21-19.28.25:668][598]LogBlueprintUserMessages: Early PlayInEditor Detection: Level '/Game/Levels/Space.Space:PersistentLevel' has LevelScriptBlueprint '/Game/Levels/Space.Space:PersistentLevel.Space' with GeneratedClass '/Game/Levels/Space.Space_C' with ClassGeneratedBy '/Game/Levels/Space.Space:PersistentLevel.Space'
[2020.02.21-19.28.25:668][598]LogPlayLevel: PlayLevel: No blueprints needed recompiling
[2020.02.21-19.28.25:668][598]PIE: New page: PIE session: Space (Feb 21, 2020, 7:28:25 AM)
[2020.02.21-19.28.25:668][598]LogPlayLevel: Creating play world package: /Game/Levels/UEDPIE_0_Space
[2020.02.21-19.28.25:671][598]LogPlayLevel: PIE: StaticDuplicateObject took: (0.002249s)
[2020.02.21-19.28.25:671][598]LogAIModule: Creating AISystem for world Space
[2020.02.21-19.28.25:671][598]LogPlayLevel: PIE: World Init took: (0.000686s)
[2020.02.21-19.28.25:671][598]LogPlayLevel: PIE: Created PIE world by copying editor world from /Game/Levels/Space.Space to /Game/Levels/UEDPIE_0_Space.Space (0.003017s)
[2020.02.21-19.28.25:696][598]LogUObjectHash: Compacting FUObjectHashTables data took   1.81ms
[2020.02.21-19.28.25:706][598]LogInit: XAudio2 using 'Speakers (Synaptics HD Audio)' : 2 channels at 48 kHz using 32 bits per sample (channel mask 0x3)
[2020.02.21-19.28.25:712][598]LogInit: FAudioDevice initialized.
[2020.02.21-19.28.25:718][598]LogLoad: Game class is 'Test_C'
[2020.02.21-19.28.25:719][598]LogWorld: Bringing World /Game/Levels/UEDPIE_0_Space.Space up for play (max tick rate 0) at 2020.02.21-13.28.25
[2020.02.21-19.28.25:719][598]LogWorld: Bringing up level for play took: 0.000634
[2020.02.21-19.28.25:719][598]LogOnline: OSS: Creating online subsystem instance for: :Context_11
[2020.02.21-19.28.25:720][598]LogGameMode: Display: Match State Changed from EnteringMap to WaitingToStart
[2020.02.21-19.28.25:720][598]LogGameState: Match State Changed from EnteringMap to WaitingToStart
[2020.02.21-19.28.25:720][598]LogGameMode: Display: Match State Changed from WaitingToStart to InProgress
[2020.02.21-19.28.25:720][598]LogGameState: Match State Changed from WaitingToStart to InProgress
[2020.02.21-19.28.25:720][598]PIE: Play in editor start time for /Game/Levels/UEDPIE_0_Space 0.783
[2020.02.21-19.28.25:721][598]LogBlueprintUserMessages: Late PlayInEditor Detection: Level '/Game/Levels/Space.Space:PersistentLevel' has LevelScriptBlueprint '/Game/Levels/Space.Space:PersistentLevel.Space' with GeneratedClass '/Game/Levels/Space.Space_C' with ClassGeneratedBy '/Game/Levels/Space.Space:PersistentLevel.Space'
[2020.02.21-19.28.52:573][818]LogBlueprintUserMessages: Early EndPlayMap Detection: Level '/Game/Levels/Space.Space:PersistentLevel' has LevelScriptBlueprint '/Game/Levels/Space.Space:PersistentLevel.Space' with GeneratedClass '/Game/Levels/Space.Space_C' with ClassGeneratedBy '/Game/Levels/Space.Space:PersistentLevel.Space'
[2020.02.21-19.28.52:573][818]LogSlate: Updating window title bar state: overlay mode, drag disabled, window buttons hidden, title bar hidden
[2020.02.21-19.28.52:573][818]LogWorld: BeginTearingDown for /Game/Levels/UEDPIE_0_Space
[2020.02.21-19.28.52:573][818]LogWorld: UWorld::CleanupWorld for Space, bSessionEnded=true, bCleanupResources=true
[2020.02.21-19.28.52:581][818]LogPlayLevel: Display: Shutting down PIE online subsystems
[2020.02.21-19.28.52:581][818]LogBlueprintUserMessages: Late EndPlayMap Detection: Level '/Game/Levels/Space.Space:PersistentLevel' has LevelScriptBlueprint '/Game/Levels/Space.Space:PersistentLevel.Space' with GeneratedClass '/Game/Levels/Space.Space_C' with ClassGeneratedBy '/Game/Levels/Space.Space:PersistentLevel.Space'
[2020.02.21-19.28.52:610][818]LogSlate: Updating window title bar state: overlay mode, drag disabled, window buttons hidden, title bar hidden
[2020.02.21-19.28.52:612][818]LogUObjectHash: Compacting FUObjectHashTables data took   1.73ms
[2020.02.21-19.28.52:674][825]LogPlayLevel: Display: Destroying online subsystem :Context_11
[2020.02.21-19.29.11:388][138]LogSlate: FSceneViewport::OnFocusLost() reason 5
[2020.02.21-19.29.12:883][236]LogAssetEditorManager: Opening Asset editor for StaticMesh /Game/crane.crane
[2020.02.21-19.29.14:957][237]LogRenderer: Reallocating scene render targets to support 916x572 Format 10 NumSamples 1 (Frame:1).
