Log file open, 05/04/20 16:44:07
LogWindows: Failed to load 'aqProf.dll' (GetLastError=126)
LogWindows: File 'aqProf.dll' does not exist
LogWindows: Failed to load 'VtuneApi.dll' (GetLastError=126)
LogWindows: File 'VtuneApi.dll' does not exist
LogWindows: Failed to load 'VtuneApi32e.dll' (GetLastError=126)
LogWindows: File 'VtuneApi32e.dll' does not exist
LogConsoleResponse: Display: Failed to find resolution value strings in scalability ini. Falling back to default.
LogInit: Display: Running engine for game: CelestialPioneers
LogPlatformFile: Not using cached read wrapper
LogTaskGraph: Started task graph with 5 named threads and 35 total threads with 3 sets of task threads.
LogStats: Stats thread started at 0.881803
LogD3D11RHI: Loaded GFSDK_Aftermath_Lib.x64.dll
LogICUInternationalization: ICU TimeZone Detection - Raw Offset: -6:00, Platform Override: ''
LogPluginManager: Mounting plugin Paper2D
LogPluginManager: Mounting plugin AISupport
LogPluginManager: Mounting plugin LightPropagationVolume
LogPluginManager: Mounting plugin ActorLayerUtilities
LogPluginManager: Mounting plugin AnimationSharing
LogPluginManager: Mounting plugin CLionSourceCodeAccess
LogPluginManager: Mounting plugin CodeLiteSourceCodeAccess
LogPluginManager: Mounting plugin GitSourceControl
LogPluginManager: Mounting plugin KDevelopSourceCodeAccess
LogPluginManager: Mounting plugin NullSourceCodeAccess
LogPluginManager: Mounting plugin PerforceSourceControl
LogPluginManager: Mounting plugin PlasticSourceControl
LogPluginManager: Mounting plugin SubversionSourceControl
LogPluginManager: Mounting plugin UObjectPlugin
LogPluginManager: Mounting plugin VisualStudioCodeSourceCodeAccess
LogPluginManager: Mounting plugin VisualStudioSourceCodeAccess
LogPluginManager: Mounting plugin XCodeSourceCodeAccess
LogPluginManager: Mounting plugin AssetManagerEditor
LogPluginManager: Mounting plugin CryptoKeys
LogPluginManager: Mounting plugin CurveEditorTools
LogPluginManager: Mounting plugin DataValidation
LogPluginManager: Mounting plugin FacialAnimation
LogPluginManager: Mounting plugin GameplayTagsEditor
LogPluginManager: Mounting plugin MacGraphicsSwitching
LogPluginManager: Mounting plugin MaterialAnalyzer
LogPluginManager: Mounting plugin MobileLauncherProfileWizard
LogPluginManager: Mounting plugin PluginBrowser
LogPluginManager: Mounting plugin SpeedTreeImporter
LogPluginManager: Mounting plugin DatasmithContent
LogPluginManager: Mounting plugin VariantManagerContent
LogPluginManager: Mounting plugin AlembicImporter
LogPluginManager: Mounting plugin AutomationUtils
LogPluginManager: Mounting plugin BackChannel
LogPluginManager: Mounting plugin CharacterAI
LogPluginManager: Mounting plugin GeometryCache
LogPluginManager: Mounting plugin PlatformCrypto
LogPluginManager: Mounting plugin ProxyLODPlugin
LogPluginManager: Mounting plugin SkeletalReduction
LogPluginManager: Mounting plugin MagicLeap
LogPluginManager: Mounting plugin MagicLeapMedia
LogPluginManager: Mounting plugin MLSDK
LogPluginManager: Mounting plugin AndroidMedia
LogPluginManager: Mounting plugin AvfMedia
LogPluginManager: Mounting plugin ImgMedia
LogPluginManager: Mounting plugin MediaCompositing
LogPluginManager: Mounting plugin MediaPlayerEditor
LogPluginManager: Mounting plugin WebMMedia
LogPluginManager: Mounting plugin WmfMedia
LogPluginManager: Mounting plugin TcpMessaging
LogPluginManager: Mounting plugin UdpMessaging
LogPluginManager: Mounting plugin ActorSequence
LogPluginManager: Mounting plugin LevelSequenceEditor
LogPluginManager: Mounting plugin MatineeToLevelSequence
LogPluginManager: Mounting plugin NetcodeUnitTest
LogPluginManager: Mounting plugin NUTUnrealEngine4
LogPluginManager: Mounting plugin OnlineSubsystemGooglePlay
LogPluginManager: Mounting plugin OnlineSubsystemIOS
LogPluginManager: Mounting plugin OnlineSubsystem
LogPluginManager: Mounting plugin OnlineSubsystemNull
LogPluginManager: Mounting plugin OnlineSubsystemUtils
LogPluginManager: Mounting plugin LauncherChunkInstaller
LogPluginManager: Mounting plugin AndroidDeviceProfileSelector
LogPluginManager: Mounting plugin AndroidMoviePlayer
LogPluginManager: Mounting plugin AndroidPermission
LogPluginManager: Mounting plugin AppleImageUtils
LogPluginManager: Mounting plugin AppleMoviePlayer
LogPluginManager: Mounting plugin ArchVisCharacter
LogPluginManager: Mounting plugin AssetTags
LogPluginManager: Mounting plugin AudioCapture
LogPluginManager: Mounting plugin CableComponent
LogPluginManager: Mounting plugin CustomMeshComponent
LogPluginManager: Mounting plugin EditableMesh
LogPluginManager: Mounting plugin ExampleDeviceProfileSelector
LogPluginManager: Mounting plugin GoogleCloudMessaging
LogPluginManager: Mounting plugin IOSDeviceProfileSelector
LogPluginManager: Mounting plugin LinuxDeviceProfileSelector
LogPluginManager: Mounting plugin LocationServicesBPLibrary
LogPluginManager: Mounting plugin MobilePatchingUtils
LogPluginManager: Mounting plugin OculusVR
LogPluginManager: Mounting plugin PhysXVehicles
LogPluginManager: Mounting plugin PostSplashScreen
LogPluginManager: Mounting plugin ProceduralMeshComponent
LogPluginManager: Mounting plugin RuntimePhysXCooking
LogPluginManager: Mounting plugin SignificanceManager
LogPluginManager: Mounting plugin SteamVR
LogPluginManager: Mounting plugin WebMMoviePlayer
LogPluginManager: Mounting plugin WindowsMoviePlayer
LogPluginManager: Mounting plugin ScreenshotTools
LogInit: Using libcurl 7.55.1-DEV
LogInit:  - built for x86_64-pc-win32
LogInit:  - supports SSL with OpenSSL/1.1.1
LogInit:  - supports HTTP deflate (compression) using libz 1.2.8
LogInit:  - other features:
LogInit:      CURL_VERSION_SSL
LogInit:      CURL_VERSION_LIBZ
LogInit:      CURL_VERSION_IPV6
LogInit:      CURL_VERSION_ASYNCHDNS
LogInit:      CURL_VERSION_LARGEFILE
LogInit:      CURL_VERSION_IDN
LogInit:  CurlRequestOptions (configurable via config and command line):
LogInit:  - bVerifyPeer = true  - Libcurl will verify peer certificate
LogInit:  - bUseHttpProxy = false  - Libcurl will NOT use HTTP proxy
LogInit:  - bDontReuseConnections = false  - Libcurl will reuse connections
LogInit:  - MaxHostConnections = 16  - Libcurl will limit the number of connections to a host
LogInit:  - LocalHostAddr = Default
LogInit:  - BufferSize = 65536
LogOnline: OSS: Creating online subsystem instance for: NULL
LogInit: WinSock: version 1.1 (2.2), MaxSocks=32767, MaxUdp=65467
LogOnline: OSS: TryLoadSubsystemAndSetDefault: Loaded subsystem for module [NULL]
LogInit: Build: ++UE4+Release-4.24-CL-11590370
LogInit: Engine Version: 4.24.3-11590370+++UE4+Release-4.24
LogInit: Compatible Engine Version: 4.24.0-10570792+++UE4+Release-4.24
LogInit: Net CL: 10570792
LogInit: OS: Windows 10 (Release 1909) (), CPU: AMD Ryzen 5 2600 Six-Core Processor            , GPU: NVIDIA GeForce RTX 2060
LogInit: Compiled (64-bit): Feb 24 2020 15:39:18
LogInit: Compiled with Visual C++: 19.16.27032.01
LogInit: Build Configuration: Development
LogInit: Branch Name: ++UE4+Release-4.24
LogInit: Command Line: 
LogInit: Base Directory: C:/Program Files/Epic Games/UE_4.24/Engine/Binaries/Win64/
LogInit: Installed Engine Build: 1
LogDevObjectVersion: Number of dev versions registered: 25
LogDevObjectVersion:   Dev-Blueprints (B0D832E4-1F89-4F0D-ACCF-7EB736FD4AA2): 10
LogDevObjectVersion:   Dev-Build (E1C64328-A22C-4D53-A36C-8E866417BD8C): 0
LogDevObjectVersion:   Dev-Core (375EC13C-06E4-48FB-B500-84F0262A717E): 3
LogDevObjectVersion:   Dev-Editor (E4B068ED-F494-42E9-A231-DA0B2E46BB41): 37
LogDevObjectVersion:   Dev-Framework (CFFC743F-43B0-4480-9391-14DF171D2073): 36
LogDevObjectVersion:   Dev-Mobile (B02B49B5-BB20-44E9-A304-32B752E40360): 2
LogDevObjectVersion:   Dev-Networking (A4E4105C-59A1-49B5-A7C5-40C4547EDFEE): 0
LogDevObjectVersion:   Dev-Online (39C831C9-5AE6-47DC-9A44-9C173E1C8E7C): 0
LogDevObjectVersion:   Dev-Physics (78F01B33-EBEA-4F98-B9B4-84EACCB95AA2): 2
LogDevObjectVersion:   Dev-Platform (6631380F-2D4D-43E0-8009-CF276956A95A): 0
LogDevObjectVersion:   Dev-Rendering (12F88B9F-8875-4AFC-A67C-D90C383ABD29): 36
LogDevObjectVersion:   Dev-Sequencer (7B5AE74C-D270-4C10-A958-57980B212A5A): 11
LogDevObjectVersion:   Dev-VR (D7296918-1DD6-4BDD-9DE2-64A83CC13884): 2
LogDevObjectVersion:   Dev-LoadTimes (C2A15278-BFE7-4AFE-6C17-90FF531DF755): 1
LogDevObjectVersion:   Private-Geometry (6EACA3D4-40EC-4CC1-B786-8BED09428FC5): 3
LogDevObjectVersion:   Dev-AnimPhys (29E575DD-E0A3-4627-9D10-D276232CDCEA): 17
LogDevObjectVersion:   Dev-Anim (AF43A65D-7FD3-4947-9873-3E8ED9C1BB05): 2
LogDevObjectVersion:   Dev-ReflectionCapture (6B266CEC-1EC7-4B8F-A30B-E4D90942FC07): 1
LogDevObjectVersion:   Dev-Automation (0DF73D61-A23F-47EA-B727-89E90C41499A): 1
LogDevObjectVersion:   FortniteMain (601D1886-AC64-4F84-AA16-D3DE0DEAC7D6): 31
LogDevObjectVersion:   Dev-Enterprise (9DFFBCD6-494F-0158-E221-12823C92A888): 8
LogDevObjectVersion:   Dev-Niagara (F2AED0AC-9AFE-416F-8664-AA7FFA26D6FC): 1
LogDevObjectVersion:   Dev-Destruction (174F1F0B-B4C6-45A5-B13F-2EE8D0FB917D): 9
LogDevObjectVersion:   Dev-Physics-Ext (35F94A83-E258-406C-A318-09F59610247C): 8
LogDevObjectVersion:   Dev-CineCamera (B2E18506-4273-CFC2-A54E-F4BB758BBA07): 1
LogInit: Presizing for max 25165824 objects, including 0 objects not considered by GC, pre-allocating 0 bytes for permanent pool.
LogInit: Object subsystem initialized
LogConfig: Setting CVar [[con.DebugEarlyDefault:1]]
LogConfig: Setting CVar [[r.setres:1280x720]]
[2020.05.04-21.44.08:612][  0]LogConfig: Setting CVar [[r.VSync:0]]
[2020.05.04-21.44.08:612][  0]LogConfig: Setting CVar [[r.RHICmdBypass:0]]
[2020.05.04-21.44.08:613][  0]LogConfig: Applying CVar settings from Section [/Script/Engine.RendererSettings] File [D:/Documents/GitHub/CelestialPioneer/CelestialPioneers/Saved/Config/Windows/Engine.ini]
[2020.05.04-21.44.08:613][  0]LogConfig: Setting CVar [[r.GPUCrashDebugging:0]]
[2020.05.04-21.44.08:613][  0]LogConfig: Setting CVar [[r.MobileHDR:1]]
[2020.05.04-21.44.08:613][  0]LogConfig: Setting CVar [[r.Mobile.DisableVertexFog:1]]
[2020.05.04-21.44.08:613][  0]LogConfig: Setting CVar [[r.Shadow.CSM.MaxMobileCascades:2]]
[2020.05.04-21.44.08:613][  0]LogConfig: Setting CVar [[r.MobileMSAA:1]]
[2020.05.04-21.44.08:613][  0]LogConfig: Setting CVar [[r.Mobile.UseLegacyShadingModel:0]]
[2020.05.04-21.44.08:613][  0]LogConfig: Setting CVar [[r.Mobile.UseHWsRGBEncoding:0]]
[2020.05.04-21.44.08:613][  0]LogConfig: Setting CVar [[r.Mobile.AllowDitheredLODTransition:0]]
[2020.05.04-21.44.08:613][  0]LogConfig: Setting CVar [[r.Mobile.AllowSoftwareOcclusion:0]]
[2020.05.04-21.44.08:613][  0]LogConfig: Setting CVar [[r.DiscardUnusedQuality:0]]
[2020.05.04-21.44.08:613][  0]LogConfig: Setting CVar [[r.AllowOcclusionQueries:1]]
[2020.05.04-21.44.08:613][  0]LogConfig: Setting CVar [[r.MinScreenRadiusForLights:0.030000]]
[2020.05.04-21.44.08:613][  0]LogConfig: Setting CVar [[r.MinScreenRadiusForDepthPrepass:0.030000]]
[2020.05.04-21.44.08:613][  0]LogConfig: Setting CVar [[r.MinScreenRadiusForCSMDepth:0.010000]]
[2020.05.04-21.44.08:613][  0]LogConfig: Setting CVar [[r.PrecomputedVisibilityWarning:0]]
[2020.05.04-21.44.08:614][  0]LogConfig: Setting CVar [[r.TextureStreaming:1]]
[2020.05.04-21.44.08:614][  0]LogConfig: Setting CVar [[Compat.UseDXT5NormalMaps:0]]
[2020.05.04-21.44.08:614][  0]LogConfig: Setting CVar [[r.VirtualTextures:0]]
[2020.05.04-21.44.08:614][  0]LogConfig: Setting CVar [[r.VirtualTexturedLightmaps:0]]
[2020.05.04-21.44.08:614][  0]LogConfig: Setting CVar [[r.VT.TileSize:128]]
[2020.05.04-21.44.08:614][  0]LogConfig: Setting CVar [[r.VT.TileBorderSize:4]]
[2020.05.04-21.44.08:614][  0]LogConfig: Setting CVar [[r.vt.FeedbackFactor:16]]
[2020.05.04-21.44.08:614][  0]LogConfig: Setting CVar [[r.VT.EnableCompressZlib:1]]
[2020.05.04-21.44.08:614][  0]LogConfig: Setting CVar [[r.VT.EnableCompressCrunch:0]]
[2020.05.04-21.44.08:614][  0]LogConfig: Setting CVar [[r.ClearCoatNormal:0]]
[2020.05.04-21.44.08:614][  0]LogConfig: Setting CVar [[r.ReflectionCaptureResolution:128]]
[2020.05.04-21.44.08:614][  0]LogConfig: Setting CVar [[r.ReflectionEnvironmentLightmapMixBasedOnRoughness:1]]
[2020.05.04-21.44.08:614][  0]LogConfig: Setting CVar [[r.ForwardShading:0]]
[2020.05.04-21.44.08:614][  0]LogConfig: Setting CVar [[r.VertexFoggingForOpaque:1]]
[2020.05.04-21.44.08:614][  0]LogConfig: Setting CVar [[r.AllowStaticLighting:1]]
[2020.05.04-21.44.08:614][  0]LogConfig: Setting CVar [[r.NormalMapsForStaticLighting:0]]
[2020.05.04-21.44.08:614][  0]LogConfig: Setting CVar [[r.GenerateMeshDistanceFields:0]]
[2020.05.04-21.44.08:614][  0]LogConfig: Setting CVar [[r.DistanceFieldBuild.EightBit:0]]
[2020.05.04-21.44.08:614][  0]LogConfig: Setting CVar [[r.GenerateLandscapeGIData:0]]
[2020.05.04-21.44.08:614][  0]LogConfig: Setting CVar [[r.DistanceFieldBuild.Compress:0]]
[2020.05.04-21.44.08:614][  0]LogConfig: Setting CVar [[r.TessellationAdaptivePixelsPerTriangle:48.000000]]
[2020.05.04-21.44.08:614][  0]LogConfig: Setting CVar [[r.SeparateTranslucency:1]]
[2020.05.04-21.44.08:614][  0]LogConfig: Setting CVar [[r.TranslucentSortPolicy:0]]
[2020.05.04-21.44.08:614][  0]LogConfig: Setting CVar [[r.CustomDepth:1]]
[2020.05.04-21.44.08:614][  0]LogConfig: Setting CVar [[r.CustomDepthTemporalAAJitter:1]]
[2020.05.04-21.44.08:614][  0]LogConfig: Setting CVar [[r.PostProcessing.PropagateAlpha:0]]
[2020.05.04-21.44.08:614][  0]LogConfig: Setting CVar [[r.DefaultFeature.Bloom:1]]
[2020.05.04-21.44.08:614][  0]LogConfig: Setting CVar [[r.DefaultFeature.AmbientOcclusion:1]]
[2020.05.04-21.44.08:614][  0]LogConfig: Setting CVar [[r.DefaultFeature.AmbientOcclusionStaticFraction:1]]
[2020.05.04-21.44.08:614][  0]LogConfig: Setting CVar [[r.DefaultFeature.AutoExposure:0]]
[2020.05.04-21.44.08:614][  0]LogConfig: Setting CVar [[r.DefaultFeature.AutoExposure.Method:0]]
[2020.05.04-21.44.08:614][  0]LogConfig: Setting CVar [[r.DefaultFeature.AutoExposure.ExtendDefaultLuminanceRange:1]]
[2020.05.04-21.44.08:614][  0]LogConfig: Setting CVar [[r.UsePreExposure:1]]
[2020.05.04-21.44.08:614][  0]LogConfig: Setting CVar [[r.EyeAdaptation.EditorOnly:1]]
[2020.05.04-21.44.08:614][  0]LogConfig: Setting CVar [[r.DefaultFeature.MotionBlur:0]]
[2020.05.04-21.44.08:614][  0]LogConfig: Setting CVar [[r.DefaultFeature.LensFlare:0]]
[2020.05.04-21.44.08:614][  0]LogConfig: Setting CVar [[r.TemporalAA.Upsampling:0]]
[2020.05.04-21.44.08:614][  0]LogConfig: Setting CVar [[r.DefaultFeature.AntiAliasing:0]]
[2020.05.04-21.44.08:614][  0]LogConfig: Setting CVar [[r.DefaultFeature.LightUnits:1]]
[2020.05.04-21.44.08:614][  0]LogConfig: Setting CVar [[r.DefaultBackBufferPixelFormat:4]]
[2020.05.04-21.44.08:614][  0]LogConfig: Setting CVar [[r.Shadow.UnbuiltPreviewInGame:1]]
[2020.05.04-21.44.08:614][  0]LogConfig: Setting CVar [[r.StencilForLODDither:0]]
[2020.05.04-21.44.08:614][  0]LogConfig: Setting CVar [[r.EarlyZPass:3]]
[2020.05.04-21.44.08:647][  0]LogConfig: Setting CVar [[r.EarlyZPassOnlyMaterialMasking:0]]
[2020.05.04-21.44.08:647][  0]LogConfig: Setting CVar [[r.DBuffer:1]]
[2020.05.04-21.44.08:647][  0]LogConfig: Setting CVar [[r.ClearSceneMethod:1]]
[2020.05.04-21.44.08:647][  0]LogConfig: Setting CVar [[r.BasePassOutputsVelocity:0]]
[2020.05.04-21.44.08:647][  0]LogConfig: Setting CVar [[r.SelectiveBasePassOutputs:0]]
[2020.05.04-21.44.08:647][  0]LogConfig: Setting CVar [[fx.GPUSimulationTextureSizeX:1024]]
[2020.05.04-21.44.08:647][  0]LogConfig: Setting CVar [[fx.GPUSimulationTextureSizeY:1024]]
[2020.05.04-21.44.08:647][  0]LogConfig: Setting CVar [[r.AllowGlobalClipPlane:0]]
[2020.05.04-21.44.08:647][  0]LogConfig: Setting CVar [[r.GBufferFormat:1]]
[2020.05.04-21.44.08:647][  0]LogConfig: Setting CVar [[r.MorphTarget.Mode:1]]
[2020.05.04-21.44.08:647][  0]LogConfig: Setting CVar [[vr.InstancedStereo:0]]
[2020.05.04-21.44.08:647][  0]LogConfig: Setting CVar [[vr.MultiView:0]]
[2020.05.04-21.44.08:647][  0]LogConfig: Setting CVar [[vr.MobileMultiView:0]]
[2020.05.04-21.44.08:647][  0]LogConfig: Setting CVar [[vr.MobileMultiView.Direct:0]]
[2020.05.04-21.44.08:647][  0]LogConfig: Setting CVar [[vr.RoundRobinOcclusion:0]]
[2020.05.04-21.44.08:647][  0]LogConfig: Setting CVar [[vr.ODSCapture:0]]
[2020.05.04-21.44.08:647][  0]LogConfig: Setting CVar [[r.WireframeCullThreshold:5.000000]]
[2020.05.04-21.44.08:647][  0]LogConfig: Setting CVar [[r.RayTracing:0]]
[2020.05.04-21.44.08:647][  0]LogConfig: Setting CVar [[r.SupportStationarySkylight:1]]
[2020.05.04-21.44.08:647][  0]LogConfig: Setting CVar [[r.SupportLowQualityLightmaps:1]]
[2020.05.04-21.44.08:647][  0]LogConfig: Setting CVar [[r.SupportPointLightWholeSceneShadows:1]]
[2020.05.04-21.44.08:647][  0]LogConfig: Setting CVar [[r.SupportAtmosphericFog:1]]
[2020.05.04-21.44.08:647][  0]LogConfig: Setting CVar [[r.SkinCache.CompileShaders:0]]
[2020.05.04-21.44.08:647][  0]LogConfig: Setting CVar [[r.Mobile.EnableStaticAndCSMShadowReceivers:1]]
[2020.05.04-21.44.08:647][  0]LogConfig: Setting CVar [[r.Mobile.EnableMovableLightCSMShaderCulling:1]]
[2020.05.04-21.44.08:647][  0]LogConfig: Setting CVar [[r.Mobile.AllowDistanceFieldShadows:1]]
[2020.05.04-21.44.08:647][  0]LogConfig: Setting CVar [[r.Mobile.AllowMovableDirectionalLights:1]]
[2020.05.04-21.44.08:647][  0]LogConfig: Setting CVar [[r.MobileNumDynamicPointLights:4]]
[2020.05.04-21.44.08:647][  0]LogConfig: Setting CVar [[r.MobileDynamicPointLightsUseStaticBranch:1]]
[2020.05.04-21.44.08:647][  0]LogConfig: Setting CVar [[r.Mobile.EnableMovableSpotlights:0]]
[2020.05.04-21.44.08:647][  0]LogConfig: Setting CVar [[r.SkinCache.SceneMemoryLimitInMB:128.000000]]
[2020.05.04-21.44.08:648][  0]LogConfig: Setting CVar [[r.GPUSkin.Limit2BoneInfluences:0]]
[2020.05.04-21.44.08:648][  0]LogConfig: Setting CVar [[r.SupportDepthOnlyIndexBuffers:1]]
[2020.05.04-21.44.08:648][  0]LogConfig: Setting CVar [[r.SupportReversedIndexBuffers:1]]
[2020.05.04-21.44.08:648][  0]LogConfig: Setting CVar [[r.SupportMaterialLayers:0]]
[2020.05.04-21.44.08:648][  0]LogConfig: Applying CVar settings from Section [/Script/Engine.RendererOverrideSettings] File [D:/Documents/GitHub/CelestialPioneer/CelestialPioneers/Saved/Config/Windows/Engine.ini]
[2020.05.04-21.44.08:648][  0]LogConfig: Applying CVar settings from Section [/Script/Engine.StreamingSettings] File [D:/Documents/GitHub/CelestialPioneer/CelestialPioneers/Saved/Config/Windows/Engine.ini]
[2020.05.04-21.44.08:648][  0]LogConfig: Setting CVar [[s.MinBulkDataSizeForAsyncLoading:131072]]
[2020.05.04-21.44.08:648][  0]LogConfig: Setting CVar [[s.AsyncLoadingThreadEnabled:0]]
[2020.05.04-21.44.08:648][  0]LogConfig: Setting CVar [[s.EventDrivenLoaderEnabled:1]]
[2020.05.04-21.44.08:648][  0]LogConfig: Setting CVar [[s.WarnIfTimeLimitExceeded:0]]
[2020.05.04-21.44.08:648][  0]LogConfig: Setting CVar [[s.TimeLimitExceededMultiplier:1.5]]
[2020.05.04-21.44.08:648][  0]LogConfig: Setting CVar [[s.TimeLimitExceededMinTime:0.005]]
[2020.05.04-21.44.08:648][  0]LogConfig: Setting CVar [[s.UseBackgroundLevelStreaming:1]]
[2020.05.04-21.44.08:648][  0]LogConfig: Setting CVar [[s.PriorityAsyncLoadingExtraTime:15.0]]
[2020.05.04-21.44.08:648][  0]LogConfig: Setting CVar [[s.LevelStreamingActorsUpdateTimeLimit:5.0]]
[2020.05.04-21.44.08:648][  0]LogConfig: Setting CVar [[s.PriorityLevelStreamingActorsUpdateExtraTime:5.0]]
[2020.05.04-21.44.08:648][  0]LogConfig: Setting CVar [[s.LevelStreamingComponentsRegistrationGranularity:10]]
[2020.05.04-21.44.08:648][  0]LogConfig: Setting CVar [[s.UnregisterComponentsTimeLimit:1.0]]
[2020.05.04-21.44.08:648][  0]LogConfig: Setting CVar [[s.LevelStreamingComponentsUnregistrationGranularity:5]]
[2020.05.04-21.44.08:648][  0]LogConfig: Setting CVar [[s.FlushStreamingOnExit:1]]
[2020.05.04-21.44.08:648][  0]LogConfig: Applying CVar settings from Section [/Script/Engine.GarbageCollectionSettings] File [D:/Documents/GitHub/CelestialPioneer/CelestialPioneers/Saved/Config/Windows/Engine.ini]
[2020.05.04-21.44.08:648][  0]LogConfig: Setting CVar [[gc.MaxObjectsNotConsideredByGC:1]]
[2020.05.04-21.44.08:648][  0]LogConfig: Setting CVar [[gc.SizeOfPermanentObjectPool:0]]
[2020.05.04-21.44.08:648][  0]LogConfig: Setting CVar [[gc.FlushStreamingOnGC:0]]
[2020.05.04-21.44.08:648][  0]LogConfig: Setting CVar [[gc.NumRetriesBeforeForcingGC:10]]
[2020.05.04-21.44.08:648][  0]LogConfig: Setting CVar [[gc.AllowParallelGC:1]]
[2020.05.04-21.44.08:648][  0]LogConfig: Setting CVar [[gc.TimeBetweenPurgingPendingKillObjects:61.1]]
[2020.05.04-21.44.08:648][  0]LogConfig: Setting CVar [[gc.MaxObjectsInEditor:25165824]]
[2020.05.04-21.44.08:648][  0]LogConfig: Setting CVar [[gc.IncrementalBeginDestroyEnabled:1]]
[2020.05.04-21.44.08:648][  0]LogConfig: Setting CVar [[gc.CreateGCClusters:1]]
[2020.05.04-21.44.08:648][  0]LogConfig: Setting CVar [[gc.MinGCClusterSize:5]]
[2020.05.04-21.44.08:648][  0]LogConfig: Setting CVar [[gc.ActorClusteringEnabled:0]]
[2020.05.04-21.44.08:648][  0]LogConfig: Setting CVar [[gc.BlueprintClusteringEnabled:0]]
[2020.05.04-21.44.08:648][  0]LogConfig: Setting CVar [[gc.UseDisregardForGCOnDedicatedServers:0]]
[2020.05.04-21.44.08:648][  0]LogConfig: Applying CVar settings from Section [/Script/Engine.NetworkSettings] File [D:/Documents/GitHub/CelestialPioneer/CelestialPioneers/Saved/Config/Windows/Engine.ini]
[2020.05.04-21.44.08:648][  0]LogConfig: Applying CVar settings from Section [/Script/UnrealEd.CookerSettings] File [D:/Documents/GitHub/CelestialPioneer/CelestialPioneers/Saved/Config/Windows/Engine.ini]
[2020.05.04-21.44.08:655][  0]LogConfig: Applying CVar settings from Section [ViewDistanceQuality@3] File [D:/Documents/GitHub/CelestialPioneer/CelestialPioneers/Saved/Config/Windows/Scalability.ini]
[2020.05.04-21.44.08:655][  0]LogConfig: Setting CVar [[r.SkeletalMeshLODBias:0]]
[2020.05.04-21.44.08:655][  0]LogConfig: Setting CVar [[r.ViewDistanceScale:1.0]]
[2020.05.04-21.44.08:655][  0]LogConfig: Applying CVar settings from Section [AntiAliasingQuality@3] File [D:/Documents/GitHub/CelestialPioneer/CelestialPioneers/Saved/Config/Windows/Scalability.ini]
[2020.05.04-21.44.08:655][  0]LogConfig: Setting CVar [[r.PostProcessAAQuality:4]]
[2020.05.04-21.44.08:655][  0]LogConfig: Applying CVar settings from Section [ShadowQuality@3] File [D:/Documents/GitHub/CelestialPioneer/CelestialPioneers/Saved/Config/Windows/Scalability.ini]
[2020.05.04-21.44.08:655][  0]LogConfig: Setting CVar [[r.LightFunctionQuality:1]]
[2020.05.04-21.44.08:655][  0]LogConfig: Setting CVar [[r.ShadowQuality:5]]
[2020.05.04-21.44.08:655][  0]LogConfig: Setting CVar [[r.Shadow.CSM.MaxCascades:10]]
[2020.05.04-21.44.08:655][  0]LogConfig: Setting CVar [[r.Shadow.MaxResolution:2048]]
[2020.05.04-21.44.08:655][  0]LogConfig: Setting CVar [[r.Shadow.MaxCSMResolution:2048]]
[2020.05.04-21.44.08:655][  0]LogConfig: Setting CVar [[r.Shadow.RadiusThreshold:0.01]]
[2020.05.04-21.44.08:655][  0]LogConfig: Setting CVar [[r.Shadow.DistanceScale:1.0]]
[2020.05.04-21.44.08:655][  0]LogConfig: Setting CVar [[r.Shadow.CSM.TransitionScale:1.0]]
[2020.05.04-21.44.08:655][  0]LogConfig: Setting CVar [[r.Shadow.PreShadowResolutionFactor:1.0]]
[2020.05.04-21.44.08:655][  0]LogConfig: Setting CVar [[r.DistanceFieldShadowing:1]]
[2020.05.04-21.44.08:655][  0]LogConfig: Setting CVar [[r.DistanceFieldAO:1]]
[2020.05.04-21.44.08:655][  0]LogConfig: Setting CVar [[r.AOQuality:2]]
[2020.05.04-21.44.08:656][  0]LogConfig: Setting CVar [[r.VolumetricFog:1]]
[2020.05.04-21.44.08:656][  0]LogConfig: Setting CVar [[r.VolumetricFog.GridPixelSize:8]]
[2020.05.04-21.44.08:656][  0]LogConfig: Setting CVar [[r.VolumetricFog.GridSizeZ:128]]
[2020.05.04-21.44.08:656][  0]LogConfig: Setting CVar [[r.VolumetricFog.HistoryMissSupersampleCount:4]]
[2020.05.04-21.44.08:656][  0]LogConfig: Setting CVar [[r.LightMaxDrawDistanceScale:1]]
[2020.05.04-21.44.08:656][  0]LogConfig: Setting CVar [[r.CapsuleShadows:1]]
[2020.05.04-21.44.08:656][  0]LogConfig: Applying CVar settings from Section [PostProcessQuality@3] File [D:/Documents/GitHub/CelestialPioneer/CelestialPioneers/Saved/Config/Windows/Scalability.ini]
[2020.05.04-21.44.08:656][  0]LogConfig: Setting CVar [[r.MotionBlurQuality:4]]
[2020.05.04-21.44.08:656][  0]LogConfig: Setting CVar [[r.AmbientOcclusionMipLevelFactor:0.4]]
[2020.05.04-21.44.08:656][  0]LogConfig: Setting CVar [[r.AmbientOcclusionMaxQuality:100]]
[2020.05.04-21.44.08:656][  0]LogConfig: Setting CVar [[r.AmbientOcclusionLevels:-1]]
[2020.05.04-21.44.08:656][  0]LogConfig: Setting CVar [[r.AmbientOcclusionRadiusScale:1.0]]
[2020.05.04-21.44.08:656][  0]LogConfig: Setting CVar [[r.DepthOfFieldQuality:2]]
[2020.05.04-21.44.08:656][  0]LogConfig: Setting CVar [[r.RenderTargetPoolMin:400]]
[2020.05.04-21.44.08:656][  0]LogConfig: Setting CVar [[r.LensFlareQuality:2]]
[2020.05.04-21.44.08:656][  0]LogConfig: Setting CVar [[r.SceneColorFringeQuality:1]]
[2020.05.04-21.44.08:656][  0]LogConfig: Setting CVar [[r.EyeAdaptationQuality:2]]
[2020.05.04-21.44.08:656][  0]LogConfig: Setting CVar [[r.BloomQuality:5]]
[2020.05.04-21.44.08:656][  0]LogConfig: Setting CVar [[r.FastBlurThreshold:100]]
[2020.05.04-21.44.08:656][  0]LogConfig: Setting CVar [[r.Upscale.Quality:3]]
[2020.05.04-21.44.08:656][  0]LogConfig: Setting CVar [[r.Tonemapper.GrainQuantization:1]]
[2020.05.04-21.44.08:656][  0]LogConfig: Setting CVar [[r.LightShaftQuality:1]]
[2020.05.04-21.44.08:656][  0]LogConfig: Setting CVar [[r.Filter.SizeScale:1]]
[2020.05.04-21.44.08:656][  0]LogConfig: Setting CVar [[r.Tonemapper.Quality:5]]
[2020.05.04-21.44.08:656][  0]LogConfig: Setting CVar [[r.DOF.Gather.AccumulatorQuality:1        ; higher gathering accumulator quality]]
[2020.05.04-21.44.08:656][  0]LogConfig: Setting CVar [[r.DOF.Gather.PostfilterMethod:1          ; Median3x3 postfilering method]]
[2020.05.04-21.44.08:656][  0]LogConfig: Setting CVar [[r.DOF.Gather.EnableBokehSettings:0       ; no bokeh simulation when gathering]]
[2020.05.04-21.44.08:656][  0]LogConfig: Setting CVar [[r.DOF.Gather.RingCount:4                 ; medium number of samples when gathering]]
[2020.05.04-21.44.08:656][  0]LogConfig: Setting CVar [[r.DOF.Scatter.ForegroundCompositing:1    ; additive foreground scattering]]
[2020.05.04-21.44.08:656][  0]LogConfig: Setting CVar [[r.DOF.Scatter.BackgroundCompositing:2    ; additive background scattering]]
[2020.05.04-21.44.08:656][  0]LogConfig: Setting CVar [[r.DOF.Scatter.EnableBokehSettings:1      ; bokeh simulation when scattering]]
[2020.05.04-21.44.08:656][  0]LogConfig: Setting CVar [[r.DOF.Scatter.MaxSpriteRatio:0.1         ; only a maximum of 10% of scattered bokeh]]
[2020.05.04-21.44.08:656][  0]LogConfig: Setting CVar [[r.DOF.Recombine.Quality:1                ; cheap slight out of focus]]
[2020.05.04-21.44.08:656][  0]LogConfig: Setting CVar [[r.DOF.Recombine.EnableBokehSettings:0    ; no bokeh simulation on slight out of focus]]
[2020.05.04-21.44.08:656][  0]LogConfig: Setting CVar [[r.DOF.TemporalAAQuality:1                ; more stable temporal accumulation]]
[2020.05.04-21.44.08:656][  0]LogConfig: Setting CVar [[r.DOF.Kernel.MaxForegroundRadius:0.025]]
[2020.05.04-21.44.08:656][  0]LogConfig: Setting CVar [[r.DOF.Kernel.MaxBackgroundRadius:0.025]]
[2020.05.04-21.44.08:656][  0]LogConfig: Applying CVar settings from Section [TextureQuality@3] File [D:/Documents/GitHub/CelestialPioneer/CelestialPioneers/Saved/Config/Windows/Scalability.ini]
[2020.05.04-21.44.08:657][  0]LogConfig: Setting CVar [[r.Streaming.MipBias:0]]
[2020.05.04-21.44.08:657][  0]LogConfig: Setting CVar [[r.Streaming.AmortizeCPUToGPUCopy:0]]
[2020.05.04-21.44.08:657][  0]LogConfig: Setting CVar [[r.Streaming.MaxNumTexturesToStreamPerFrame:0]]
[2020.05.04-21.44.08:657][  0]LogConfig: Setting CVar [[r.Streaming.Boost:1]]
[2020.05.04-21.44.08:657][  0]LogConfig: Setting CVar [[r.MaxAnisotropy:8]]
[2020.05.04-21.44.08:657][  0]LogConfig: Setting CVar [[r.VT.MaxAnisotropy:8]]
[2020.05.04-21.44.08:657][  0]LogConfig: Setting CVar [[r.Streaming.LimitPoolSizeToVRAM:0]]
[2020.05.04-21.44.08:657][  0]LogConfig: Setting CVar [[r.Streaming.PoolSize:1000]]
[2020.05.04-21.44.08:657][  0]LogConfig: Setting CVar [[r.Streaming.MaxEffectiveScreenSize:0]]
[2020.05.04-21.44.08:657][  0]LogConfig: Applying CVar settings from Section [EffectsQuality@3] File [D:/Documents/GitHub/CelestialPioneer/CelestialPioneers/Saved/Config/Windows/Scalability.ini]
[2020.05.04-21.44.08:657][  0]LogConfig: Setting CVar [[r.TranslucencyLightingVolumeDim:64]]
[2020.05.04-21.44.08:657][  0]LogConfig: Setting CVar [[r.RefractionQuality:2]]
[2020.05.04-21.44.08:657][  0]LogConfig: Setting CVar [[r.SSR.Quality:3]]
[2020.05.04-21.44.08:657][  0]LogConfig: Setting CVar [[r.SSR.HalfResSceneColor:0]]
[2020.05.04-21.44.08:657][  0]LogConfig: Setting CVar [[r.SceneColorFormat:4]]
[2020.05.04-21.44.08:657][  0]LogConfig: Setting CVar [[r.DetailMode:2]]
[2020.05.04-21.44.08:657][  0]LogConfig: Setting CVar [[r.TranslucencyVolumeBlur:1]]
[2020.05.04-21.44.08:657][  0]LogConfig: Setting CVar [[r.MaterialQualityLevel:1 ; High quality]]
[2020.05.04-21.44.08:657][  0]LogConfig: Setting CVar [[r.SSS.Scale:1]]
[2020.05.04-21.44.08:657][  0]LogConfig: Setting CVar [[r.SSS.SampleSet:2]]
[2020.05.04-21.44.08:657][  0]LogConfig: Setting CVar [[r.SSS.Quality:1]]
[2020.05.04-21.44.08:657][  0]LogConfig: Setting CVar [[r.SSS.HalfRes:1]]
[2020.05.04-21.44.08:657][  0]LogConfig: Setting CVar [[r.SSGI.Quality:3]]
[2020.05.04-21.44.08:657][  0]LogConfig: Setting CVar [[r.EmitterSpawnRateScale:1.0]]
[2020.05.04-21.44.08:657][  0]LogConfig: Setting CVar [[r.ParticleLightQuality:2]]
[2020.05.04-21.44.08:657][  0]LogConfig: Setting CVar [[r.SkyAtmosphere.AerialPerspectiveLUT.FastApplyOnOpaque:1 ; Always have FastSkyLUT 1 in this case to avoid wrong sky]]
[2020.05.04-21.44.08:657][  0]LogConfig: Setting CVar [[r.SkyAtmosphere.AerialPerspectiveLUT.SampleCountPerSlice:1]]
[2020.05.04-21.44.08:657][  0]LogConfig: Setting CVar [[r.SkyAtmosphere.AerialPerspectiveLUT.DepthResolution:16.0]]
[2020.05.04-21.44.08:657][  0]LogConfig: Setting CVar [[r.SkyAtmosphere.FastSkyLUT:1]]
[2020.05.04-21.44.08:657][  0]LogConfig: Setting CVar [[r.SkyAtmosphere.FastSkyLUT.SampleCountMin:4.0]]
[2020.05.04-21.44.08:657][  0]LogConfig: Setting CVar [[r.SkyAtmosphere.FastSkyLUT.SampleCountMax:32.0]]
[2020.05.04-21.44.08:657][  0]LogConfig: Setting CVar [[r.SkyAtmosphere.SampleCountMin:4.0]]
[2020.05.04-21.44.08:657][  0]LogConfig: Setting CVar [[r.SkyAtmosphere.SampleCountMax:32.0]]
[2020.05.04-21.44.08:657][  0]LogConfig: Setting CVar [[r.SkyAtmosphere.TransmittanceLUT.UseSmallFormat:0]]
[2020.05.04-21.44.08:657][  0]LogConfig: Setting CVar [[r.SkyAtmosphere.TransmittanceLUT.SampleCount:10.0]]
[2020.05.04-21.44.08:657][  0]LogConfig: Setting CVar [[r.SkyAtmosphere.MultiScatteringLUT.SampleCount:15.0]]
[2020.05.04-21.44.08:657][  0]LogConfig: Applying CVar settings from Section [FoliageQuality@3] File [D:/Documents/GitHub/CelestialPioneer/CelestialPioneers/Saved/Config/Windows/Scalability.ini]
[2020.05.04-21.44.08:657][  0]LogConfig: Setting CVar [[foliage.DensityScale:1.0]]
[2020.05.04-21.44.08:657][  0]LogConfig: Setting CVar [[grass.DensityScale:1.0]]
[2020.05.04-21.44.08:657][  0]LogConfig: Applying CVar settings from Section [ShadingQuality@3] File [D:/Documents/GitHub/CelestialPioneer/CelestialPioneers/Saved/Config/Windows/Scalability.ini]
[2020.05.04-21.44.08:657][  0]LogConfig: Setting CVar [[r.HairStrands.SkyLighting.SampleCount:16]]
[2020.05.04-21.44.08:657][  0]LogConfig: Setting CVar [[r.HairStrands.SkyLighting.JitterIntegration:0]]
[2020.05.04-21.44.08:657][  0]LogConfig: Setting CVar [[r.HairStrands.SkyAO.SampleCount:16]]
[2020.05.04-21.44.08:658][  0]LogInit: Selected Device Profile: [Windows]
[2020.05.04-21.44.08:658][  0]LogInit: Applying CVar settings loaded from the selected device profile: [Windows]
[2020.05.04-21.44.08:732][  0]LogHAL: Display: Platform has ~ 16 GB [17106575360 / 17179869184 / 16], which maps to Larger [LargestMinGB=32, LargerMinGB=12, DefaultMinGB=8, SmallerMinGB=6, SmallestMinGB=0)
[2020.05.04-21.44.08:732][  0]LogInit: Going up to parent DeviceProfile []
[2020.05.04-21.44.08:732][  0]LogConfig: Applying CVar settings from Section [ViewDistanceQuality@3] File [D:/Documents/GitHub/CelestialPioneer/CelestialPioneers/Saved/Config/Windows/Scalability.ini]
[2020.05.04-21.44.08:732][  0]LogConfig: Setting CVar [[r.SkeletalMeshLODBias:0]]
[2020.05.04-21.44.08:732][  0]LogConfig: Setting CVar [[r.ViewDistanceScale:1.0]]
[2020.05.04-21.44.08:732][  0]LogConfig: Applying CVar settings from Section [AntiAliasingQuality@3] File [D:/Documents/GitHub/CelestialPioneer/CelestialPioneers/Saved/Config/Windows/Scalability.ini]
[2020.05.04-21.44.08:732][  0]LogConfig: Setting CVar [[r.PostProcessAAQuality:4]]
[2020.05.04-21.44.08:732][  0]LogConfig: Applying CVar settings from Section [ShadowQuality@3] File [D:/Documents/GitHub/CelestialPioneer/CelestialPioneers/Saved/Config/Windows/Scalability.ini]
[2020.05.04-21.44.08:732][  0]LogConfig: Setting CVar [[r.LightFunctionQuality:1]]
[2020.05.04-21.44.08:732][  0]LogConfig: Setting CVar [[r.ShadowQuality:5]]
[2020.05.04-21.44.08:732][  0]LogConfig: Setting CVar [[r.Shadow.CSM.MaxCascades:10]]
[2020.05.04-21.44.08:732][  0]LogConfig: Setting CVar [[r.Shadow.MaxResolution:2048]]
[2020.05.04-21.44.08:732][  0]LogConfig: Setting CVar [[r.Shadow.MaxCSMResolution:2048]]
[2020.05.04-21.44.08:732][  0]LogConfig: Setting CVar [[r.Shadow.RadiusThreshold:0.01]]
[2020.05.04-21.44.08:732][  0]LogConfig: Setting CVar [[r.Shadow.DistanceScale:1.0]]
[2020.05.04-21.44.08:732][  0]LogConfig: Setting CVar [[r.Shadow.CSM.TransitionScale:1.0]]
[2020.05.04-21.44.08:732][  0]LogConfig: Setting CVar [[r.Shadow.PreShadowResolutionFactor:1.0]]
[2020.05.04-21.44.08:732][  0]LogConfig: Setting CVar [[r.DistanceFieldShadowing:1]]
[2020.05.04-21.44.08:732][  0]LogConfig: Setting CVar [[r.DistanceFieldAO:1]]
[2020.05.04-21.44.08:732][  0]LogConfig: Setting CVar [[r.AOQuality:2]]
[2020.05.04-21.44.08:732][  0]LogConfig: Setting CVar [[r.VolumetricFog:1]]
[2020.05.04-21.44.08:732][  0]LogConfig: Setting CVar [[r.VolumetricFog.GridPixelSize:8]]
[2020.05.04-21.44.08:732][  0]LogConfig: Setting CVar [[r.VolumetricFog.GridSizeZ:128]]
[2020.05.04-21.44.08:732][  0]LogConfig: Setting CVar [[r.VolumetricFog.HistoryMissSupersampleCount:4]]
[2020.05.04-21.44.08:732][  0]LogConfig: Setting CVar [[r.LightMaxDrawDistanceScale:1]]
[2020.05.04-21.44.08:732][  0]LogConfig: Setting CVar [[r.CapsuleShadows:1]]
[2020.05.04-21.44.08:732][  0]LogConfig: Applying CVar settings from Section [PostProcessQuality@3] File [D:/Documents/GitHub/CelestialPioneer/CelestialPioneers/Saved/Config/Windows/Scalability.ini]
[2020.05.04-21.44.08:733][  0]LogConfig: Setting CVar [[r.MotionBlurQuality:4]]
[2020.05.04-21.44.08:733][  0]LogConfig: Setting CVar [[r.AmbientOcclusionMipLevelFactor:0.4]]
[2020.05.04-21.44.08:733][  0]LogConfig: Setting CVar [[r.AmbientOcclusionMaxQuality:100]]
[2020.05.04-21.44.08:733][  0]LogConfig: Setting CVar [[r.AmbientOcclusionLevels:-1]]
[2020.05.04-21.44.08:733][  0]LogConfig: Setting CVar [[r.AmbientOcclusionRadiusScale:1.0]]
[2020.05.04-21.44.08:733][  0]LogConfig: Setting CVar [[r.DepthOfFieldQuality:2]]
[2020.05.04-21.44.08:733][  0]LogConfig: Setting CVar [[r.RenderTargetPoolMin:400]]
[2020.05.04-21.44.08:733][  0]LogConfig: Setting CVar [[r.LensFlareQuality:2]]
[2020.05.04-21.44.08:733][  0]LogConfig: Setting CVar [[r.SceneColorFringeQuality:1]]
[2020.05.04-21.44.08:733][  0]LogConfig: Setting CVar [[r.EyeAdaptationQuality:2]]
[2020.05.04-21.44.08:733][  0]LogConfig: Setting CVar [[r.BloomQuality:5]]
[2020.05.04-21.44.08:733][  0]LogConfig: Setting CVar [[r.FastBlurThreshold:100]]
[2020.05.04-21.44.08:733][  0]LogConfig: Setting CVar [[r.Upscale.Quality:3]]
[2020.05.04-21.44.08:733][  0]LogConfig: Setting CVar [[r.Tonemapper.GrainQuantization:1]]
[2020.05.04-21.44.08:733][  0]LogConfig: Setting CVar [[r.LightShaftQuality:1]]
[2020.05.04-21.44.08:733][  0]LogConfig: Setting CVar [[r.Filter.SizeScale:1]]
[2020.05.04-21.44.08:733][  0]LogConfig: Setting CVar [[r.Tonemapper.Quality:5]]
[2020.05.04-21.44.08:733][  0]LogConfig: Setting CVar [[r.DOF.Gather.AccumulatorQuality:1        ; higher gathering accumulator quality]]
[2020.05.04-21.44.08:733][  0]LogConfig: Setting CVar [[r.DOF.Gather.PostfilterMethod:1          ; Median3x3 postfilering method]]
[2020.05.04-21.44.08:733][  0]LogConfig: Setting CVar [[r.DOF.Gather.EnableBokehSettings:0       ; no bokeh simulation when gathering]]
[2020.05.04-21.44.08:733][  0]LogConfig: Setting CVar [[r.DOF.Gather.RingCount:4                 ; medium number of samples when gathering]]
[2020.05.04-21.44.08:733][  0]LogConfig: Setting CVar [[r.DOF.Scatter.ForegroundCompositing:1    ; additive foreground scattering]]
[2020.05.04-21.44.08:733][  0]LogConfig: Setting CVar [[r.DOF.Scatter.BackgroundCompositing:2    ; additive background scattering]]
[2020.05.04-21.44.08:733][  0]LogConfig: Setting CVar [[r.DOF.Scatter.EnableBokehSettings:1      ; bokeh simulation when scattering]]
[2020.05.04-21.44.08:733][  0]LogConfig: Setting CVar [[r.DOF.Scatter.MaxSpriteRatio:0.1         ; only a maximum of 10% of scattered bokeh]]
[2020.05.04-21.44.08:733][  0]LogConfig: Setting CVar [[r.DOF.Recombine.Quality:1                ; cheap slight out of focus]]
[2020.05.04-21.44.08:733][  0]LogConfig: Setting CVar [[r.DOF.Recombine.EnableBokehSettings:0    ; no bokeh simulation on slight out of focus]]
[2020.05.04-21.44.08:733][  0]LogConfig: Setting CVar [[r.DOF.TemporalAAQuality:1                ; more stable temporal accumulation]]
[2020.05.04-21.44.08:733][  0]LogConfig: Setting CVar [[r.DOF.Kernel.MaxForegroundRadius:0.025]]
[2020.05.04-21.44.08:733][  0]LogConfig: Setting CVar [[r.DOF.Kernel.MaxBackgroundRadius:0.025]]
[2020.05.04-21.44.08:733][  0]LogConfig: Applying CVar settings from Section [TextureQuality@3] File [D:/Documents/GitHub/CelestialPioneer/CelestialPioneers/Saved/Config/Windows/Scalability.ini]
[2020.05.04-21.44.08:733][  0]LogConfig: Setting CVar [[r.Streaming.MipBias:0]]
[2020.05.04-21.44.08:733][  0]LogConfig: Setting CVar [[r.Streaming.AmortizeCPUToGPUCopy:0]]
[2020.05.04-21.44.08:733][  0]LogConfig: Setting CVar [[r.Streaming.MaxNumTexturesToStreamPerFrame:0]]
[2020.05.04-21.44.08:733][  0]LogConfig: Setting CVar [[r.Streaming.Boost:1]]
[2020.05.04-21.44.08:733][  0]LogConfig: Setting CVar [[r.MaxAnisotropy:8]]
[2020.05.04-21.44.08:733][  0]LogConfig: Setting CVar [[r.VT.MaxAnisotropy:8]]
[2020.05.04-21.44.08:733][  0]LogConfig: Setting CVar [[r.Streaming.LimitPoolSizeToVRAM:0]]
[2020.05.04-21.44.08:733][  0]LogConfig: Setting CVar [[r.Streaming.PoolSize:1000]]
[2020.05.04-21.44.08:733][  0]LogConfig: Setting CVar [[r.Streaming.MaxEffectiveScreenSize:0]]
[2020.05.04-21.44.08:733][  0]LogConfig: Applying CVar settings from Section [EffectsQuality@3] File [D:/Documents/GitHub/CelestialPioneer/CelestialPioneers/Saved/Config/Windows/Scalability.ini]
[2020.05.04-21.44.08:733][  0]LogConfig: Setting CVar [[r.TranslucencyLightingVolumeDim:64]]
[2020.05.04-21.44.08:733][  0]LogConfig: Setting CVar [[r.RefractionQuality:2]]
[2020.05.04-21.44.08:733][  0]LogConfig: Setting CVar [[r.SSR.Quality:3]]
[2020.05.04-21.44.08:733][  0]LogConfig: Setting CVar [[r.SSR.HalfResSceneColor:0]]
[2020.05.04-21.44.08:733][  0]LogConfig: Setting CVar [[r.SceneColorFormat:4]]
[2020.05.04-21.44.08:733][  0]LogConfig: Setting CVar [[r.DetailMode:2]]
[2020.05.04-21.44.08:733][  0]LogConfig: Setting CVar [[r.TranslucencyVolumeBlur:1]]
[2020.05.04-21.44.08:733][  0]LogConfig: Setting CVar [[r.MaterialQualityLevel:1 ; High quality]]
[2020.05.04-21.44.08:733][  0]LogConfig: Setting CVar [[r.SSS.Scale:1]]
[2020.05.04-21.44.08:733][  0]LogConfig: Setting CVar [[r.SSS.SampleSet:2]]
[2020.05.04-21.44.08:733][  0]LogConfig: Setting CVar [[r.SSS.Quality:1]]
[2020.05.04-21.44.08:733][  0]LogConfig: Setting CVar [[r.SSS.HalfRes:1]]
[2020.05.04-21.44.08:733][  0]LogConfig: Setting CVar [[r.SSGI.Quality:3]]
[2020.05.04-21.44.08:733][  0]LogConfig: Setting CVar [[r.EmitterSpawnRateScale:1.0]]
[2020.05.04-21.44.08:733][  0]LogConfig: Setting CVar [[r.ParticleLightQuality:2]]
[2020.05.04-21.44.08:733][  0]LogConfig: Setting CVar [[r.SkyAtmosphere.AerialPerspectiveLUT.FastApplyOnOpaque:1 ; Always have FastSkyLUT 1 in this case to avoid wrong sky]]
[2020.05.04-21.44.08:733][  0]LogConfig: Setting CVar [[r.SkyAtmosphere.AerialPerspectiveLUT.SampleCountPerSlice:1]]
[2020.05.04-21.44.08:733][  0]LogConfig: Setting CVar [[r.SkyAtmosphere.AerialPerspectiveLUT.DepthResolution:16.0]]
[2020.05.04-21.44.08:733][  0]LogConfig: Setting CVar [[r.SkyAtmosphere.FastSkyLUT:1]]
[2020.05.04-21.44.08:733][  0]LogConfig: Setting CVar [[r.SkyAtmosphere.FastSkyLUT.SampleCountMin:4.0]]
[2020.05.04-21.44.08:733][  0]LogConfig: Setting CVar [[r.SkyAtmosphere.FastSkyLUT.SampleCountMax:32.0]]
[2020.05.04-21.44.08:733][  0]LogConfig: Setting CVar [[r.SkyAtmosphere.SampleCountMin:4.0]]
[2020.05.04-21.44.08:733][  0]LogConfig: Setting CVar [[r.SkyAtmosphere.SampleCountMax:32.0]]
[2020.05.04-21.44.08:733][  0]LogConfig: Setting CVar [[r.SkyAtmosphere.TransmittanceLUT.UseSmallFormat:0]]
[2020.05.04-21.44.08:733][  0]LogConfig: Setting CVar [[r.SkyAtmosphere.TransmittanceLUT.SampleCount:10.0]]
[2020.05.04-21.44.08:733][  0]LogConfig: Setting CVar [[r.SkyAtmosphere.MultiScatteringLUT.SampleCount:15.0]]
[2020.05.04-21.44.08:734][  0]LogConfig: Applying CVar settings from Section [FoliageQuality@3] File [D:/Documents/GitHub/CelestialPioneer/CelestialPioneers/Saved/Config/Windows/Scalability.ini]
[2020.05.04-21.44.08:734][  0]LogConfig: Setting CVar [[foliage.DensityScale:1.0]]
[2020.05.04-21.44.08:734][  0]LogConfig: Setting CVar [[grass.DensityScale:1.0]]
[2020.05.04-21.44.08:734][  0]LogConfig: Applying CVar settings from Section [ShadingQuality@3] File [D:/Documents/GitHub/CelestialPioneer/CelestialPioneers/Saved/Config/Windows/Scalability.ini]
[2020.05.04-21.44.08:734][  0]LogConfig: Setting CVar [[r.HairStrands.SkyLighting.SampleCount:16]]
[2020.05.04-21.44.08:734][  0]LogConfig: Setting CVar [[r.HairStrands.SkyLighting.JitterIntegration:0]]
[2020.05.04-21.44.08:734][  0]LogConfig: Setting CVar [[r.HairStrands.SkyAO.SampleCount:16]]
[2020.05.04-21.44.08:734][  0]LogConfig: Applying CVar settings from Section [Startup] File [../../../Engine/Config/ConsoleVariables.ini]
[2020.05.04-21.44.08:734][  0]LogConfig: Setting CVar [[net.UseAdaptiveNetUpdateFrequency:0]]
[2020.05.04-21.44.08:734][  0]LogConfig: Setting CVar [[p.chaos.AllowCreatePhysxBodies:1]]
[2020.05.04-21.44.08:734][  0]LogConfig: Applying CVar settings from Section [ConsoleVariables] File [D:/Documents/GitHub/CelestialPioneer/CelestialPioneers/Saved/Config/Windows/Engine.ini]
[2020.05.04-21.44.08:736][  0]LogInit: Computer: DESKTOP-8J787QJ
[2020.05.04-21.44.08:736][  0]LogInit: User: Jacob
[2020.05.04-21.44.08:736][  0]LogInit: CPU Page size=4096, Cores=6
[2020.05.04-21.44.08:736][  0]LogInit: High frequency timer resolution =10.000000 MHz
[2020.05.04-21.44.08:736][  0]LogMemory: Memory total: Physical=15.9GB (16GB approx)
[2020.05.04-21.44.08:736][  0]LogMemory: Platform Memory Stats for Windows
[2020.05.04-21.44.08:736][  0]LogMemory: Process Physical Memory: 106.13 MB used, 106.14 MB peak
[2020.05.04-21.44.08:736][  0]LogMemory: Process Virtual Memory: 105.34 MB used, 105.34 MB peak
[2020.05.04-21.44.08:736][  0]LogMemory: Physical Memory: 5886.83 MB used,  10427.27 MB free, 16314.10 MB total
[2020.05.04-21.44.08:736][  0]LogMemory: Virtual Memory: 5163.30 MB used,  134212568.00 MB free, 134217728.00 MB total
[2020.05.04-21.44.08:754][  0]LogWindows: WindowsPlatformFeatures enabled
[2020.05.04-21.44.08:934][  0]LogInit: Using OS detected language (en-US).
[2020.05.04-21.44.08:934][  0]LogInit: Using OS detected locale (en-US).
[2020.05.04-21.44.08:935][  0]LogTextLocalizationManager: No specific localization for 'en-US' exists, so the 'en' localization will be used.
[2020.05.04-21.44.09:187][  0]LogInit: Setting process to per monitor DPI aware
[2020.05.04-21.44.09:257][  0]LogSlate: New Slate User Created.  User Index 0, Is Virtual User: 0
[2020.05.04-21.44.09:258][  0]LogSlate: Slate User Registered.  User Index 0, Is Virtual User: 0
[2020.05.04-21.44.09:608][  0]LogHMD: Failed to initialize OpenVR with code 110
[2020.05.04-21.44.09:608][  0]LogD3D11RHI: D3D11 min allowed feature level: 11_0
[2020.05.04-21.44.09:608][  0]LogD3D11RHI: D3D11 max allowed feature level: 11_0
[2020.05.04-21.44.09:608][  0]LogD3D11RHI: D3D11 adapters:
[2020.05.04-21.44.09:699][  0]LogD3D11RHI:    0. 'NVIDIA GeForce RTX 2060' (Feature Level 11_0)
[2020.05.04-21.44.09:699][  0]LogD3D11RHI:       5980/0/8157 MB DedicatedVideo/DedicatedSystem/SharedSystem, Outputs:1, VendorId:0x10de
[2020.05.04-21.44.09:703][  0]LogD3D11RHI:    1. 'Microsoft Basic Render Driver' (Feature Level 11_0)
[2020.05.04-21.44.09:703][  0]LogD3D11RHI:       0/0/8157 MB DedicatedVideo/DedicatedSystem/SharedSystem, Outputs:0, VendorId:0x1414
[2020.05.04-21.44.09:703][  0]LogD3D11RHI: Chosen D3D11 Adapter: 0
[2020.05.04-21.44.09:715][  0]LogD3D11RHI: Creating new Direct3DDevice
[2020.05.04-21.44.09:715][  0]LogD3D11RHI:     GPU DeviceId: 0x1f08 (for the marketing name, search the web for "GPU Device Id")
[2020.05.04-21.44.09:715][  0]LogWindows: EnumDisplayDevices:
[2020.05.04-21.44.09:715][  0]LogWindows:    0. 'NVIDIA GeForce RTX 2060' (P:1 D:1)
[2020.05.04-21.44.09:716][  0]LogWindows:    1. 'NVIDIA GeForce RTX 2060' (P:0 D:0)
[2020.05.04-21.44.09:716][  0]LogWindows:    2. 'NVIDIA GeForce RTX 2060' (P:0 D:0)
[2020.05.04-21.44.09:716][  0]LogWindows:    3. 'NVIDIA GeForce RTX 2060' (P:0 D:0)
[2020.05.04-21.44.09:716][  0]LogWindows: DebugString: FoundDriverCount:4 
[2020.05.04-21.44.09:716][  0]LogD3D11RHI:     Adapter Name: NVIDIA GeForce RTX 2060
[2020.05.04-21.44.09:716][  0]LogD3D11RHI:   Driver Version: 441.66 (internal:26.21.14.4166, unified:441.66)
[2020.05.04-21.44.09:716][  0]LogD3D11RHI:      Driver Date: 12-6-2019
[2020.05.04-21.44.09:716][  0]LogRHI: Texture pool is 4186 MB (70% of 5980 MB)
[2020.05.04-21.44.09:786][  0]LogD3D11RHI: RHI has support for 64 bit atomics
[2020.05.04-21.44.09:788][  0]LogD3D11RHI: Async texture creation enabled
[2020.05.04-21.44.09:817][  0]LogD3D11RHI: GPU Timing Frequency: 1000.000000 (Debug: 2 1)
[2020.05.04-21.44.10:262][  0]LogTargetPlatformManager: Display: Loaded TargetPlatform 'AllDesktop'
[2020.05.04-21.44.10:302][  0]LogTargetPlatformManager: Display: Loaded TargetPlatform 'Android'
[2020.05.04-21.44.10:302][  0]LogTargetPlatformManager: Display: Loaded TargetPlatform 'Android_ASTC'
[2020.05.04-21.44.10:302][  0]LogTargetPlatformManager: Display: Loaded TargetPlatform 'Android_ATC'
[2020.05.04-21.44.10:302][  0]LogTargetPlatformManager: Display: Loaded TargetPlatform 'Android_DXT'
[2020.05.04-21.44.10:302][  0]LogTargetPlatformManager: Display: Loaded TargetPlatform 'Android_ETC1'
[2020.05.04-21.44.10:302][  0]LogTargetPlatformManager: Display: Loaded TargetPlatform 'Android_ETC1a'
[2020.05.04-21.44.10:302][  0]LogTargetPlatformManager: Display: Loaded TargetPlatform 'Android_ETC2'
[2020.05.04-21.44.10:302][  0]LogTargetPlatformManager: Display: Loaded TargetPlatform 'Android_PVRTC'
[2020.05.04-21.44.10:302][  0]LogTargetPlatformManager: Display: Loaded TargetPlatform 'AndroidClient'
[2020.05.04-21.44.10:302][  0]LogTargetPlatformManager: Display: Loaded TargetPlatform 'Android_ASTCClient'
[2020.05.04-21.44.10:302][  0]LogTargetPlatformManager: Display: Loaded TargetPlatform 'Android_ATCClient'
[2020.05.04-21.44.10:302][  0]LogTargetPlatformManager: Display: Loaded TargetPlatform 'Android_DXTClient'
[2020.05.04-21.44.10:302][  0]LogTargetPlatformManager: Display: Loaded TargetPlatform 'Android_ETC1Client'
[2020.05.04-21.44.10:302][  0]LogTargetPlatformManager: Display: Loaded TargetPlatform 'Android_ETC1aClient'
[2020.05.04-21.44.10:302][  0]LogTargetPlatformManager: Display: Loaded TargetPlatform 'Android_ETC2Client'
[2020.05.04-21.44.10:303][  0]LogTargetPlatformManager: Display: Loaded TargetPlatform 'Android_PVRTCClient'
[2020.05.04-21.44.10:303][  0]LogTargetPlatformManager: Display: Loaded TargetPlatform 'Android_Multi'
[2020.05.04-21.44.10:303][  0]LogTargetPlatformManager: Display: Loaded TargetPlatform 'Android_MultiClient'
[2020.05.04-21.44.10:333][  0]LogTargetPlatformManager: Display: Loaded TargetPlatform 'IOSClient'
[2020.05.04-21.44.10:333][  0]LogTargetPlatformManager: Display: Loaded TargetPlatform 'IOS'
[2020.05.04-21.44.10:343][  0]LogTargetPlatformManager: Display: Loaded TargetPlatform 'LinuxNoEditor'
[2020.05.04-21.44.10:354][  0]LogTargetPlatformManager: Display: Loaded TargetPlatform 'LinuxClient'
[2020.05.04-21.44.10:365][  0]LogTargetPlatformManager: Display: Loaded TargetPlatform 'LinuxServer'
[2020.05.04-21.44.10:376][  0]LogTargetPlatformManager: Display: Loaded TargetPlatform 'LinuxAArch64NoEditor'
[2020.05.04-21.44.10:387][  0]LogTargetPlatformManager: Display: Loaded TargetPlatform 'LinuxAArch64Client'
[2020.05.04-21.44.10:396][  0]LogTargetPlatformManager: Display: Loaded TargetPlatform 'LinuxAArch64Server'
[2020.05.04-21.44.10:427][  0]LogTargetPlatformManager: Display: Loaded TargetPlatform 'Lumin'
[2020.05.04-21.44.10:427][  0]LogTargetPlatformManager: Display: Loaded TargetPlatform 'LuminClient'
[2020.05.04-21.44.10:445][  0]LogTargetPlatformManager: Display: Loaded TargetPlatform 'TVOSClient'
[2020.05.04-21.44.10:445][  0]LogTargetPlatformManager: Display: Loaded TargetPlatform 'TVOS'
[2020.05.04-21.44.10:456][  0]LogTargetPlatformManager: Display: Loaded TargetPlatform 'WindowsNoEditor'
[2020.05.04-21.44.10:468][  0]LogTargetPlatformManager: Display: Loaded TargetPlatform 'Windows'
[2020.05.04-21.44.10:479][  0]LogTargetPlatformManager: Display: Loaded TargetPlatform 'WindowsClient'
[2020.05.04-21.44.10:490][  0]LogTargetPlatformManager: Display: Loaded TargetPlatform 'WindowsServer'
[2020.05.04-21.44.10:490][  0]LogTargetPlatformManager: Display: Building Assets For Windows
[2020.05.04-21.44.10:501][  0]LogAudioDebug: Display: Lib vorbis DLL was dynamically loaded.
[2020.05.04-21.44.10:626][  0]LogShaderCompilers: Guid format shader working directory is -9 characters bigger than the processId version (D:/Documents/GitHub/CelestialPioneer/CelestialPioneers/Intermediate/Shaders/WorkingDirectory/18048/).
[2020.05.04-21.44.10:626][  0]LogShaderCompilers: Cleaned the shader compiler working directory 'C:/Users/Jacob/AppData/Local/Temp/UnrealShaderWorkingDir/30C044C247BB426FA1BE74A6EE64439D/'.
[2020.05.04-21.44.10:628][  0]LogXGEController: Cleaning working directory: C:/Users/Jacob/AppData/Local/Temp/UnrealXGEWorkingDir/
[2020.05.04-21.44.10:629][  0]LogXGEController: Cannot use XGE Controller as Incredibuild is not installed on this machine.
[2020.05.04-21.44.10:629][  0]LogShaderCompilers: Cannot use XGE Shader Compiler as Incredibuild is not installed on this machine.
[2020.05.04-21.44.10:629][  0]LogShaderCompilers: Display: Using Local Shader Compiler.
[2020.05.04-21.44.11:576][  0]LogDerivedDataCache: Display: Max Cache Size: 512 MB
[2020.05.04-21.44.11:824][  0]LogDerivedDataCache: Loaded boot cache 0.25s 78MB C:/Users/Jacob/AppData/Local/UnrealEngine/4.24/DerivedDataCache/Boot.ddc.
[2020.05.04-21.44.11:825][  0]LogDerivedDataCache: Display: Loaded Boot cache: C:/Users/Jacob/AppData/Local/UnrealEngine/4.24/DerivedDataCache/Boot.ddc
[2020.05.04-21.44.11:825][  0]LogDerivedDataCache: FDerivedDataBackendGraph:  Pak pak cache file D:/Documents/GitHub/CelestialPioneer/CelestialPioneers/DerivedDataCache/DDC.ddp not found, will not use a pak cache.
[2020.05.04-21.44.11:825][  0]LogDerivedDataCache: Unable to find inner node Pak for hierarchical cache Hierarchy.
[2020.05.04-21.44.11:825][  0]LogDerivedDataCache: FDerivedDataBackendGraph:  CompressedPak pak cache file D:/Documents/GitHub/CelestialPioneer/CelestialPioneers/DerivedDataCache/Compressed.ddp not found, will not use a pak cache.
[2020.05.04-21.44.11:825][  0]LogDerivedDataCache: Unable to find inner node CompressedPak for hierarchical cache Hierarchy.
[2020.05.04-21.44.11:839][  0]LogDerivedDataCache: Display: Pak cache opened for reading ../../../Engine/DerivedDataCache/Compressed.ddp.
[2020.05.04-21.44.11:839][  0]LogDerivedDataCache: FDerivedDataBackendGraph:  EnterprisePak pak cache file ../../../Enterprise/DerivedDataCache/Compressed.ddp not found, will not use a pak cache.
[2020.05.04-21.44.11:839][  0]LogDerivedDataCache: Unable to find inner node EnterprisePak for hierarchical cache Hierarchy.
[2020.05.04-21.44.11:842][  0]LogDerivedDataCache: Using Local data cache path C:/Users/Jacob/AppData/Local/UnrealEngine/Common/DerivedDataCache: Writable
[2020.05.04-21.44.11:842][  0]LogDerivedDataCache: Shared data cache path not found in *engine.ini, will not use an Shared cache.
[2020.05.04-21.44.11:842][  0]LogDerivedDataCache: Unable to find inner node Shared for hierarchical cache Hierarchy.
[2020.05.04-21.44.11:871][  0]LogMaterial: Verifying Global Shaders for PCD3D_SM5
[2020.05.04-21.44.11:883][  0]LogSlate: Using FreeType 2.10.0
[2020.05.04-21.44.11:889][  0]LogSlate: SlateFontServices - WITH_FREETYPE: 1, WITH_HARFBUZZ: 1
[2020.05.04-21.44.12:031][  0]LogAssetRegistry: FAssetRegistry took 0.0084 seconds to start up
[2020.05.04-21.44.12:489][  0]LogInit: Selected Device Profile: [Windows]
[2020.05.04-21.44.12:795][  0]LogMeshReduction: Using QuadricMeshReduction for automatic static mesh reduction
[2020.05.04-21.44.12:795][  0]LogMeshReduction: Using SimplygonMeshReduction for automatic skeletal mesh reduction
[2020.05.04-21.44.12:795][  0]LogMeshReduction: Using ProxyLODMeshReduction for automatic mesh merging
[2020.05.04-21.44.12:795][  0]LogMeshReduction: No distributed automatic mesh merging module available
[2020.05.04-21.44.12:795][  0]LogMeshMerging: No distributed automatic mesh merging module available
[2020.05.04-21.44.12:831][  0]LogNetVersion: CelestialPioneers 1.0.0, NetCL: 10570792, EngineNetVer: 13, GameNetVer: 0 (Checksum: 4214005364)
[2020.05.04-21.44.15:149][  0]LogPackageLocalizationCache: Processed 10 localized package path(s) for 1 prioritized culture(s) in 0.046645 seconds
[2020.05.04-21.44.15:160][  0]LogUObjectArray: 46746 objects as part of root set at end of initial load.
[2020.05.04-21.44.15:160][  0]LogUObjectAllocator: 8135816 out of 0 bytes used by permanent object pool.
[2020.05.04-21.44.15:160][  0]LogUObjectArray: CloseDisregardForGC: 0/0 objects in disregard for GC pool
[2020.05.04-21.44.16:145][  0]LogTcpMessaging: Initializing TcpMessaging bridge
[2020.05.04-21.44.16:154][  0]LogUdpMessaging: Initializing bridge on interface 0.0.0.0:0 to multicast group 230.0.0.1:6666.
[2020.05.04-21.44.16:316][  0]SourceControl: Source control is disabled
[2020.05.04-21.44.16:317][  0]SourceControl: Source control is disabled
[2020.05.04-21.44.16:330][  0]SourceControl: Source control is disabled
[2020.05.04-21.44.16:339][  0]SourceControl: Source control is disabled
[2020.05.04-21.44.16:347][  0]SourceControl: Source control is disabled
[2020.05.04-21.44.16:668][  0]LogAndroidPermission: UAndroidPermissionCallbackProxy::GetInstance
[2020.05.04-21.44.16:699][  0]LogAudioCaptureCore: Display: No Audio Capture implementations found. Audio input will be silent.
[2020.05.04-21.44.16:699][  0]LogAudioCaptureCore: Display: No Audio Capture implementations found. Audio input will be silent.
[2020.05.04-21.44.16:863][  0]LogOcInput: OculusInput pre-init called
[2020.05.04-21.44.16:884][  0]LogWindows: Failed to load 'OVRPlugin.dll' (GetLastError=126)
[2020.05.04-21.44.16:884][  0]LogWindows: File 'OVRPlugin.dll' does not exist
[2020.05.04-21.44.17:044][  0]LogEngine: Initializing Engine...
[2020.05.04-21.44.17:046][  0]LogHMD: Failed to initialize OpenVR with code 110
[2020.05.04-21.44.17:052][  0]LogStats: UGameplayTagsManager::InitializeManager -  0.003 s
[2020.05.04-21.44.17:451][  0]LogInit: Initializing FReadOnlyCVARCache
[2020.05.04-21.44.17:506][  0]LogAIModule: Creating AISystem for world Untitled
[2020.05.04-21.44.17:521][  0]LogAudioMixer: Display: Audio Mixer Platform Settings:
[2020.05.04-21.44.17:521][  0]LogAudioMixer: Display: 	Sample Rate:						  48000
[2020.05.04-21.44.17:521][  0]LogAudioMixer: Display: 	Callback Buffer Frame Size Requested: 256
[2020.05.04-21.44.17:521][  0]LogAudioMixer: Display: 	Callback Buffer Frame Size To Use:	  256
[2020.05.04-21.44.17:522][  0]LogAudioMixer: Display: 	Number of buffers to queue:			  7
[2020.05.04-21.44.17:522][  0]LogAudioMixer: Display: 	Max Channels (voices):				  32
[2020.05.04-21.44.17:522][  0]LogAudioMixer: Display: 	Number of Async Source Workers:		  0
[2020.05.04-21.44.17:522][  0]LogAudio: Display: AudioDevice MaxSources: 32
[2020.05.04-21.44.17:523][  0]LogAudio: Display: Using built-in audio occlusion.
[2020.05.04-21.44.17:523][  0]LogAudioMixer: Display: Initializing audio mixer.
[2020.05.04-21.44.17:548][  0]LogAudioMixer: Display: Audio Device Output Speaker Info:
[2020.05.04-21.44.17:548][  0]LogAudioMixer: Display: Name: Speakers (Yeti Stereo Microphone)
[2020.05.04-21.44.17:548][  0]LogAudioMixer: Display: Is Default: Yes
[2020.05.04-21.44.17:548][  0]LogAudioMixer: Display: Sample Rate: 48000
[2020.05.04-21.44.17:548][  0]LogAudioMixer: Display: Channel Count Used: 2
[2020.05.04-21.44.17:548][  0]LogAudioMixer: Display: Device Channel Count: 2
[2020.05.04-21.44.17:548][  0]LogAudioMixer: Display: Channel Order:
[2020.05.04-21.44.17:548][  0]LogAudioMixer: Display: 0: FrontLeft
[2020.05.04-21.44.17:548][  0]LogAudioMixer: Display: 1: FrontRight
[2020.05.04-21.44.17:567][  0]LogAudioMixer: Display: Using Audio Device Speakers (Yeti Stereo Microphone)
[2020.05.04-21.44.17:575][  0]LogInit: FAudioDevice initialized.
[2020.05.04-21.44.17:575][  0]LogNetVersion: Set ProjectVersion to 1.0.0.0. Version Checksum will be recalculated on next use.
[2020.05.04-21.44.17:698][  0]LogDerivedDataCache: Saved boot cache 0.12s 78MB C:/Users/Jacob/AppData/Local/UnrealEngine/4.24/DerivedDataCache/Boot.ddc.
[2020.05.04-21.44.17:700][  0]LogInit: Texture streaming: Enabled
[2020.05.04-21.44.17:761][  0]LogEngineSessionManager: EngineSessionManager initialized
[2020.05.04-21.44.17:762][  0]LogEditorSessionSummary: Verbose: Initializing EditorSessionSummaryWriter for editor session tracking
[2020.05.04-21.44.17:766][  0]LogEditorSessionSummary: EditorSessionSummaryWriter initialized
[2020.05.04-21.44.17:838][  0]LogInit: Transaction tracking system initialized
[2020.05.04-21.44.17:903][  0]BlueprintLog: New page: Editor Load
[2020.05.04-21.44.18:086][  0]LocalizationService: Localization service is disabled
[2020.05.04-21.44.18:570][  0]LogAutoReimportManager: Warning: Unable to watch directory D:/Documents/GitHub/CelestialPioneer/CelestialPioneers/Content/ as it will conflict with another watching D:/Documents/GitHub/CelestialPioneer/CelestialPioneers/Content/.
[2020.05.04-21.44.18:570][  0]LogAutoReimportManager: Warning: Unable to watch directory D:/Documents/GitHub/CelestialPioneer/CelestialPioneers/Content/ as it will conflict with another watching D:/Documents/GitHub/CelestialPioneer/CelestialPioneers/Content/.
[2020.05.04-21.44.18:592][  0]LogFileCache: Scanning file cache for directory 'D:/Documents/GitHub/CelestialPioneer/CelestialPioneers/Content/' took 0.00s
[2020.05.04-21.44.18:592][  0]LogCook: Display: Max memory allowance for cook 16384mb min free memory 0mb
[2020.05.04-21.44.18:592][  0]LogCook: Display: Mobile HDR setting 1
[2020.05.04-21.44.19:545][  0]SourceControl: Source control is disabled
[2020.05.04-21.44.19:547][  0]Cmd: MAP LOAD FILE="D:/Documents/GitHub/CelestialPioneer/CelestialPioneers/Content/StarterContent/Maps/Minimal_Default.umap" TEMPLATE=0 SHOWPROGRESS=1 FEATURELEVEL=3
[2020.05.04-21.44.19:548][  0]LogEditorServer: Warning: Can't find file 'D:/Documents/GitHub/CelestialPioneer/CelestialPioneers/Content/StarterContent/Maps/Minimal_Default.umap'
[2020.05.04-21.44.19:548][  0]Cmd: MAP CHECKDEP NOCLEARLOG
[2020.05.04-21.44.19:549][  0]MapCheck: Map check complete: 0 Error(s), 0 Warning(s), took 0.721ms to complete.
[2020.05.04-21.44.19:549][  0]LogFileHelpers: Loading map 'Minimal_Default' took 0.003
[2020.05.04-21.44.19:789][  0]LogSlate: Updating window title bar state: overlay mode, drag disabled, window buttons hidden, title bar hidden
[2020.05.04-21.44.19:797][  0]LogSlate: Updating window title bar state: overlay mode, drag disabled, window buttons hidden, title bar hidden
[2020.05.04-21.44.19:804][  0]LogSlate: Updating window title bar state: overlay mode, drag disabled, window buttons hidden, title bar hidden
[2020.05.04-21.44.19:810][  0]LogSlate: Updating window title bar state: overlay mode, drag disabled, window buttons hidden, title bar hidden
[2020.05.04-21.44.19:831][  0]LogCollectionManager: Loaded 0 collections in 0.002259 seconds
[2020.05.04-21.44.19:954][  0]LogFileCache: Scanning file cache for directory 'D:/Documents/GitHub/CelestialPioneer/CelestialPioneers/Saved/Collections/' took 0.00s
[2020.05.04-21.44.19:954][  0]LogFileCache: Scanning file cache for directory 'D:/Documents/GitHub/CelestialPioneer/CelestialPioneers/Content/Developers/Jacob/Collections/' took 0.00s
[2020.05.04-21.44.19:954][  0]LogFileCache: Scanning file cache for directory 'D:/Documents/GitHub/CelestialPioneer/CelestialPioneers/Content/Collections/' took 0.00s
[2020.05.04-21.44.19:954][  0]LogContentBrowser: Native class hierarchy populated in 0.0193 seconds. Added 3015 classes and 717 folders.
[2020.05.04-21.44.19:964][  0]LogContentBrowser: Native class hierarchy updated for 'WidgetCarousel' in 0.0003 seconds. Added 0 classes and 0 folders.
[2020.05.04-21.44.20:120][  0]LogContentBrowser: Native class hierarchy updated for 'AddContentDialog' in 0.0003 seconds. Added 0 classes and 0 folders.
[2020.05.04-21.44.20:136][  0]LogContentBrowser: Native class hierarchy updated for 'SceneOutliner' in 0.0005 seconds. Added 2 classes and 3 folders.
[2020.05.04-21.44.20:246][  0]LogSlate: Took 0.001396 seconds to synchronously load lazily loaded font '../../../Engine/Content/Slate/Fonts/Roboto-Regular.ttf' (155K)
[2020.05.04-21.44.20:250][  0]LogSlate: Took 0.001327 seconds to synchronously load lazily loaded font '../../../Engine/Content/Slate/Fonts/Roboto-Bold.ttf' (160K)
[2020.05.04-21.44.20:258][  0]LogSlate: Took 0.001757 seconds to synchronously load lazily loaded font '../../../Engine/Content/Editor/Slate/Fonts/FontAwesome.ttf' (139K)
[2020.05.04-21.44.20:352][  0]LogRenderer: Reallocating scene render targets to support 1056x556 Format 10 NumSamples 1 (Frame:1).
[2020.05.04-21.44.20:480][  0]LogContentBrowser: Native class hierarchy updated for 'HierarchicalLODOutliner' in 0.0004 seconds. Added 0 classes and 0 folders.
[2020.05.04-21.44.20:480][  0]LogLoad: (Engine Initialization) Total time: 15.00 seconds
[2020.05.04-21.44.20:480][  0]LogLoad: (Engine Initialization) Total Blueprint compile time: 0.00 seconds
[2020.05.04-21.44.20:542][  0]LogContentStreaming: Texture pool size now 1000 MB
[2020.05.04-21.44.20:573][  1]LogFileCache: Retrieving MD5 hashes for directory 'D:/Documents/GitHub/CelestialPioneer/CelestialPioneers/Content/' took 0.08s
[2020.05.04-21.44.20:708][  3]LogAssetRegistry: Asset discovery search completed in 8.6789 seconds
[2020.05.04-21.44.20:715][  3]LogCollectionManager: Fixed up redirectors for 0 collections in 0.000013 seconds (updated 0 objects)
[2020.05.04-21.44.24:576][456]LogSlate: Took 0.000968 seconds to synchronously load lazily loaded font '../../../Engine/Content/Slate/Fonts/Roboto-Light.ttf' (167K)
[2020.05.04-21.44.29:897][ 71]LogSlate: Took 0.000194 seconds to synchronously load lazily loaded font '../../../Engine/Content/Slate/Fonts/Roboto-Light.ttf' (167K)
[2020.05.04-21.44.32:643][ 71]LogAIModule: Creating AISystem for world Space
[2020.05.04-21.44.32:952][ 71]LogAssetEditorSubsystem: Opening Asset editor for World /Game/Levels/Space.Space
[2020.05.04-21.44.33:159][ 71]LogUObjectHash: Compacting FUObjectHashTables data took   2.31ms
[2020.05.04-21.44.33:168][ 71]Cmd: MAP LOAD FILE="D:/Documents/GitHub/CelestialPioneer/CelestialPioneers/Content/Levels/Space.umap" TEMPLATE=0 SHOWPROGRESS=1 FEATURELEVEL=3
[2020.05.04-21.44.33:170][ 71]LightingResults: New page: Lighting Build
[2020.05.04-21.44.33:175][ 71]LogContentBrowser: Native class hierarchy updated for 'StatsViewer' in 0.0004 seconds. Added 5 classes and 0 folders.
[2020.05.04-21.44.33:176][ 71]LoadErrors: New page: Loading map: Space.umap
[2020.05.04-21.44.33:176][ 71]LogWorld: UWorld::CleanupWorld for Untitled, bSessionEnded=true, bCleanupResources=true
[2020.05.04-21.44.33:177][ 71]LogSlate: InvalidateAllWidgets triggered.  All widgets were invalidated
[2020.05.04-21.44.33:177][ 71]MapCheck: New page: Map Check
[2020.05.04-21.44.33:177][ 71]LightingResults: New page: Lighting Build
[2020.05.04-21.44.33:216][ 71]LogUObjectHash: Compacting FUObjectHashTables data took   1.73ms
[2020.05.04-21.44.33:223][ 71]LogPhysics: Warning: Scale for /Game/Levels/Space.Space:PersistentLevel.Venus.StaticMeshComponent0 has a component set to zero, which will result in a bad body instance. Scale:X=0.750 Y=0.750 Z=0.000
[2020.05.04-21.44.33:223][ 71]LogPhysics: Warning: PopulatePhysXGeometryAndTransform(Convex): ConvexElem has invalid transform
[2020.05.04-21.44.33:223][ 71]LogPhysics: Warning: ForeachShape(Convex): ScaledElem[0] invalid
[2020.05.04-21.44.33:231][ 71]LogEditorServer: Finished looking for orphan Actors (0.000 secs)
[2020.05.04-21.44.33:271][ 71]LogUObjectHash: Compacting FUObjectHashTables data took   1.50ms
[2020.05.04-21.44.33:300][ 71]Cmd: MAP CHECKDEP NOCLEARLOG
[2020.05.04-21.44.33:300][ 71]MapCheck: Map check complete: 0 Error(s), 0 Warning(s), took 0.086ms to complete.
[2020.05.04-21.44.33:300][ 71]LogFileHelpers: Loading map 'Space' took 0.134
[2020.05.04-21.46.27:027][613]LogAssetEditorSubsystem: Opening Asset editor for Blueprint /Game/MovementTest.MovementTest
[2020.05.04-21.46.27:313][613]LogContentBrowser: Native class hierarchy updated for 'BlueprintGraph' in 0.0007 seconds. Added 121 classes and 0 folders.
[2020.05.04-21.46.28:229][613]LogSlate: Took 0.001683 seconds to synchronously load lazily loaded font '../../../Engine/Content/Slate/Fonts/Roboto-BoldCondensed.ttf' (158K)
[2020.05.04-21.46.28:366][614]LogSlate: Took 0.001116 seconds to synchronously load lazily loaded font '../../../Engine/Content/Slate/Fonts/Roboto-Italic.ttf' (157K)
[2020.05.04-21.46.44:718][ 17]LogRenderer: Reallocating scene render targets to support 1056x688 Format 10 NumSamples 1 (Frame:1).
[2020.05.04-21.46.45:944][125]LogSlate: Window 'MovementTest' being destroyed
[2020.05.04-21.46.45:950][125]LogSlate: Window 'MovementTest' being destroyed
[2020.05.04-21.46.45:953][125]LogWorld: UWorld::CleanupWorld for World_6, bSessionEnded=true, bCleanupResources=true
[2020.05.04-21.46.45:953][125]LogSlate: InvalidateAllWidgets triggered.  All widgets were invalidated
[2020.05.04-21.48.11:753][714]Cmd: OBJ SAVEPACKAGE PACKAGE="/Game/Levels/Space" FILE="D:/Documents/GitHub/CelestialPioneer/CelestialPioneers/Content/Levels/Space.umap" SILENT=true AUTOSAVING=false KEEPDIRTY=false
[2020.05.04-21.48.11:797][714]LogUObjectHash: Compacting FUObjectHashTables data took   4.06ms
[2020.05.04-21.48.12:028][714]LogSavePackage: Moving 'D:/Documents/GitHub/CelestialPioneer/CelestialPioneers/Saved/Space08CF48D6442C778738097E9BCE4F9839.tmp' to 'D:/Documents/GitHub/CelestialPioneer/CelestialPioneers/Content/Levels/Space.umap'
[2020.05.04-21.48.12:068][714]AssetCheck: New page: Asset Save: Space
[2020.05.04-21.48.12:068][714]LogContentValidation: Display: Validating World /Game/Levels/Space.Space
[2020.05.04-21.48.13:385][863]LogUObjectHash: Compacting FUObjectHashTables data took   3.03ms
[2020.05.04-21.48.13:450][863]LogSlate: Window 'CelestialPioneers - Unreal Editor' being destroyed
[2020.05.04-21.48.13:450][863]LogWindowsTextInputMethodSystem: Display: IME system now deactivated.
[2020.05.04-21.48.13:572][864]Cmd: QUIT_EDITOR
[2020.05.04-21.48.13:572][864]LogCore: Engine exit requested (reason: UUnrealEdEngine::CloseEditor())
[2020.05.04-21.48.13:584][864]LogCore: Engine exit requested (reason: EngineExit() was called; note: exit was already requested)
[2020.05.04-21.48.13:584][864]LogAudioMixer: Display: No commands were queued while flushing the source manager.
