"../../../Engine/Content/Animation/DefaultAnimCurveCompressionSettings.uasset" 0
"../../../Engine/Content/Functions/Engine_MaterialFunctions01/Opacity/CameraDepthFade.uasset" 1
"../../../Engine/Content/EngineMaterials/T_Default_Material_Grid_M.uasset" 2
"../../../Engine/Content/EngineMaterials/T_Default_Material_Grid_N.uasset" 3
"../../../Engine/Content/EngineMaterials/WorldGridMaterial.uasset" 4
"../../../Engine/Content/ArtTools/RenderToTexture/Meshes/S_1_Unit_Plane.uasset" 5
"../../../Engine/Content/EngineMaterials/DefaultMaterial.uasset" 6
"../../../Engine/Content/BasicShapes/Cone.uasset" 7
"../../../Engine/Content/BasicShapes/Cylinder.uasset" 8
"../../../Engine/Content/BasicShapes/Plane.uasset" 9
"../../../Engine/Content/BasicShapes/Sphere.uasset" 10
"../../../Engine/Content/EditorLandscapeResources/DataLayer.uasset" 11
"../../../Engine/Content/EditorMaterials/GizmoMaterial.uasset" 12
"../../../Engine/Content/EditorMaterials/MAT_Groups_Toggle.uasset" 13
"../../../Engine/Content/EditorMaterials/MAT_Groups_Visibility.uasset" 14
"../../../Engine/Content/EditorMaterials/PreviewShadowIndicator.uasset" 15
"../../../Engine/Content/EditorMaterials/PreviewShadowIndicatorMaterial.uasset" 16
"../../../Engine/Content/EditorMaterials/MatineeGroups/MAT_ColorTrack.uasset" 17
"../../../Engine/Content/EditorMaterials/MatineeGroups/MAT_Groups_Anim.uasset" 18
"../../../Engine/Content/EditorMaterials/MatineeGroups/MAT_Groups_AudioMaster.uasset" 19
"../../../Engine/Content/EditorMaterials/MatineeGroups/MAT_Groups_Director.uasset" 20
"../../../Engine/Content/EditorMaterials/MatineeGroups/MAT_Groups_Event.uasset" 21
"../../../Engine/Content/EditorMaterials/MatineeGroups/MAT_Groups_Fade.uasset" 22
"../../../Engine/Content/EditorMaterials/MatineeGroups/MAT_Groups_Float.uasset" 23
"../../../Engine/Content/EditorMaterials/MatineeGroups/MAT_Groups_Move.uasset" 24
"../../../Engine/Content/EditorMaterials/MatineeGroups/MAT_Groups_Slomo.uasset" 25
"../../../Engine/Content/EditorMaterials/MatineeGroups/MAT_Groups_Sound.uasset" 26
"../../../Engine/Content/EditorMaterials/MatineeGroups/MAT_Groups_Vector.uasset" 27
"../../../Engine/Content/EditorMaterials/ParticleSystems/PSysThumbnail_NoImage.uasset" 28
"../../../Engine/Content/EditorMaterials/ParticleSystems/PSysThumbnail_OOD.uasset" 29
"../../../Engine/Content/EditorMaterials/Camera/CineMat.uasset" 30
"../../../Engine/Content/EditorMaterials/Camera/MI_CineMat_Rig.uasset" 31
"../../../Engine/Content/EditorMeshes/Camera/SM_CraneRig_Arm.uasset" 32
"../../../Engine/Content/EditorMeshes/Camera/SM_CraneRig_Base.uasset" 33
"../../../Engine/Content/EditorMeshes/Camera/SM_CraneRig_Body.uasset" 34
"../../../Engine/Content/EditorMeshes/Camera/SM_CraneRig_Mount.uasset" 35
"../../../Engine/Content/EditorMeshes/Camera/SM_RailRig_Mount.uasset" 36
"../../../Engine/Content/EditorMeshes/Camera/SM_RailRig_Track.uasset" 37
"../../../Engine/Content/EditorResources/BSPVertex.uasset" 38
"../../../Engine/Content/EditorResources/EmptyActor.uasset" 39
"../../../Engine/Content/EditorResources/S_Actor.uasset" 40
"../../../Engine/Content/EditorResources/S_Note.uasset" 41
"../../../Engine/Content/EditorResources/S_Solver.uasset" 42
"../../../Engine/Content/EditorResources/S_Trigger.uasset" 43
"../../../Engine/Content/EditorResources/LightIcons/S_LightError.uasset" 44
"../../../Engine/Content/EditorResources/SequenceRecorder/Countdown.uasset" 45
"../../../Engine/Content/EditorResources/SequenceRecorder/RecordingIndicator.uasset" 46
"../../../Engine/Content/EditorSounds/Notifications/CompileFailed.uasset" 47
"../../../Engine/Content/EditorSounds/Notifications/CompileFailed_Cue.uasset" 48
"../../../Engine/Content/EditorSounds/Notifications/CompileSuccess.uasset" 49
"../../../Engine/Content/EditorSounds/Notifications/CompileStart_Cue.uasset" 50
"../../../Engine/Content/EditorSounds/Notifications/CompileSuccess_Cue.uasset" 51
"../../../Engine/Content/EngineDamageTypes/DmgTypeBP_Environmental.uasset" 52
"../../../Engine/Content/EngineDebugMaterials/HeatmapGradient.uasset" 53
"../../../Engine/Content/EngineDebugMaterials/BoneWeightMaterial.uasset" 54
"../../../Engine/Content/EngineDebugMaterials/ClothMaterial.uasset" 55
"../../../Engine/Content/EngineDebugMaterials/ClothMaterial_WF.uasset" 56
"../../../Engine/Content/EngineDebugMaterials/DebugEditorMaterial.uasset" 57
"../../../Engine/Content/EngineDebugMaterials/DebugMeshMaterial.uasset" 58
"../../../Engine/Content/EngineDebugMaterials/GeomMaterial.uasset" 59
"../../../Engine/Content/EngineDebugMaterials/M_SimpleTranslucent.uasset" 60
"../../../Engine/Content/Functions/Engine_MaterialFunctions02/Utility/CameraDirectionVector.uasset" 61
"../../../Engine/Content/EngineDebugMaterials/VolumeToRender.uasset" 62
"../../../Engine/Content/EngineDebugMaterials/M_VolumeRenderSphereTracePP.uasset" 63
"../../../Engine/Content/EngineDebugMaterials/WireframeMaterial.uasset" 64
"../../../Engine/Content/EngineFonts/Faces/RobotoBold.uasset" 65
"../../../Engine/Content/EngineFonts/Faces/RobotoBoldItalic.uasset" 66
"../../../Engine/Content/EngineFonts/Faces/RobotoItalic.uasset" 67
"../../../Engine/Content/EngineFonts/Faces/RobotoLight.uasset" 68
"../../../Engine/Content/EngineFonts/Faces/RobotoRegular.uasset" 69
"../../../Engine/Content/EngineFonts/Roboto.uasset" 70
"../../../Engine/Content/EngineMaterials/BaseFlattenDiffuseMap.uasset" 71
"../../../Engine/Content/EngineMaterials/BaseFlattenEmissiveMap.uasset" 72
"../../../Engine/Content/EngineMaterials/BaseFlattenGrayscaleMap.uasset" 73
"../../../Engine/Content/EngineMaterials/BaseFlattenNormalMap.uasset" 74
"../../../Engine/Content/EngineMaterials/BaseFlattenMaterial.uasset" 75
"../../../Engine/Content/EngineMaterials/BlueNoise.uasset" 76
"../../../Engine/Content/EngineMaterials/DefaultBloomKernel.uasset" 77
"../../../Engine/Content/EngineMaterials/DefaultBokeh.uasset" 78
"../../../Engine/Content/EngineMaterials/DefaultDiffuse.uasset" 79
"../../../Engine/Content/EngineMaterials/DefaultDeferredDecalMaterial.uasset" 80
"../../../Engine/Content/EngineMaterials/DefaultLightFunctionMaterial.uasset" 81
"../../../Engine/Content/EngineMaterials/DefaultPhysicalMaterial.uasset" 82
"../../../Engine/Content/Functions/Engine_MaterialFunctions02/Utility/BreakOutFloat2Components.uasset" 83
"../../../Engine/Content/EngineMaterials/DefaultPostProcessMaterial.uasset" 84
"../../../Engine/Content/EngineFonts/RobotoDistanceField.uasset" 85
"../../../Engine/Content/EngineMaterials/DefaultTextMaterialOpaque.uasset" 86
"../../../Engine/Content/EngineMaterials/DefaultVirtualTextureMaterial.uasset" 87
"../../../Engine/Content/EngineMaterials/DefaultWhiteGrid.uasset" 88
"../../../Engine/Content/EngineMaterials/EditorBrushMaterial.uasset" 89
"../../../Engine/Content/EngineMaterials/DefaultWhiteGrid_Low.uasset" 90
"../../../Engine/Content/EngineMaterials/EmissiveMeshMaterial.uasset" 91
"../../../Engine/Content/EngineMaterials/Good64x64TilingNoiseHighFreq.uasset" 92
"../../../Engine/Content/EngineMaterials/MiniFont.uasset" 93
"../../../Engine/Content/EngineMaterials/InvalidLightmapSettings.uasset" 94
"../../../Engine/Content/EngineMaterials/M_InvalidLightmapSettings.uasset" 95
"../../../Engine/Content/Functions/Engine_MaterialFunctions02/WorldPositionOffset/CameraOffset.uasset" 96
"../../../Engine/Content/EngineMaterials/PhAT_JointLimitMaterial.uasset" 97
"../../../Engine/Content/EngineMaterials/PreintegratedSkinBRDF.uasset" 98
"../../../Engine/Content/EngineMaterials/RemoveSurfaceMaterial.uasset" 99
"../../../Engine/Content/EngineMaterials/WeightMapPlaceholderTexture.uasset" 100
"../../../Engine/Content/EngineResources/WhiteSquareTexture.uasset" 101
"../../../Engine/Content/EngineMaterials/Widget3DPassThrough.uasset" 102
"../../../Engine/Content/EngineMaterials/Widget3DPassThrough_Masked.uasset" 103
"../../../Engine/Content/EngineMaterials/Widget3DPassThrough_Opaque.uasset" 104
"../../../Engine/Content/EngineMaterials/Widget3DPassThrough_Masked_OneSided.uasset" 105
"../../../Engine/Content/EngineMaterials/Widget3DPassThrough_Opaque_OneSided.uasset" 106
"../../../Engine/Content/EngineMaterials/Widget3DPassThrough_Translucent.uasset" 107
"../../../Engine/Content/EngineMaterials/Widget3DPassThrough_Translucent_OneSided.uasset" 108
"../../../Engine/Content/EngineMeshes/Cylinder.uasset" 109
"../../../Engine/Content/EngineMeshes/Sphere.uasset" 110
"../../../Engine/Content/EngineResources/Black.uasset" 111
"../../../Engine/Content/EngineResources/DefaultTexture.uasset" 112
"../../../Engine/Content/EngineResources/DefaultTextureCube.uasset" 113
"../../../Engine/Content/EngineResources/DefaultVolumeTexture2D.uasset" 114
"../../../Engine/Content/EngineResources/DefaultVolumeTexture.uasset" 115
"../../../Engine/Content/EngineResources/GradientTexture0.uasset" 116
"../../../Engine/Content/EngineSounds/Master.uasset" 117
"../../../Engine/Content/Functions/Engine_MaterialFunctions01/Shading/ConvertFromDiffSpec.uasset" 118
"../../../Engine/Content/Functions/Engine_MaterialFunctions01/Shading/PowerToRoughness.uasset" 119
"../../../Engine/Content/Maps/Templates/Thumbnails/Default.uasset" 120
"../../../Engine/Content/Maps/Templates/Thumbnails/VR-Basic.uasset" 121
"../../../Engine/Content/MobileResources/T_MobileControls_texture.uasset" 122
"../../../Engine/Content/MobileResources/T_MobileMenu2.uasset" 123
"../../../Engine/Content/MobileResources/HUD/AnalogHat.uasset" 124
"../../../Engine/Content/MobileResources/HUD/VirtualJoystick_Background.uasset" 125
"../../../Engine/Content/MobileResources/HUD/VirtualJoystick_Thumb.uasset" 126
"../../../Engine/Content/MobileResources/HUD/DefaultVirtualJoysticks.uasset" 127
"../../../Engine/Content/MobileResources/HUD/LeftVirtualJoystickOnly.uasset" 128
"../../../Engine/Content/MobileResources/HUD/MobileHUDButton1_off.uasset" 129
"../../../Engine/Content/MobileResources/HUD/MobileHUDButton1_on.uasset" 130
"../../../Engine/Content/MobileResources/HUD/MobileHUDButton2_off.uasset" 131
"../../../Engine/Content/MobileResources/HUD/MobileHUDButton2_on.uasset" 132
"../../../Engine/Content/MobileResources/HUD/MobileHUDButton3.uasset" 133
"../../../Engine/Content/MobileResources/HUD/MobileHUDButtonFire.uasset" 134
"../../../Engine/Content/MobileResources/HUD/MobileHUDDirectionPad.uasset" 135
"../../../Engine/Content/MobileResources/HUD/MobileHUDDirectionPad2.uasset" 136
"../../../Engine/Content/MobileResources/HUD/MobileHUDDirectionPad3.uasset" 137
"../../../Engine/Content/MobileResources/HUD/MobileHUDDirectionStick.uasset" 138
"../../../Engine/Content/MobileResources/HUD/T_Castle_ThumbstickInner.uasset" 139
"../../../Engine/Content/MobileResources/HUD/T_Castle_ThumbstickOutter.uasset" 140
"../../../Engine/Content/Tutorial/ContentIntroCurve.uasset" 141
"../../../Engine/Content/Tutorial/Basics/LevelEditorAttract.uasset" 142
"../../../Engine/Content/Tutorial/Installation/InstallingVisualStudioTutorial.uasset" 143
"../../../Engine/Content/VREditor/LaserPointer/VR_LaserPower_01.uasset" 144
"../../../Engine/Content/VREditor/TransformGizmo/TransformGizmoMaterial.uasset" 145
"../../../Engine/Content/VREditor/TransformGizmo/TranslucentTransformGizmoMaterial.uasset" 146
"../../../Engine/Content/VREditor/TransformGizmo/BoundingBoxCorner.uasset" 147
"../../../Engine/Content/VREditor/TransformGizmo/BoundingBoxEdge.uasset" 148
"../../../Engine/Content/VREditor/TransformGizmo/PlaneTranslationHandle.uasset" 149
"../../../Engine/Content/VREditor/TransformGizmo/Main.uasset" 150
"../../../Engine/Content/VREditor/TransformGizmo/Xray.uasset" 151
"../../../Engine/Content/VREditor/TransformGizmo/SM_Sequencer_Key.uasset" 152
"../../../Engine/Content/VREditor/TransformGizmo/SM_Sequencer_Node.uasset" 153
"../../Plugins/2D/Paper2D/Content/PlaceholderTextures/DummySpriteTexture.uasset" 154
"../../Plugins/2D/Paper2D/Content/DummySprite.uasset" 155
"../../Plugins/2D/Paper2D/Content/DefaultPaperTerrainMaterial.uasset" 156
"../../Plugins/2D/Paper2D/Content/DummySpriteTexture.uasset" 157
"../../Plugins/2D/Paper2D/Content/DefaultSpriteMaterial.uasset" 158
"../../Plugins/2D/Paper2D/Content/MaskedUnlitSpriteMaterial.uasset" 159
"../../Plugins/2D/Paper2D/Content/OpaqueUnlitSpriteMaterial.uasset" 160
"../../Plugins/Runtime/Oculus/OculusVR/Content/OculusMR_RenderTarget.uasset" 161
"../../../Engine/Content/Functions/Engine_MaterialFunctions02/Utility/BreakOutFloat4Components.uasset" 162
"../../../Engine/Content/Functions/Engine_MaterialFunctions02/Utility/MakeFloat2.uasset" 163
"../../../Engine/Content/Functions/Engine_MaterialFunctions02/Utility/MakeFloat3.uasset" 164
"../../Plugins/Runtime/Oculus/OculusVR/Content/Materials/OculusMR_ChromaKey.uasset" 165
"../../Plugins/Runtime/Oculus/OculusVR/Content/Materials/OculusMR_ChromaKey_Lit.uasset" 166
"../../Plugins/Runtime/Oculus/OculusVR/Content/Materials/OculusMR_OpaqueColoredMaterial.uasset" 167
"../../Plugins/Runtime/Oculus/OculusVR/Content/Materials/OculusMR_WhiteMaterial.uasset" 168
"../../../Engine/Content/EditorBlueprintResources/StandardMacros.uasset" 169
"C:/Users/judso/Documents/GitHub/CelestialPioneer/CelestialPioneers/Content/Textures/cloud1.uasset" 170
"C:/Users/judso/Documents/GitHub/CelestialPioneer/CelestialPioneers/Content/Textures/planet13.uasset" 171
"C:/Users/judso/Documents/GitHub/CelestialPioneer/CelestialPioneers/Content/Materials/PlanetMaterials/Planet_Mat.uasset" 172
"C:/Users/judso/Documents/GitHub/CelestialPioneer/CelestialPioneers/Content/Textures/planet1.uasset" 173
"C:/Users/judso/Documents/GitHub/CelestialPioneer/CelestialPioneers/Content/Materials/PlanetMaterials/planet1.uasset" 174
"C:/Users/judso/Documents/GitHub/CelestialPioneer/CelestialPioneers/Content/Textures/cloud2.uasset" 175
"C:/Users/judso/Documents/GitHub/CelestialPioneer/CelestialPioneers/Content/Textures/planet10.uasset" 176
"C:/Users/judso/Documents/GitHub/CelestialPioneer/CelestialPioneers/Content/Materials/PlanetMaterials/planet10.uasset" 177
"C:/Users/judso/Documents/GitHub/CelestialPioneer/CelestialPioneers/Content/Textures/cloud3.uasset" 178
"C:/Users/judso/Documents/GitHub/CelestialPioneer/CelestialPioneers/Content/Textures/planet11.uasset" 179
"C:/Users/judso/Documents/GitHub/CelestialPioneer/CelestialPioneers/Content/Materials/PlanetMaterials/planet11.uasset" 180
"C:/Users/judso/Documents/GitHub/CelestialPioneer/CelestialPioneers/Content/Textures/cloud4.uasset" 181
"C:/Users/judso/Documents/GitHub/CelestialPioneer/CelestialPioneers/Content/Textures/planet12.uasset" 182
"C:/Users/judso/Documents/GitHub/CelestialPioneer/CelestialPioneers/Content/Materials/PlanetMaterials/planet12.uasset" 183
"C:/Users/judso/Documents/GitHub/CelestialPioneer/CelestialPioneers/Content/Materials/PlanetMaterials/planet13.uasset" 184
"C:/Users/judso/Documents/GitHub/CelestialPioneer/CelestialPioneers/Content/Textures/planet14.uasset" 185
"C:/Users/judso/Documents/GitHub/CelestialPioneer/CelestialPioneers/Content/Materials/PlanetMaterials/planet14.uasset" 186
"C:/Users/judso/Documents/GitHub/CelestialPioneer/CelestialPioneers/Content/Textures/planet15.uasset" 187
"C:/Users/judso/Documents/GitHub/CelestialPioneer/CelestialPioneers/Content/Materials/PlanetMaterials/planet15.uasset" 188
"C:/Users/judso/Documents/GitHub/CelestialPioneer/CelestialPioneers/Content/Textures/planet16.uasset" 189
"C:/Users/judso/Documents/GitHub/CelestialPioneer/CelestialPioneers/Content/Materials/PlanetMaterials/planet16.uasset" 190
"C:/Users/judso/Documents/GitHub/CelestialPioneer/CelestialPioneers/Content/Textures/planet2.uasset" 191
"C:/Users/judso/Documents/GitHub/CelestialPioneer/CelestialPioneers/Content/Materials/PlanetMaterials/planet2.uasset" 192
"C:/Users/judso/Documents/GitHub/CelestialPioneer/CelestialPioneers/Content/Textures/planet3.uasset" 193
"C:/Users/judso/Documents/GitHub/CelestialPioneer/CelestialPioneers/Content/Materials/PlanetMaterials/planet3.uasset" 194
"C:/Users/judso/Documents/GitHub/CelestialPioneer/CelestialPioneers/Content/Textures/planet4.uasset" 195
"C:/Users/judso/Documents/GitHub/CelestialPioneer/CelestialPioneers/Content/Materials/PlanetMaterials/planet4.uasset" 196
"C:/Users/judso/Documents/GitHub/CelestialPioneer/CelestialPioneers/Content/Textures/planet5.uasset" 197
"C:/Users/judso/Documents/GitHub/CelestialPioneer/CelestialPioneers/Content/Materials/PlanetMaterials/planet5.uasset" 198
"C:/Users/judso/Documents/GitHub/CelestialPioneer/CelestialPioneers/Content/Textures/planet6.uasset" 199
"C:/Users/judso/Documents/GitHub/CelestialPioneer/CelestialPioneers/Content/Materials/PlanetMaterials/planet6.uasset" 200
"C:/Users/judso/Documents/GitHub/CelestialPioneer/CelestialPioneers/Content/Textures/planet7.uasset" 201
"C:/Users/judso/Documents/GitHub/CelestialPioneer/CelestialPioneers/Content/Materials/PlanetMaterials/planet7.uasset" 202
"C:/Users/judso/Documents/GitHub/CelestialPioneer/CelestialPioneers/Content/Textures/planet8.uasset" 203
"C:/Users/judso/Documents/GitHub/CelestialPioneer/CelestialPioneers/Content/Materials/PlanetMaterials/planet8.uasset" 204
"C:/Users/judso/Documents/GitHub/CelestialPioneer/CelestialPioneers/Content/Textures/planet9.uasset" 205
"C:/Users/judso/Documents/GitHub/CelestialPioneer/CelestialPioneers/Content/Materials/PlanetMaterials/planet9.uasset" 206
"C:/Users/judso/Documents/GitHub/CelestialPioneer/CelestialPioneers/Content/Meshes/planet_mesh.uasset" 207
"C:/Users/judso/Documents/GitHub/CelestialPioneer/CelestialPioneers/Content/Blueprints/Planet.uasset" 208
"C:/Users/judso/Documents/GitHub/CelestialPioneer/CelestialPioneers/Content/Blueprints/SpaceGameInstance.uasset" 209
"C:/Users/judso/Documents/GitHub/CelestialPioneer/CelestialPioneers/Content/Blueprints/SpaceSkybox_Params.uasset" 210
"../../../Engine/Content/EngineSky/T_Sky_Blue.uasset" 211
"../../../Engine/Content/EngineSky/T_Sky_Clouds_M.uasset" 212
"../../../Engine/Content/EngineSky/T_Sky_Stars.uasset" 213
"../../../Engine/Content/EngineSky/M_Sky_Panning_Clouds2.uasset" 214
"../../../Engine/Content/EngineSky/SM_SkySphere.uasset" 215
"C:/Users/judso/Documents/GitHub/CelestialPioneer/CelestialPioneers/Content/Blueprints/SpaceSkybox_Bp.uasset" 216
"C:/Users/judso/Documents/GitHub/CelestialPioneer/CelestialPioneers/Content/Meshes/Material.uasset" 217
"C:/Users/judso/Documents/GitHub/CelestialPioneer/CelestialPioneers/Content/Meshes/crane.uasset" 218
"C:/Users/judso/Documents/GitHub/CelestialPioneer/CelestialPioneers/Content/EnemyShip.uasset" 219
"C:/Users/judso/Documents/GitHub/CelestialPioneer/CelestialPioneers/Content/ExplorationMode.uasset" 220
"../../../Engine/Content/BasicShapes/BasicShapeMaterial.uasset" 221
"../../../Engine/Content/BasicShapes/Cube.uasset" 222
"C:/Users/judso/Documents/GitHub/CelestialPioneer/CelestialPioneers/Content/gui.uasset" 223
"C:/Users/judso/Documents/GitHub/CelestialPioneer/CelestialPioneers/Content/MovementTest.uasset" 224
"C:/Users/judso/Documents/GitHub/CelestialPioneer/CelestialPioneers/Content/RotationLock.uasset" 225
"../../../Engine/Content/EngineDebugMaterials/TangentColorMap.uasset" 226
"../../../Engine/Content/EngineDebugMaterials/TangentColorMaterial.uasset" 227
"../../../Engine/Content/Functions/Engine_MaterialFunctions02/3PointLevels.uasset" 228
"C:/Users/judso/Documents/GitHub/CelestialPioneer/CelestialPioneers/Content/Textures/Space_Tex.uasset" 229
"C:/Users/judso/Documents/GitHub/CelestialPioneer/CelestialPioneers/Content/Materials/PlanetMaterials/Space_Mat.uasset" 230
"C:/Users/judso/Documents/GitHub/CelestialPioneer/CelestialPioneers/Content/Meshes/anothership.uasset" 231
"C:/Users/judso/Documents/GitHub/CelestialPioneer/CelestialPioneers/Content/Levels/Space.umap" 232
"../../../Engine/Content/Maps/Entry_BuiltData.uasset" 233
"../../../Engine/Content/Maps/Entry.umap" 234
